<?xml version='1.0' encoding='UTF-8'?>
<result plugin="junit@1.11">
  <suites>
    <suite>
      <file>/var/lib/jenkins/jobs/ORCID-push_checker/workspace/orcid-api-common/target/surefire-reports/TEST-org.orcid.api.common.security.filter.impl.VisibilityFilterImplTest.xml</file>
      <name>org.orcid.api.common.security.filter.impl.VisibilityFilterImplTest</name>
      <duration>1.156</duration>
      <cases>
        <case>
          <duration>0.699</duration>
          <className>org.orcid.api.common.security.filter.impl.VisibilityFilterImplTest</className>
          <testName>testFilterStripWithVisibilities</testName>
          <skipped>false</skipped>
          <failedSince>0</failedSince>
        </case>
        <case>
          <duration>0.457</duration>
          <className>org.orcid.api.common.security.filter.impl.VisibilityFilterImplTest</className>
          <testName>testFilterStripWithNoVisibilities</testName>
          <skipped>false</skipped>
          <failedSince>0</failedSince>
        </case>
      </cases>
    </suite>
    <suite>
      <file>/var/lib/jenkins/jobs/ORCID-push_checker/workspace/orcid-api-common/target/surefire-reports/TEST-org.orcid.api.common.security.filter.impl.VisibilityFilterV2ImplTest.xml</file>
      <name>org.orcid.api.common.security.filter.impl.VisibilityFilterV2ImplTest</name>
      <duration>1.5749999</duration>
      <cases>
        <case>
          <duration>0.717</duration>
          <className>org.orcid.api.common.security.filter.impl.VisibilityFilterV2ImplTest</className>
          <testName>testFilterActivities</testName>
          <skipped>false</skipped>
          <failedSince>0</failedSince>
        </case>
        <case>
          <duration>0.246</duration>
          <className>org.orcid.api.common.security.filter.impl.VisibilityFilterV2ImplTest</className>
          <testName>testFilterActivitiesOnPublicAPI</testName>
          <skipped>false</skipped>
          <failedSince>0</failedSince>
        </case>
        <case>
          <duration>0.324</duration>
          <className>org.orcid.api.common.security.filter.impl.VisibilityFilterV2ImplTest</className>
          <testName>testFilterPersonalDetails</testName>
          <skipped>false</skipped>
          <failedSince>0</failedSince>
        </case>
        <case>
          <duration>0.288</duration>
          <className>org.orcid.api.common.security.filter.impl.VisibilityFilterV2ImplTest</className>
          <testName>testUnmarshall</testName>
          <skipped>false</skipped>
          <failedSince>0</failedSince>
        </case>
      </cases>
    </suite>
    <suite>
      <file>/var/lib/jenkins/jobs/ORCID-push_checker/workspace/orcid-api-common/target/surefire-reports/TEST-org.orcid.api.common.writer.citeproc.WorkToCiteprocTranslatorTest.xml</file>
      <name>org.orcid.api.common.writer.citeproc.WorkToCiteprocTranslatorTest</name>
      <duration>0.888</duration>
      <cases>
        <case>
          <duration>0.611</duration>
          <className>org.orcid.api.common.writer.citeproc.WorkToCiteprocTranslatorTest</className>
          <testName>testBibtexWorkTranslationHyperAuthorNoAbrev</testName>
          <skipped>false</skipped>
          <failedSince>0</failedSince>
        </case>
        <case>
          <duration>0.018</duration>
          <className>org.orcid.api.common.writer.citeproc.WorkToCiteprocTranslatorTest</className>
          <testName>testBibtexWorkTranslationHyperAuthorLiteralAndMissingDOI</testName>
          <skipped>false</skipped>
          <failedSince>0</failedSince>
        </case>
        <case>
          <duration>0.259</duration>
          <className>org.orcid.api.common.writer.citeproc.WorkToCiteprocTranslatorTest</className>
          <testName>testBibtexWorkTranslationHyperAuthor</testName>
          <skipped>false</skipped>
          <failedSince>0</failedSince>
        </case>
      </cases>
    </suite>
    <suite>
      <file>/var/lib/jenkins/jobs/ORCID-push_checker/workspace/orcid-api-common/target/surefire-reports/TEST-org.orcid.api.common.writer.rdf.RDFWriterTest.xml</file>
      <name>org.orcid.api.common.writer.rdf.RDFWriterTest</name>
      <duration>2.015</duration>
      <cases>
        <case>
          <duration>1.493</duration>
          <className>org.orcid.api.common.writer.rdf.RDFWriterTest</className>
          <testName>writeRdfXML</testName>
          <skipped>false</skipped>
          <failedSince>0</failedSince>
        </case>
        <case>
          <duration>0.081</duration>
          <className>org.orcid.api.common.writer.rdf.RDFWriterTest</className>
          <testName>writeTurte</testName>
          <skipped>false</skipped>
          <failedSince>0</failedSince>
        </case>
        <case>
          <duration>0.057</duration>
          <className>org.orcid.api.common.writer.rdf.RDFWriterTest</className>
          <testName>writeNtriples</testName>
          <skipped>false</skipped>
          <failedSince>0</failedSince>
        </case>
        <case>
          <duration>0.377</duration>
          <className>org.orcid.api.common.writer.rdf.RDFWriterTest</className>
          <testName>writeJsonLD</testName>
          <skipped>false</skipped>
          <failedSince>0</failedSince>
        </case>
        <case>
          <duration>0.007</duration>
          <className>org.orcid.api.common.writer.rdf.RDFWriterTest</className>
          <testName>missingCreditName</testName>
          <skipped>false</skipped>
          <failedSince>0</failedSince>
        </case>
      </cases>
    </suite>
  </suites>
  <duration>5.634</duration>
  <keepLongStdio>false</keepLongStdio>
</result>