<?xml version='1.0' encoding='UTF-8'?>
<result plugin="junit@1.11">
  <suites>
    <suite>
      <file>/var/lib/jenkins/jobs/ORCID-push_checker/workspace/orcid-persistence/target/surefire-reports/TEST-org.orcid.persistence.dao.AddressDaoTest.xml</file>
      <name>org.orcid.persistence.dao.AddressDaoTest</name>
      <duration>0.763</duration>
      <cases>
        <case>
          <duration>0.669</duration>
          <className>org.orcid.persistence.dao.AddressDaoTest</className>
          <testName>findTest</testName>
          <skipped>false</skipped>
          <failedSince>0</failedSince>
        </case>
        <case>
          <duration>0.081</duration>
          <className>org.orcid.persistence.dao.AddressDaoTest</className>
          <testName>findByOrcidTest</testName>
          <skipped>false</skipped>
          <failedSince>0</failedSince>
        </case>
        <case>
          <duration>0.013</duration>
          <className>org.orcid.persistence.dao.AddressDaoTest</className>
          <testName>pendingToMigrateTest</testName>
          <skipped>false</skipped>
          <failedSince>0</failedSince>
        </case>
      </cases>
    </suite>
    <suite>
      <file>/var/lib/jenkins/jobs/ORCID-push_checker/workspace/orcid-persistence/target/surefire-reports/TEST-org.orcid.persistence.dao.ExternalIdentifierDaoTest.xml</file>
      <name>org.orcid.persistence.dao.ExternalIdentifierDaoTest</name>
      <duration>0.201</duration>
      <cases>
        <case>
          <duration>0.092</duration>
          <className>org.orcid.persistence.dao.ExternalIdentifierDaoTest</className>
          <testName>testRemoveExternalIdentifier</testName>
          <skipped>false</skipped>
          <failedSince>0</failedSince>
        </case>
        <case>
          <duration>0.022</duration>
          <className>org.orcid.persistence.dao.ExternalIdentifierDaoTest</className>
          <testName>testGetExternalIdentifiers</testName>
          <skipped>false</skipped>
          <failedSince>0</failedSince>
        </case>
        <case>
          <duration>0.077</duration>
          <className>org.orcid.persistence.dao.ExternalIdentifierDaoTest</className>
          <testName>testGetExternalIdentifiersUsingVisibility</testName>
          <skipped>false</skipped>
          <failedSince>0</failedSince>
        </case>
        <case>
          <duration>0.007</duration>
          <className>org.orcid.persistence.dao.ExternalIdentifierDaoTest</className>
          <testName>testGetExternalIdentifier</testName>
          <skipped>false</skipped>
          <failedSince>0</failedSince>
        </case>
        <case>
          <duration>0.003</duration>
          <className>org.orcid.persistence.dao.ExternalIdentifierDaoTest</className>
          <testName>testGetExternalIdentifierThatDontBelongToThatUser</testName>
          <skipped>false</skipped>
          <failedSince>0</failedSince>
        </case>
      </cases>
    </suite>
    <suite>
      <file>/var/lib/jenkins/jobs/ORCID-push_checker/workspace/orcid-persistence/target/surefire-reports/TEST-org.orcid.persistence.dao.HearAboutDaoTest.xml</file>
      <name>org.orcid.persistence.dao.HearAboutDaoTest</name>
      <duration>0.099</duration>
      <cases>
        <case>
          <duration>0.094</duration>
          <className>org.orcid.persistence.dao.HearAboutDaoTest</className>
          <testName>testMergeFindAndRemove</testName>
          <skipped>false</skipped>
          <failedSince>0</failedSince>
        </case>
        <case>
          <duration>0.005</duration>
          <className>org.orcid.persistence.dao.HearAboutDaoTest</className>
          <testName>testConstructor</testName>
          <skipped>false</skipped>
          <failedSince>0</failedSince>
        </case>
      </cases>
    </suite>
    <suite>
      <file>/var/lib/jenkins/jobs/ORCID-push_checker/workspace/orcid-persistence/target/surefire-reports/TEST-org.orcid.persistence.dao.InternalSSODaoTest.xml</file>
      <name>org.orcid.persistence.dao.InternalSSODaoTest</name>
      <duration>0.085</duration>
      <cases>
        <case>
          <duration>0.075</duration>
          <className>org.orcid.persistence.dao.InternalSSODaoTest</className>
          <testName>internalSSODaoTest</testName>
          <skipped>false</skipped>
          <failedSince>0</failedSince>
        </case>
        <case>
          <duration>0.01</duration>
          <className>org.orcid.persistence.dao.InternalSSODaoTest</className>
          <testName>RecordLastModifiedTest</testName>
          <skipped>false</skipped>
          <failedSince>0</failedSince>
        </case>
      </cases>
    </suite>
    <suite>
      <file>/var/lib/jenkins/jobs/ORCID-push_checker/workspace/orcid-persistence/target/surefire-reports/TEST-org.orcid.persistence.dao.NotificationDaoTest.xml</file>
      <name>org.orcid.persistence.dao.NotificationDaoTest</name>
      <duration>0.092999995</duration>
      <cases>
        <case>
          <duration>0.009</duration>
          <className>org.orcid.persistence.dao.NotificationDaoTest</className>
          <testName>testFindCustomNotification</testName>
          <skipped>false</skipped>
          <failedSince>0</failedSince>
        </case>
        <case>
          <duration>0.009</duration>
          <className>org.orcid.persistence.dao.NotificationDaoTest</className>
          <testName>testFindPermissionNotification</testName>
          <skipped>false</skipped>
          <failedSince>0</failedSince>
        </case>
        <case>
          <duration>0.006</duration>
          <className>org.orcid.persistence.dao.NotificationDaoTest</className>
          <testName>testFindOrcidsWithNotificationsToSend</testName>
          <skipped>false</skipped>
          <failedSince>0</failedSince>
        </case>
        <case>
          <duration>0.069</duration>
          <className>org.orcid.persistence.dao.NotificationDaoTest</className>
          <testName>testFindOrcidsWithNotificationsToSendWhenTooSoon</testName>
          <skipped>false</skipped>
          <failedSince>0</failedSince>
        </case>
      </cases>
    </suite>
    <suite>
      <file>/var/lib/jenkins/jobs/ORCID-push_checker/workspace/orcid-persistence/target/surefire-reports/TEST-org.orcid.persistence.dao.OrcidOauth2AuthorizationDetailsDaoTest.xml</file>
      <name>org.orcid.persistence.dao.OrcidOauth2AuthorizationDetailsDaoTest</name>
      <duration>0.078</duration>
      <cases>
        <case>
          <duration>0.008</duration>
          <className>org.orcid.persistence.dao.OrcidOauth2AuthorizationDetailsDaoTest</className>
          <testName>testFindById</testName>
          <skipped>false</skipped>
          <failedSince>0</failedSince>
        </case>
        <case>
          <duration>0.012</duration>
          <className>org.orcid.persistence.dao.OrcidOauth2AuthorizationDetailsDaoTest</className>
          <testName>testFindByRefreshTokenValue</testName>
          <skipped>false</skipped>
          <failedSince>0</failedSince>
        </case>
        <case>
          <duration>0.008</duration>
          <className>org.orcid.persistence.dao.OrcidOauth2AuthorizationDetailsDaoTest</className>
          <testName>testFindByAuthenticationKey</testName>
          <skipped>false</skipped>
          <failedSince>0</failedSince>
        </case>
        <case>
          <duration>0.035</duration>
          <className>org.orcid.persistence.dao.OrcidOauth2AuthorizationDetailsDaoTest</className>
          <testName>testFindByTokenValue</testName>
          <skipped>false</skipped>
          <failedSince>0</failedSince>
        </case>
        <case>
          <duration>0.008</duration>
          <className>org.orcid.persistence.dao.OrcidOauth2AuthorizationDetailsDaoTest</className>
          <testName>testFindByUsername</testName>
          <skipped>false</skipped>
          <failedSince>0</failedSince>
        </case>
        <case>
          <duration>0.007</duration>
          <className>org.orcid.persistence.dao.OrcidOauth2AuthorizationDetailsDaoTest</className>
          <testName>testFindByClientId</testName>
          <skipped>false</skipped>
          <failedSince>0</failedSince>
        </case>
      </cases>
    </suite>
    <suite>
      <file>/var/lib/jenkins/jobs/ORCID-push_checker/workspace/orcid-persistence/target/surefire-reports/TEST-org.orcid.persistence.dao.OrcidOauth2AuthoriziationCodeDetailDaoTest.xml</file>
      <name>org.orcid.persistence.dao.OrcidOauth2AuthoriziationCodeDetailDaoTest</name>
      <duration>0.086</duration>
      <cases>
        <case>
          <duration>0.078</duration>
          <className>org.orcid.persistence.dao.OrcidOauth2AuthoriziationCodeDetailDaoTest</className>
          <testName>testOrcidOauth2AuthoriziationCodeDetailDaoPersist</testName>
          <skipped>false</skipped>
          <failedSince>0</failedSince>
        </case>
        <case>
          <duration>0.008</duration>
          <className>org.orcid.persistence.dao.OrcidOauth2AuthoriziationCodeDetailDaoTest</className>
          <testName>isPersistentTokenTest</testName>
          <skipped>false</skipped>
          <failedSince>0</failedSince>
        </case>
      </cases>
    </suite>
    <suite>
      <file>/var/lib/jenkins/jobs/ORCID-push_checker/workspace/orcid-persistence/target/surefire-reports/TEST-org.orcid.persistence.dao.OrgDisambiguatedDaoTest.xml</file>
      <name>org.orcid.persistence.dao.OrgDisambiguatedDaoTest</name>
      <duration>0.004</duration>
      <cases>
        <case>
          <duration>0.004</duration>
          <className>org.orcid.persistence.dao.OrgDisambiguatedDaoTest</className>
          <testName>testFindDisambuguatedOrgsWithIncorrectPopularity</testName>
          <skipped>false</skipped>
          <failedSince>0</failedSince>
        </case>
      </cases>
    </suite>
    <suite>
      <file>/var/lib/jenkins/jobs/ORCID-push_checker/workspace/orcid-persistence/target/surefire-reports/TEST-org.orcid.persistence.dao.OrgDisambiguatedSolrDaoTest.xml</file>
      <name>org.orcid.persistence.dao.OrgDisambiguatedSolrDaoTest</name>
      <duration>0.51</duration>
      <cases>
        <case>
          <duration>0.51</duration>
          <className>org.orcid.persistence.dao.OrgDisambiguatedSolrDaoTest</className>
          <testName>testPesistAndFindById</testName>
          <skipped>false</skipped>
          <failedSince>0</failedSince>
        </case>
      </cases>
    </suite>
    <suite>
      <file>/var/lib/jenkins/jobs/ORCID-push_checker/workspace/orcid-persistence/target/surefire-reports/TEST-org.orcid.persistence.dao.OtherNameDaoTest.xml</file>
      <name>org.orcid.persistence.dao.OtherNameDaoTest</name>
      <duration>0.174</duration>
      <cases>
        <case>
          <duration>0.072</duration>
          <className>org.orcid.persistence.dao.OtherNameDaoTest</className>
          <testName>testfindOtherNameByOrcid</testName>
          <skipped>false</skipped>
          <failedSince>0</failedSince>
        </case>
        <case>
          <duration>0.032</duration>
          <className>org.orcid.persistence.dao.OtherNameDaoTest</className>
          <testName>testAddOtherName</testName>
          <skipped>false</skipped>
          <failedSince>0</failedSince>
        </case>
        <case>
          <duration>0.002</duration>
          <className>org.orcid.persistence.dao.OtherNameDaoTest</className>
          <testName>testUpdateOtherName</testName>
          <skipped>false</skipped>
          <failedSince>0</failedSince>
        </case>
        <case>
          <duration>0.068</duration>
          <className>org.orcid.persistence.dao.OtherNameDaoTest</className>
          <testName>testDeleteOtherName</testName>
          <skipped>false</skipped>
          <failedSince>0</failedSince>
        </case>
        <case>
          <duration>0.0</duration>
          <className>org.orcid.persistence.dao.OtherNameDaoTest</className>
          <testName>testGetOtherName</testName>
          <skipped>false</skipped>
          <failedSince>0</failedSince>
        </case>
        <case>
          <duration>0.0</duration>
          <className>org.orcid.persistence.dao.OtherNameDaoTest</className>
          <testName>testGetInvalidOtherName</testName>
          <skipped>false</skipped>
          <failedSince>0</failedSince>
        </case>
      </cases>
    </suite>
    <suite>
      <file>/var/lib/jenkins/jobs/ORCID-push_checker/workspace/orcid-persistence/target/surefire-reports/TEST-org.orcid.persistence.dao.ProfileDaoTest.xml</file>
      <name>org.orcid.persistence.dao.ProfileDaoTest</name>
      <duration>0.522</duration>
      <cases>
        <case>
          <duration>0.005</duration>
          <className>org.orcid.persistence.dao.ProfileDaoTest</className>
          <testName>testfindById</testName>
          <skipped>false</skipped>
          <failedSince>0</failedSince>
        </case>
        <case>
          <duration>0.006</duration>
          <className>org.orcid.persistence.dao.ProfileDaoTest</className>
          <testName>testFindByCreditName</testName>
          <skipped>false</skipped>
          <failedSince>0</failedSince>
        </case>
        <case>
          <duration>0.153</duration>
          <className>org.orcid.persistence.dao.ProfileDaoTest</className>
          <testName>testFindAll</testName>
          <skipped>false</skipped>
          <failedSince>0</failedSince>
        </case>
        <case>
          <duration>0.0</duration>
          <className>org.orcid.persistence.dao.ProfileDaoTest</className>
          <testName>testInsert</testName>
          <skipped>false</skipped>
          <failedSince>0</failedSince>
        </case>
        <case>
          <duration>0.0</duration>
          <className>org.orcid.persistence.dao.ProfileDaoTest</className>
          <testName>testInsertWithPrimaryInstitutions</testName>
          <skipped>false</skipped>
          <failedSince>0</failedSince>
        </case>
        <case>
          <duration>0.0</duration>
          <className>org.orcid.persistence.dao.ProfileDaoTest</className>
          <testName>testInsertWithInstitutionDepartments</testName>
          <skipped>false</skipped>
          <failedSince>0</failedSince>
        </case>
        <case>
          <duration>0.03</duration>
          <className>org.orcid.persistence.dao.ProfileDaoTest</className>
          <testName>testInsertWithSubjectsAndKeywords</testName>
          <skipped>false</skipped>
          <failedSince>0</failedSince>
        </case>
        <case>
          <duration>0.011</duration>
          <className>org.orcid.persistence.dao.ProfileDaoTest</className>
          <testName>testInsertGroupWithClients</testName>
          <skipped>false</skipped>
          <failedSince>0</failedSince>
        </case>
        <case>
          <duration>0.057</duration>
          <className>org.orcid.persistence.dao.ProfileDaoTest</className>
          <testName>testInsertClient</testName>
          <skipped>false</skipped>
          <failedSince>0</failedSince>
        </case>
        <case>
          <duration>0.103</duration>
          <className>org.orcid.persistence.dao.ProfileDaoTest</className>
          <testName>testRemove</testName>
          <skipped>false</skipped>
          <failedSince>0</failedSince>
        </case>
        <case>
          <duration>0.0</duration>
          <className>org.orcid.persistence.dao.ProfileDaoTest</className>
          <testName>testOrcidExists</testName>
          <skipped>false</skipped>
          <failedSince>0</failedSince>
        </case>
        <case>
          <duration>0.051</duration>
          <className>org.orcid.persistence.dao.ProfileDaoTest</className>
          <testName>testRetrieveSelectableSponsors</testName>
          <skipped>false</skipped>
          <failedSince>0</failedSince>
        </case>
        <case>
          <duration>0.011</duration>
          <className>org.orcid.persistence.dao.ProfileDaoTest</className>
          <testName>testFindOrcidsByName</testName>
          <skipped>false</skipped>
          <failedSince>0</failedSince>
        </case>
        <case>
          <duration>0.006</duration>
          <className>org.orcid.persistence.dao.ProfileDaoTest</className>
          <testName>testOrcidsFindByIndexingStatus</testName>
          <skipped>false</skipped>
          <failedSince>0</failedSince>
        </case>
        <case>
          <duration>0.005</duration>
          <className>org.orcid.persistence.dao.ProfileDaoTest</className>
          <testName>testFindUnclaimedNotIndexedAfterWaitPeriod</testName>
          <skipped>false</skipped>
          <failedSince>0</failedSince>
        </case>
        <case>
          <duration>0.003</duration>
          <className>org.orcid.persistence.dao.ProfileDaoTest</className>
          <testName>testFindUnclaimedNeedingReminder</testName>
          <skipped>false</skipped>
          <failedSince>0</failedSince>
        </case>
        <case>
          <duration>0.015</duration>
          <className>org.orcid.persistence.dao.ProfileDaoTest</className>
          <testName>testUpdateIndexingStatus</testName>
          <skipped>false</skipped>
          <failedSince>0</failedSince>
        </case>
        <case>
          <duration>0.034</duration>
          <className>org.orcid.persistence.dao.ProfileDaoTest</className>
          <testName>testGetConfirmedProfileCount</testName>
          <skipped>false</skipped>
          <failedSince>0</failedSince>
        </case>
        <case>
          <duration>0.011</duration>
          <className>org.orcid.persistence.dao.ProfileDaoTest</className>
          <testName>testUpdateProfile</testName>
          <skipped>false</skipped>
          <failedSince>0</failedSince>
        </case>
        <case>
          <duration>0.021</duration>
          <className>org.orcid.persistence.dao.ProfileDaoTest</className>
          <testName>testDeprecateProfile</testName>
          <skipped>false</skipped>
          <failedSince>0</failedSince>
        </case>
      </cases>
    </suite>
    <suite>
      <file>/var/lib/jenkins/jobs/ORCID-push_checker/workspace/orcid-persistence/target/surefire-reports/TEST-org.orcid.persistence.dao.ProfileKeywordDaoTest.xml</file>
      <name>org.orcid.persistence.dao.ProfileKeywordDaoTest</name>
      <duration>0.162</duration>
      <cases>
        <case>
          <duration>0.062</duration>
          <className>org.orcid.persistence.dao.ProfileKeywordDaoTest</className>
          <testName>testfindProfileKeywords</testName>
          <skipped>false</skipped>
          <failedSince>0</failedSince>
        </case>
        <case>
          <duration>0.077</duration>
          <className>org.orcid.persistence.dao.ProfileKeywordDaoTest</className>
          <testName>testAddProfileKeyword</testName>
          <skipped>false</skipped>
          <failedSince>0</failedSince>
        </case>
        <case>
          <duration>0.023</duration>
          <className>org.orcid.persistence.dao.ProfileKeywordDaoTest</className>
          <testName>testDeleteProfileKeyword</testName>
          <skipped>false</skipped>
          <failedSince>0</failedSince>
        </case>
      </cases>
    </suite>
    <suite>
      <file>/var/lib/jenkins/jobs/ORCID-push_checker/workspace/orcid-persistence/target/surefire-reports/TEST-org.orcid.persistence.dao.ResearcherUrlDaoTest.xml</file>
      <name>org.orcid.persistence.dao.ResearcherUrlDaoTest</name>
      <duration>0.109000005</duration>
      <cases>
        <case>
          <duration>0.012</duration>
          <className>org.orcid.persistence.dao.ResearcherUrlDaoTest</className>
          <testName>testfindResearcherUrls</testName>
          <skipped>false</skipped>
          <failedSince>0</failedSince>
        </case>
        <case>
          <duration>0.005</duration>
          <className>org.orcid.persistence.dao.ResearcherUrlDaoTest</className>
          <testName>testfindResearcherUrl</testName>
          <skipped>false</skipped>
          <failedSince>0</failedSince>
        </case>
        <case>
          <duration>0.074</duration>
          <className>org.orcid.persistence.dao.ResearcherUrlDaoTest</className>
          <testName>testAddResearcherUrl</testName>
          <skipped>false</skipped>
          <failedSince>0</failedSince>
        </case>
        <case>
          <duration>0.015</duration>
          <className>org.orcid.persistence.dao.ResearcherUrlDaoTest</className>
          <testName>testDeleteResearcherUrl</testName>
          <skipped>false</skipped>
          <failedSince>0</failedSince>
        </case>
        <case>
          <duration>0.003</duration>
          <className>org.orcid.persistence.dao.ResearcherUrlDaoTest</className>
          <testName>testCannotAddDuplicatedResearcherUrl</testName>
          <skipped>false</skipped>
          <failedSince>0</failedSince>
        </case>
      </cases>
    </suite>
    <suite>
      <file>/var/lib/jenkins/jobs/ORCID-push_checker/workspace/orcid-persistence/target/surefire-reports/TEST-org.orcid.persistence.dao.SecurityQuestionDaoTest.xml</file>
      <name>org.orcid.persistence.dao.SecurityQuestionDaoTest</name>
      <duration>0.004</duration>
      <cases>
        <case>
          <duration>0.004</duration>
          <className>org.orcid.persistence.dao.SecurityQuestionDaoTest</className>
          <testName>testMergeFindAndRemove</testName>
          <skipped>false</skipped>
          <failedSince>0</failedSince>
        </case>
      </cases>
    </suite>
    <suite>
      <file>/var/lib/jenkins/jobs/ORCID-push_checker/workspace/orcid-persistence/target/surefire-reports/TEST-org.orcid.persistence.dao.SolrDaoTest.xml</file>
      <name>org.orcid.persistence.dao.SolrDaoTest</name>
      <duration>1.513</duration>
      <cases>
        <case>
          <duration>0.157</duration>
          <className>org.orcid.persistence.dao.SolrDaoTest</className>
          <testName>queryStringSearchFamilyNameGivenName</testName>
          <skipped>false</skipped>
          <failedSince>0</failedSince>
        </case>
        <case>
          <duration>0.064</duration>
          <className>org.orcid.persistence.dao.SolrDaoTest</className>
          <testName>queryFieldWithExclusions</testName>
          <skipped>false</skipped>
          <failedSince>0</failedSince>
        </case>
        <case>
          <duration>0.099</duration>
          <className>org.orcid.persistence.dao.SolrDaoTest</className>
          <testName>queryFieldWithKeyword</testName>
          <skipped>false</skipped>
          <failedSince>0</failedSince>
        </case>
        <case>
          <duration>0.089</duration>
          <className>org.orcid.persistence.dao.SolrDaoTest</className>
          <testName>queryFieldWeyword</testName>
          <skipped>false</skipped>
          <failedSince>0</failedSince>
        </case>
        <case>
          <duration>0.184</duration>
          <className>org.orcid.persistence.dao.SolrDaoTest</className>
          <testName>queryFieldWithBoostAndExclusions</testName>
          <skipped>false</skipped>
          <failedSince>0</failedSince>
        </case>
        <case>
          <duration>0.101</duration>
          <className>org.orcid.persistence.dao.SolrDaoTest</className>
          <testName>queryFieldWithBoost</testName>
          <skipped>false</skipped>
          <failedSince>0</failedSince>
        </case>
        <case>
          <duration>0.57</duration>
          <className>org.orcid.persistence.dao.SolrDaoTest</className>
          <testName>queryStringSearchFamilyNameGivenNameTenRows</testName>
          <skipped>false</skipped>
          <failedSince>0</failedSince>
        </case>
        <case>
          <duration>0.097</duration>
          <className>org.orcid.persistence.dao.SolrDaoTest</className>
          <testName>queryStringWithTextFieldSpansAllFields</testName>
          <skipped>false</skipped>
          <failedSince>0</failedSince>
        </case>
        <case>
          <duration>0.021</duration>
          <className>org.orcid.persistence.dao.SolrDaoTest</className>
          <testName>queryStringSearchPatent</testName>
          <skipped>false</skipped>
          <failedSince>0</failedSince>
        </case>
        <case>
          <duration>0.02</duration>
          <className>org.orcid.persistence.dao.SolrDaoTest</className>
          <testName>queryStringSearchGrant</testName>
          <skipped>false</skipped>
          <failedSince>0</failedSince>
        </case>
        <case>
          <duration>0.111</duration>
          <className>org.orcid.persistence.dao.SolrDaoTest</className>
          <testName>searchByOrcid</testName>
          <skipped>false</skipped>
          <failedSince>0</failedSince>
        </case>
      </cases>
    </suite>
    <suite>
      <file>/var/lib/jenkins/jobs/ORCID-push_checker/workspace/orcid-persistence/target/surefire-reports/TEST-org.orcid.persistence.dao.StatisticsDaoTest.xml</file>
      <name>org.orcid.persistence.dao.StatisticsDaoTest</name>
      <duration>0.064</duration>
      <cases>
        <case>
          <duration>0.064</duration>
          <className>org.orcid.persistence.dao.StatisticsDaoTest</className>
          <testName>testStatistics</testName>
          <skipped>false</skipped>
          <failedSince>0</failedSince>
        </case>
      </cases>
    </suite>
    <suite>
      <file>/var/lib/jenkins/jobs/ORCID-push_checker/workspace/orcid-persistence/target/surefire-reports/TEST-org.orcid.persistence.dao.StatisticsGeneratorDaoTest.xml</file>
      <name>org.orcid.persistence.dao.StatisticsGeneratorDaoTest</name>
      <duration>0.004</duration>
      <cases>
        <case>
          <duration>0.004</duration>
          <className>org.orcid.persistence.dao.StatisticsGeneratorDaoTest</className>
          <testName>testStatistics</testName>
          <skipped>false</skipped>
          <failedSince>0</failedSince>
        </case>
      </cases>
    </suite>
    <suite>
      <file>/var/lib/jenkins/jobs/ORCID-push_checker/workspace/orcid-persistence/target/surefire-reports/TEST-org.orcid.persistence.dao.WebhookDaoTest.xml</file>
      <name>org.orcid.persistence.dao.WebhookDaoTest</name>
      <duration>0.135</duration>
      <cases>
        <case>
          <duration>0.015</duration>
          <className>org.orcid.persistence.dao.WebhookDaoTest</className>
          <testName>testMergeFindAndRemove</testName>
          <skipped>false</skipped>
          <failedSince>0</failedSince>
        </case>
        <case>
          <duration>0.092</duration>
          <className>org.orcid.persistence.dao.WebhookDaoTest</className>
          <testName>testFindWebhooksReadyToProcess</testName>
          <skipped>false</skipped>
          <failedSince>0</failedSince>
        </case>
        <case>
          <duration>0.025</duration>
          <className>org.orcid.persistence.dao.WebhookDaoTest</className>
          <testName>testFindWebhooksReadyToProcessWhenIsNotReadyForRetry</testName>
          <skipped>false</skipped>
          <failedSince>0</failedSince>
        </case>
        <case>
          <duration>0.003</duration>
          <className>org.orcid.persistence.dao.WebhookDaoTest</className>
          <testName>testCountWebhooksReadyToProcess</testName>
          <skipped>false</skipped>
          <failedSince>0</failedSince>
        </case>
      </cases>
    </suite>
    <suite>
      <file>/var/lib/jenkins/jobs/ORCID-push_checker/workspace/orcid-persistence/target/surefire-reports/TEST-org.orcid.persistence.dao.WorkDaoTest.xml</file>
      <name>org.orcid.persistence.dao.WorkDaoTest</name>
      <duration>0.017</duration>
      <cases>
        <case>
          <duration>0.017</duration>
          <className>org.orcid.persistence.dao.WorkDaoTest</className>
          <testName>testAddWork</testName>
          <skipped>false</skipped>
          <failedSince>0</failedSince>
        </case>
      </cases>
    </suite>
    <suite>
      <file>/var/lib/jenkins/jobs/ORCID-push_checker/workspace/orcid-persistence/target/surefire-reports/TEST-org.orcid.persistence.jpa.entities.FuzzyDateTest.xml</file>
      <name>org.orcid.persistence.jpa.entities.FuzzyDateTest</name>
      <duration>0.0</duration>
      <cases>
        <case>
          <duration>0.0</duration>
          <className>org.orcid.persistence.jpa.entities.FuzzyDateTest</className>
          <testName>testFuzzyDateComparison</testName>
          <skipped>false</skipped>
          <failedSince>0</failedSince>
        </case>
      </cases>
    </suite>
    <suite>
      <file>/var/lib/jenkins/jobs/ORCID-push_checker/workspace/orcid-persistence/target/surefire-reports/TEST-org.orcid.persistence.jpa.entities.WorkEntityTest.xml</file>
      <name>org.orcid.persistence.jpa.entities.WorkEntityTest</name>
      <duration>0.001</duration>
      <cases>
        <case>
          <duration>0.001</duration>
          <className>org.orcid.persistence.jpa.entities.WorkEntityTest</className>
          <testName>testWorkEntityComparison</testName>
          <skipped>false</skipped>
          <failedSince>0</failedSince>
        </case>
        <case>
          <duration>0.0</duration>
          <className>org.orcid.persistence.jpa.entities.WorkEntityTest</className>
          <testName>testChronologicallyOrderWorkEntityTest</testName>
          <skipped>false</skipped>
          <failedSince>0</failedSince>
        </case>
      </cases>
    </suite>
  </suites>
  <duration>4.6240005</duration>
  <keepLongStdio>false</keepLongStdio>
</result>