<?xml version='1.0' encoding='UTF-8'?>
<result plugin="junit@1.11">
  <suites>
    <suite>
      <file>/var/lib/jenkins/jobs/ORCID-push_checker/workspace/orcid-api-web/target/surefire-reports/TEST-org.orcid.api.memberV2.server.delegator.MemberV2ApiServiceDelegatorTest.xml</file>
      <name>org.orcid.api.memberV2.server.delegator.MemberV2ApiServiceDelegatorTest</name>
      <duration>11.59</duration>
      <cases>
        <case>
          <duration>1.673</duration>
          <className>org.orcid.api.memberV2.server.delegator.MemberV2ApiServiceDelegatorTest</className>
          <testName>testViewActitivies</testName>
          <skipped>false</skipped>
          <failedSince>0</failedSince>
        </case>
        <case>
          <duration>0.0</duration>
          <className>org.orcid.api.memberV2.server.delegator.MemberV2ApiServiceDelegatorTest</className>
          <testName>testCleanEmptyFieldsOnActivities</testName>
          <skipped>false</skipped>
          <failedSince>0</failedSince>
        </case>
        <case>
          <duration>0.016</duration>
          <className>org.orcid.api.memberV2.server.delegator.MemberV2ApiServiceDelegatorTest</className>
          <testName>testDeleteResearcherUrlYouAreNotTheSourceOf</testName>
          <skipped>false</skipped>
          <failedSince>0</failedSince>
        </case>
        <case>
          <duration>0.194</duration>
          <className>org.orcid.api.memberV2.server.delegator.MemberV2ApiServiceDelegatorTest</className>
          <testName>testViewOtherNames</testName>
          <skipped>false</skipped>
          <failedSince>0</failedSince>
        </case>
        <case>
          <duration>0.076</duration>
          <className>org.orcid.api.memberV2.server.delegator.MemberV2ApiServiceDelegatorTest</className>
          <testName>testViewPublicOtherName</testName>
          <skipped>false</skipped>
          <failedSince>0</failedSince>
        </case>
        <case>
          <duration>0.0</duration>
          <className>org.orcid.api.memberV2.server.delegator.MemberV2ApiServiceDelegatorTest</className>
          <testName>testViewLimitedOtherName</testName>
          <skipped>false</skipped>
          <failedSince>0</failedSince>
        </case>
        <case>
          <duration>0.0</duration>
          <className>org.orcid.api.memberV2.server.delegator.MemberV2ApiServiceDelegatorTest</className>
          <testName>testViewPrivateOtherName</testName>
          <skipped>false</skipped>
          <failedSince>0</failedSince>
        </case>
        <case>
          <duration>0.0</duration>
          <className>org.orcid.api.memberV2.server.delegator.MemberV2ApiServiceDelegatorTest</className>
          <testName>testViewPrivateOtherNameWhereYouAreNotTheSource</testName>
          <skipped>false</skipped>
          <failedSince>0</failedSince>
        </case>
        <case>
          <duration>0.0</duration>
          <className>org.orcid.api.memberV2.server.delegator.MemberV2ApiServiceDelegatorTest</className>
          <testName>testViewOtherNameThatDontBelongToTheUser</testName>
          <skipped>false</skipped>
          <failedSince>0</failedSince>
        </case>
        <case>
          <duration>0.206</duration>
          <className>org.orcid.api.memberV2.server.delegator.MemberV2ApiServiceDelegatorTest</className>
          <testName>testAddOtherName</testName>
          <skipped>false</skipped>
          <failedSince>0</failedSince>
        </case>
        <case>
          <duration>0.141</duration>
          <className>org.orcid.api.memberV2.server.delegator.MemberV2ApiServiceDelegatorTest</className>
          <testName>testUpdateOtherName</testName>
          <skipped>false</skipped>
          <failedSince>0</failedSince>
        </case>
        <case>
          <duration>0.068</duration>
          <className>org.orcid.api.memberV2.server.delegator.MemberV2ApiServiceDelegatorTest</className>
          <testName>testUpdateOtherNameYouAreNotTheSourceOf</testName>
          <skipped>false</skipped>
          <failedSince>0</failedSince>
        </case>
        <case>
          <duration>0.032</duration>
          <className>org.orcid.api.memberV2.server.delegator.MemberV2ApiServiceDelegatorTest</className>
          <testName>testDeleteOtherName</testName>
          <skipped>false</skipped>
          <failedSince>0</failedSince>
        </case>
        <case>
          <duration>0.004</duration>
          <className>org.orcid.api.memberV2.server.delegator.MemberV2ApiServiceDelegatorTest</className>
          <testName>testDeleteOtherNameYouAreNotTheSourceOf</testName>
          <skipped>false</skipped>
          <failedSince>0</failedSince>
        </case>
        <case>
          <duration>0.067</duration>
          <className>org.orcid.api.memberV2.server.delegator.MemberV2ApiServiceDelegatorTest</className>
          <testName>testViewExternalIdentifiers</testName>
          <skipped>false</skipped>
          <failedSince>0</failedSince>
        </case>
        <case>
          <duration>0.015</duration>
          <className>org.orcid.api.memberV2.server.delegator.MemberV2ApiServiceDelegatorTest</className>
          <testName>testViewPublicExternalIdentifier</testName>
          <skipped>false</skipped>
          <failedSince>0</failedSince>
        </case>
        <case>
          <duration>0.004</duration>
          <className>org.orcid.api.memberV2.server.delegator.MemberV2ApiServiceDelegatorTest</className>
          <testName>testViewLimitedExternalIdentifier</testName>
          <skipped>false</skipped>
          <failedSince>0</failedSince>
        </case>
        <case>
          <duration>0.065</duration>
          <className>org.orcid.api.memberV2.server.delegator.MemberV2ApiServiceDelegatorTest</className>
          <testName>testViewPrivateExternalIdentifier</testName>
          <skipped>false</skipped>
          <failedSince>0</failedSince>
        </case>
        <case>
          <duration>0.005</duration>
          <className>org.orcid.api.memberV2.server.delegator.MemberV2ApiServiceDelegatorTest</className>
          <testName>testViewPrivateExternalIdentifierWhereYouAreNotTheSource</testName>
          <skipped>false</skipped>
          <failedSince>0</failedSince>
        </case>
        <case>
          <duration>0.002</duration>
          <className>org.orcid.api.memberV2.server.delegator.MemberV2ApiServiceDelegatorTest</className>
          <testName>testViewExternalIdentifierThatDontBelongToTheUser</testName>
          <skipped>false</skipped>
          <failedSince>0</failedSince>
        </case>
        <case>
          <duration>0.049</duration>
          <className>org.orcid.api.memberV2.server.delegator.MemberV2ApiServiceDelegatorTest</className>
          <testName>testAddExternalIdentifier</testName>
          <skipped>false</skipped>
          <failedSince>0</failedSince>
        </case>
        <case>
          <duration>0.153</duration>
          <className>org.orcid.api.memberV2.server.delegator.MemberV2ApiServiceDelegatorTest</className>
          <testName>testUpdateExternalIdentifier</testName>
          <skipped>false</skipped>
          <failedSince>0</failedSince>
        </case>
        <case>
          <duration>0.018</duration>
          <className>org.orcid.api.memberV2.server.delegator.MemberV2ApiServiceDelegatorTest</className>
          <testName>testUpdateExaternalIdentifierYouAreNotTheSourceOf</testName>
          <skipped>false</skipped>
          <failedSince>0</failedSince>
        </case>
        <case>
          <duration>0.082</duration>
          <className>org.orcid.api.memberV2.server.delegator.MemberV2ApiServiceDelegatorTest</className>
          <testName>testDeleteExternalIdentifier</testName>
          <skipped>false</skipped>
          <failedSince>0</failedSince>
        </case>
        <case>
          <duration>0.007</duration>
          <className>org.orcid.api.memberV2.server.delegator.MemberV2ApiServiceDelegatorTest</className>
          <testName>testDeleteExternalIdentifierYouAreNotTheSourceOf</testName>
          <skipped>false</skipped>
          <failedSince>0</failedSince>
        </case>
        <case>
          <duration>0.021</duration>
          <className>org.orcid.api.memberV2.server.delegator.MemberV2ApiServiceDelegatorTest</className>
          <testName>testViewKeywords</testName>
          <skipped>false</skipped>
          <failedSince>0</failedSince>
        </case>
        <case>
          <duration>0.065</duration>
          <className>org.orcid.api.memberV2.server.delegator.MemberV2ApiServiceDelegatorTest</className>
          <testName>testViewPublicKeyword</testName>
          <skipped>false</skipped>
          <failedSince>0</failedSince>
        </case>
        <case>
          <duration>0.003</duration>
          <className>org.orcid.api.memberV2.server.delegator.MemberV2ApiServiceDelegatorTest</className>
          <testName>testViewLimitedKeyword</testName>
          <skipped>false</skipped>
          <failedSince>0</failedSince>
        </case>
        <case>
          <duration>0.005</duration>
          <className>org.orcid.api.memberV2.server.delegator.MemberV2ApiServiceDelegatorTest</className>
          <testName>testViewPrivateKeyword</testName>
          <skipped>false</skipped>
          <failedSince>0</failedSince>
        </case>
        <case>
          <duration>0.004</duration>
          <className>org.orcid.api.memberV2.server.delegator.MemberV2ApiServiceDelegatorTest</className>
          <testName>testViewPrivateKeywordWhereYouAreNotTheSource</testName>
          <skipped>false</skipped>
          <failedSince>0</failedSince>
        </case>
        <case>
          <duration>0.001</duration>
          <className>org.orcid.api.memberV2.server.delegator.MemberV2ApiServiceDelegatorTest</className>
          <testName>testViewKeywordThatDontBelongToTheUser</testName>
          <skipped>false</skipped>
          <failedSince>0</failedSince>
        </case>
        <case>
          <duration>0.02</duration>
          <className>org.orcid.api.memberV2.server.delegator.MemberV2ApiServiceDelegatorTest</className>
          <testName>testAddKeyword</testName>
          <skipped>false</skipped>
          <failedSince>0</failedSince>
        </case>
        <case>
          <duration>0.125</duration>
          <className>org.orcid.api.memberV2.server.delegator.MemberV2ApiServiceDelegatorTest</className>
          <testName>testUpdateKeyword</testName>
          <skipped>false</skipped>
          <failedSince>0</failedSince>
        </case>
        <case>
          <duration>0.013</duration>
          <className>org.orcid.api.memberV2.server.delegator.MemberV2ApiServiceDelegatorTest</className>
          <testName>testUpdateKeywordYouAreNotTheSourceOf</testName>
          <skipped>false</skipped>
          <failedSince>0</failedSince>
        </case>
        <case>
          <duration>0.056</duration>
          <className>org.orcid.api.memberV2.server.delegator.MemberV2ApiServiceDelegatorTest</className>
          <testName>testDeleteKeyword</testName>
          <skipped>false</skipped>
          <failedSince>0</failedSince>
        </case>
        <case>
          <duration>0.004</duration>
          <className>org.orcid.api.memberV2.server.delegator.MemberV2ApiServiceDelegatorTest</className>
          <testName>testDeleteKeywordYouAreNotTheSourceOf</testName>
          <skipped>false</skipped>
          <failedSince>0</failedSince>
        </case>
        <case>
          <duration>0.02</duration>
          <className>org.orcid.api.memberV2.server.delegator.MemberV2ApiServiceDelegatorTest</className>
          <testName>testViewAddresses</testName>
          <skipped>false</skipped>
          <failedSince>0</failedSince>
        </case>
        <case>
          <duration>0.013</duration>
          <className>org.orcid.api.memberV2.server.delegator.MemberV2ApiServiceDelegatorTest</className>
          <testName>testViewPublicAddress</testName>
          <skipped>false</skipped>
          <failedSince>0</failedSince>
        </case>
        <case>
          <duration>0.002</duration>
          <className>org.orcid.api.memberV2.server.delegator.MemberV2ApiServiceDelegatorTest</className>
          <testName>testViewLimitedAddress</testName>
          <skipped>false</skipped>
          <failedSince>0</failedSince>
        </case>
        <case>
          <duration>0.006</duration>
          <className>org.orcid.api.memberV2.server.delegator.MemberV2ApiServiceDelegatorTest</className>
          <testName>testViewPrivateAddress</testName>
          <skipped>false</skipped>
          <failedSince>0</failedSince>
        </case>
        <case>
          <duration>0.007</duration>
          <className>org.orcid.api.memberV2.server.delegator.MemberV2ApiServiceDelegatorTest</className>
          <testName>testViewPrivateAddressWhereYouAreNotTheSource</testName>
          <skipped>false</skipped>
          <failedSince>0</failedSince>
        </case>
        <case>
          <duration>0.002</duration>
          <className>org.orcid.api.memberV2.server.delegator.MemberV2ApiServiceDelegatorTest</className>
          <testName>testViewAddressThatDontBelongToTheUser</testName>
          <skipped>false</skipped>
          <failedSince>0</failedSince>
        </case>
        <case>
          <duration>0.091</duration>
          <className>org.orcid.api.memberV2.server.delegator.MemberV2ApiServiceDelegatorTest</className>
          <testName>testAddAddress</testName>
          <skipped>false</skipped>
          <failedSince>0</failedSince>
        </case>
        <case>
          <duration>0.059</duration>
          <className>org.orcid.api.memberV2.server.delegator.MemberV2ApiServiceDelegatorTest</className>
          <testName>testUpdateAddress</testName>
          <skipped>false</skipped>
          <failedSince>0</failedSince>
        </case>
        <case>
          <duration>0.05</duration>
          <className>org.orcid.api.memberV2.server.delegator.MemberV2ApiServiceDelegatorTest</className>
          <testName>testUpdateAddressYouAreNotTheSourceOf</testName>
          <skipped>false</skipped>
          <failedSince>0</failedSince>
        </case>
        <case>
          <duration>0.021</duration>
          <className>org.orcid.api.memberV2.server.delegator.MemberV2ApiServiceDelegatorTest</className>
          <testName>testDeleteAddress</testName>
          <skipped>false</skipped>
          <failedSince>0</failedSince>
        </case>
        <case>
          <duration>0.008</duration>
          <className>org.orcid.api.memberV2.server.delegator.MemberV2ApiServiceDelegatorTest</className>
          <testName>testDeleteAddressYouAreNotTheSourceOf</testName>
          <skipped>false</skipped>
          <failedSince>0</failedSince>
        </case>
        <case>
          <duration>0.175</duration>
          <className>org.orcid.api.memberV2.server.delegator.MemberV2ApiServiceDelegatorTest</className>
          <testName>testViewPerson</testName>
          <skipped>false</skipped>
          <failedSince>0</failedSince>
        </case>
        <case>
          <duration>0.016</duration>
          <className>org.orcid.api.memberV2.server.delegator.MemberV2ApiServiceDelegatorTest</className>
          <testName>testViewPublicWork</testName>
          <skipped>false</skipped>
          <failedSince>0</failedSince>
        </case>
        <case>
          <duration>0.006</duration>
          <className>org.orcid.api.memberV2.server.delegator.MemberV2ApiServiceDelegatorTest</className>
          <testName>testViewLimitedWork</testName>
          <skipped>false</skipped>
          <failedSince>0</failedSince>
        </case>
        <case>
          <duration>0.008</duration>
          <className>org.orcid.api.memberV2.server.delegator.MemberV2ApiServiceDelegatorTest</className>
          <testName>testViewPrivateWork</testName>
          <skipped>false</skipped>
          <failedSince>0</failedSince>
        </case>
        <case>
          <duration>0.062</duration>
          <className>org.orcid.api.memberV2.server.delegator.MemberV2ApiServiceDelegatorTest</className>
          <testName>testViewPrivateWorkYouAreNotTheSourceOf</testName>
          <skipped>false</skipped>
          <failedSince>0</failedSince>
        </case>
        <case>
          <duration>0.002</duration>
          <className>org.orcid.api.memberV2.server.delegator.MemberV2ApiServiceDelegatorTest</className>
          <testName>testViewWorkThatDontBelongToTheUser</testName>
          <skipped>false</skipped>
          <failedSince>0</failedSince>
        </case>
        <case>
          <duration>0.0</duration>
          <className>org.orcid.api.memberV2.server.delegator.MemberV2ApiServiceDelegatorTest</className>
          <testName>testCleanEmptyFieldsOnWorks</testName>
          <skipped>false</skipped>
          <failedSince>0</failedSince>
        </case>
        <case>
          <duration>0.732</duration>
          <className>org.orcid.api.memberV2.server.delegator.MemberV2ApiServiceDelegatorTest</className>
          <testName>testAddWork</testName>
          <skipped>false</skipped>
          <failedSince>0</failedSince>
        </case>
        <case>
          <duration>1.864</duration>
          <className>org.orcid.api.memberV2.server.delegator.MemberV2ApiServiceDelegatorTest</className>
          <testName>testUpdateWork</testName>
          <skipped>false</skipped>
          <failedSince>0</failedSince>
        </case>
        <case>
          <duration>0.041</duration>
          <className>org.orcid.api.memberV2.server.delegator.MemberV2ApiServiceDelegatorTest</className>
          <testName>testUpdateWorkYouAreNotTheSourceOf</testName>
          <skipped>false</skipped>
          <failedSince>0</failedSince>
        </case>
        <case>
          <duration>0.075</duration>
          <className>org.orcid.api.memberV2.server.delegator.MemberV2ApiServiceDelegatorTest</className>
          <testName>testDeleteWork</testName>
          <skipped>false</skipped>
          <failedSince>0</failedSince>
        </case>
        <case>
          <duration>0.004</duration>
          <className>org.orcid.api.memberV2.server.delegator.MemberV2ApiServiceDelegatorTest</className>
          <testName>testDeleteWorkYouAreNotTheSourceOf</testName>
          <skipped>false</skipped>
          <failedSince>0</failedSince>
        </case>
        <case>
          <duration>0.064</duration>
          <className>org.orcid.api.memberV2.server.delegator.MemberV2ApiServiceDelegatorTest</className>
          <testName>testViewPublicFunding</testName>
          <skipped>false</skipped>
          <failedSince>0</failedSince>
        </case>
        <case>
          <duration>0.005</duration>
          <className>org.orcid.api.memberV2.server.delegator.MemberV2ApiServiceDelegatorTest</className>
          <testName>testViewLimitedFunding</testName>
          <skipped>false</skipped>
          <failedSince>0</failedSince>
        </case>
        <case>
          <duration>0.007</duration>
          <className>org.orcid.api.memberV2.server.delegator.MemberV2ApiServiceDelegatorTest</className>
          <testName>testViewPrivateFunding</testName>
          <skipped>false</skipped>
          <failedSince>0</failedSince>
        </case>
        <case>
          <duration>0.005</duration>
          <className>org.orcid.api.memberV2.server.delegator.MemberV2ApiServiceDelegatorTest</className>
          <testName>testViewPrivateFundingWhereYouAreNotTheSource</testName>
          <skipped>false</skipped>
          <failedSince>0</failedSince>
        </case>
        <case>
          <duration>0.002</duration>
          <className>org.orcid.api.memberV2.server.delegator.MemberV2ApiServiceDelegatorTest</className>
          <testName>testViewFundingThatDontBelongToTheUser</testName>
          <skipped>false</skipped>
          <failedSince>0</failedSince>
        </case>
        <case>
          <duration>0.397</duration>
          <className>org.orcid.api.memberV2.server.delegator.MemberV2ApiServiceDelegatorTest</className>
          <testName>testAddFunding</testName>
          <skipped>false</skipped>
          <failedSince>0</failedSince>
        </case>
        <case>
          <duration>0.11</duration>
          <className>org.orcid.api.memberV2.server.delegator.MemberV2ApiServiceDelegatorTest</className>
          <testName>testUpdateFunding</testName>
          <skipped>false</skipped>
          <failedSince>0</failedSince>
        </case>
        <case>
          <duration>0.011</duration>
          <className>org.orcid.api.memberV2.server.delegator.MemberV2ApiServiceDelegatorTest</className>
          <testName>testUpdateFundingYouAreNotTheSourceOf</testName>
          <skipped>false</skipped>
          <failedSince>0</failedSince>
        </case>
        <case>
          <duration>0.099</duration>
          <className>org.orcid.api.memberV2.server.delegator.MemberV2ApiServiceDelegatorTest</className>
          <testName>testDeleteFunding</testName>
          <skipped>false</skipped>
          <failedSince>0</failedSince>
        </case>
        <case>
          <duration>0.005</duration>
          <className>org.orcid.api.memberV2.server.delegator.MemberV2ApiServiceDelegatorTest</className>
          <testName>testDeleteFundingYouAreNotTheSourceOf</testName>
          <skipped>false</skipped>
          <failedSince>0</failedSince>
        </case>
        <case>
          <duration>0.012</duration>
          <className>org.orcid.api.memberV2.server.delegator.MemberV2ApiServiceDelegatorTest</className>
          <testName>testViewPublicEducation</testName>
          <skipped>false</skipped>
          <failedSince>0</failedSince>
        </case>
        <case>
          <duration>0.005</duration>
          <className>org.orcid.api.memberV2.server.delegator.MemberV2ApiServiceDelegatorTest</className>
          <testName>testViewLimitedEducation</testName>
          <skipped>false</skipped>
          <failedSince>0</failedSince>
        </case>
        <case>
          <duration>0.059</duration>
          <className>org.orcid.api.memberV2.server.delegator.MemberV2ApiServiceDelegatorTest</className>
          <testName>testViewPrivateEducation</testName>
          <skipped>false</skipped>
          <failedSince>0</failedSince>
        </case>
        <case>
          <duration>0.005</duration>
          <className>org.orcid.api.memberV2.server.delegator.MemberV2ApiServiceDelegatorTest</className>
          <testName>testViewPrivateEducationWhereYouAreNotTheSource</testName>
          <skipped>false</skipped>
          <failedSince>0</failedSince>
        </case>
        <case>
          <duration>0.002</duration>
          <className>org.orcid.api.memberV2.server.delegator.MemberV2ApiServiceDelegatorTest</className>
          <testName>testViewEducationThatDontBelongToTheUser</testName>
          <skipped>false</skipped>
          <failedSince>0</failedSince>
        </case>
        <case>
          <duration>0.124</duration>
          <className>org.orcid.api.memberV2.server.delegator.MemberV2ApiServiceDelegatorTest</className>
          <testName>testAddEducation</testName>
          <skipped>false</skipped>
          <failedSince>0</failedSince>
        </case>
        <case>
          <duration>1.039</duration>
          <className>org.orcid.api.memberV2.server.delegator.MemberV2ApiServiceDelegatorTest</className>
          <testName>testUpdateEducation</testName>
          <skipped>false</skipped>
          <failedSince>0</failedSince>
        </case>
        <case>
          <duration>0.012</duration>
          <className>org.orcid.api.memberV2.server.delegator.MemberV2ApiServiceDelegatorTest</className>
          <testName>testUpdateEducationYouAreNotTheSourceOf</testName>
          <skipped>false</skipped>
          <failedSince>0</failedSince>
        </case>
        <case>
          <duration>1.214</duration>
          <className>org.orcid.api.memberV2.server.delegator.MemberV2ApiServiceDelegatorTest</className>
          <testName>testDeleteEducation</testName>
          <skipped>false</skipped>
          <failedSince>0</failedSince>
        </case>
        <case>
          <duration>0.006</duration>
          <className>org.orcid.api.memberV2.server.delegator.MemberV2ApiServiceDelegatorTest</className>
          <testName>testDeleteEducationYouAreNotTheSourceOf</testName>
          <skipped>false</skipped>
          <failedSince>0</failedSince>
        </case>
        <case>
          <duration>0.01</duration>
          <className>org.orcid.api.memberV2.server.delegator.MemberV2ApiServiceDelegatorTest</className>
          <testName>testViewEmployment</testName>
          <skipped>false</skipped>
          <failedSince>0</failedSince>
        </case>
        <case>
          <duration>0.005</duration>
          <className>org.orcid.api.memberV2.server.delegator.MemberV2ApiServiceDelegatorTest</className>
          <testName>testViewLimitedEmployment</testName>
          <skipped>false</skipped>
          <failedSince>0</failedSince>
        </case>
        <case>
          <duration>0.009</duration>
          <className>org.orcid.api.memberV2.server.delegator.MemberV2ApiServiceDelegatorTest</className>
          <testName>testViewPrivateEmployment</testName>
          <skipped>false</skipped>
          <failedSince>0</failedSince>
        </case>
        <case>
          <duration>0.005</duration>
          <className>org.orcid.api.memberV2.server.delegator.MemberV2ApiServiceDelegatorTest</className>
          <testName>testViewPrivateEmploymentWhereYouAreNotTheSource</testName>
          <skipped>false</skipped>
          <failedSince>0</failedSince>
        </case>
        <case>
          <duration>0.001</duration>
          <className>org.orcid.api.memberV2.server.delegator.MemberV2ApiServiceDelegatorTest</className>
          <testName>testViewEmploymentThatDontBelongToTheUser</testName>
          <skipped>false</skipped>
          <failedSince>0</failedSince>
        </case>
        <case>
          <duration>0.254</duration>
          <className>org.orcid.api.memberV2.server.delegator.MemberV2ApiServiceDelegatorTest</className>
          <testName>testAddEmployment</testName>
          <skipped>false</skipped>
          <failedSince>0</failedSince>
        </case>
        <case>
          <duration>0.21</duration>
          <className>org.orcid.api.memberV2.server.delegator.MemberV2ApiServiceDelegatorTest</className>
          <testName>testUpdateEmployment</testName>
          <skipped>false</skipped>
          <failedSince>0</failedSince>
        </case>
        <case>
          <duration>0.009</duration>
          <className>org.orcid.api.memberV2.server.delegator.MemberV2ApiServiceDelegatorTest</className>
          <testName>testUpdateEmploymentYouAreNotTheSourceOf</testName>
          <skipped>false</skipped>
          <failedSince>0</failedSince>
        </case>
        <case>
          <duration>0.081</duration>
          <className>org.orcid.api.memberV2.server.delegator.MemberV2ApiServiceDelegatorTest</className>
          <testName>testDeleteEmployment</testName>
          <skipped>false</skipped>
          <failedSince>0</failedSince>
        </case>
        <case>
          <duration>0.005</duration>
          <className>org.orcid.api.memberV2.server.delegator.MemberV2ApiServiceDelegatorTest</className>
          <testName>testDeleteEmploymentYouAreNotTheSourceOf</testName>
          <skipped>false</skipped>
          <failedSince>0</failedSince>
        </case>
        <case>
          <duration>0.016</duration>
          <className>org.orcid.api.memberV2.server.delegator.MemberV2ApiServiceDelegatorTest</className>
          <testName>testViewPublicPeerReview</testName>
          <skipped>false</skipped>
          <failedSince>0</failedSince>
        </case>
        <case>
          <duration>0.079</duration>
          <className>org.orcid.api.memberV2.server.delegator.MemberV2ApiServiceDelegatorTest</className>
          <testName>testViewLimitedPeerReview</testName>
          <skipped>false</skipped>
          <failedSince>0</failedSince>
        </case>
        <case>
          <duration>0.011</duration>
          <className>org.orcid.api.memberV2.server.delegator.MemberV2ApiServiceDelegatorTest</className>
          <testName>testViewPrivatePeerReview</testName>
          <skipped>false</skipped>
          <failedSince>0</failedSince>
        </case>
        <case>
          <duration>0.011</duration>
          <className>org.orcid.api.memberV2.server.delegator.MemberV2ApiServiceDelegatorTest</className>
          <testName>testViewPrivatePeerReviewWhereYouAreNotTheSource</testName>
          <skipped>false</skipped>
          <failedSince>0</failedSince>
        </case>
        <case>
          <duration>0.002</duration>
          <className>org.orcid.api.memberV2.server.delegator.MemberV2ApiServiceDelegatorTest</className>
          <testName>testViewPeerReviewThatDontBelongToTheUser</testName>
          <skipped>false</skipped>
          <failedSince>0</failedSince>
        </case>
        <case>
          <duration>0.01</duration>
          <className>org.orcid.api.memberV2.server.delegator.MemberV2ApiServiceDelegatorTest</className>
          <testName>testViewPeerReviewSummary</testName>
          <skipped>false</skipped>
          <failedSince>0</failedSince>
        </case>
        <case>
          <duration>0.394</duration>
          <className>org.orcid.api.memberV2.server.delegator.MemberV2ApiServiceDelegatorTest</className>
          <testName>testUpdatePeerReview</testName>
          <skipped>false</skipped>
          <failedSince>0</failedSince>
        </case>
        <case>
          <duration>0.091</duration>
          <className>org.orcid.api.memberV2.server.delegator.MemberV2ApiServiceDelegatorTest</className>
          <testName>testUpdatePeerReviewWhenYouAreNotTheSourceOf</testName>
          <skipped>false</skipped>
          <failedSince>0</failedSince>
        </case>
        <case>
          <duration>0.131</duration>
          <className>org.orcid.api.memberV2.server.delegator.MemberV2ApiServiceDelegatorTest</className>
          <testName>testAddPeerReview</testName>
          <skipped>false</skipped>
          <failedSince>0</failedSince>
        </case>
        <case>
          <duration>0.3</duration>
          <className>org.orcid.api.memberV2.server.delegator.MemberV2ApiServiceDelegatorTest</className>
          <testName>testDeletePeerReview</testName>
          <skipped>false</skipped>
          <failedSince>0</failedSince>
        </case>
        <case>
          <duration>0.009</duration>
          <className>org.orcid.api.memberV2.server.delegator.MemberV2ApiServiceDelegatorTest</className>
          <testName>testDeletePeerReviewYouAreNotTheSourceOf</testName>
          <skipped>false</skipped>
          <failedSince>0</failedSince>
        </case>
        <case>
          <duration>0.01</duration>
          <className>org.orcid.api.memberV2.server.delegator.MemberV2ApiServiceDelegatorTest</className>
          <testName>testGetGroupIdRecord</testName>
          <skipped>false</skipped>
          <failedSince>0</failedSince>
        </case>
        <case>
          <duration>0.069</duration>
          <className>org.orcid.api.memberV2.server.delegator.MemberV2ApiServiceDelegatorTest</className>
          <testName>testCreateGroupIdRecord</testName>
          <skipped>false</skipped>
          <failedSince>0</failedSince>
        </case>
        <case>
          <duration>0.023</duration>
          <className>org.orcid.api.memberV2.server.delegator.MemberV2ApiServiceDelegatorTest</className>
          <testName>testUpdateGroupIdRecord</testName>
          <skipped>false</skipped>
          <failedSince>0</failedSince>
        </case>
        <case>
          <duration>0.068</duration>
          <className>org.orcid.api.memberV2.server.delegator.MemberV2ApiServiceDelegatorTest</className>
          <testName>testDeleteGroupIdRecord</testName>
          <skipped>false</skipped>
          <failedSince>0</failedSince>
        </case>
        <case>
          <duration>0.007</duration>
          <className>org.orcid.api.memberV2.server.delegator.MemberV2ApiServiceDelegatorTest</className>
          <testName>testGetGroupIdRecords</testName>
          <skipped>false</skipped>
          <failedSince>0</failedSince>
        </case>
        <case>
          <duration>0.01</duration>
          <className>org.orcid.api.memberV2.server.delegator.MemberV2ApiServiceDelegatorTest</className>
          <testName>testViewResearcherUrls</testName>
          <skipped>false</skipped>
          <failedSince>0</failedSince>
        </case>
        <case>
          <duration>0.005</duration>
          <className>org.orcid.api.memberV2.server.delegator.MemberV2ApiServiceDelegatorTest</className>
          <testName>testViewPublicResearcherUrl</testName>
          <skipped>false</skipped>
          <failedSince>0</failedSince>
        </case>
        <case>
          <duration>0.005</duration>
          <className>org.orcid.api.memberV2.server.delegator.MemberV2ApiServiceDelegatorTest</className>
          <testName>testViewLimitedResearcherUrl</testName>
          <skipped>false</skipped>
          <failedSince>0</failedSince>
        </case>
        <case>
          <duration>0.005</duration>
          <className>org.orcid.api.memberV2.server.delegator.MemberV2ApiServiceDelegatorTest</className>
          <testName>testViewPrivateResearcherUrl</testName>
          <skipped>false</skipped>
          <failedSince>0</failedSince>
        </case>
        <case>
          <duration>0.004</duration>
          <className>org.orcid.api.memberV2.server.delegator.MemberV2ApiServiceDelegatorTest</className>
          <testName>testViewPrivateResearcherUrlWhereYouAreNotTheSource</testName>
          <skipped>false</skipped>
          <failedSince>0</failedSince>
        </case>
        <case>
          <duration>0.001</duration>
          <className>org.orcid.api.memberV2.server.delegator.MemberV2ApiServiceDelegatorTest</className>
          <testName>testViewResearcherUrlThatDontBelongToTheUser</testName>
          <skipped>false</skipped>
          <failedSince>0</failedSince>
        </case>
        <case>
          <duration>0.012</duration>
          <className>org.orcid.api.memberV2.server.delegator.MemberV2ApiServiceDelegatorTest</className>
          <testName>testAddResearcherUrl</testName>
          <skipped>false</skipped>
          <failedSince>0</failedSince>
        </case>
        <case>
          <duration>0.053</duration>
          <className>org.orcid.api.memberV2.server.delegator.MemberV2ApiServiceDelegatorTest</className>
          <testName>testUpdateResearcherUrl</testName>
          <skipped>false</skipped>
          <failedSince>0</failedSince>
        </case>
        <case>
          <duration>0.011</duration>
          <className>org.orcid.api.memberV2.server.delegator.MemberV2ApiServiceDelegatorTest</className>
          <testName>testUpdateResearcherUrlYouAreNotTheSourceOf</testName>
          <skipped>false</skipped>
          <failedSince>0</failedSince>
        </case>
        <case>
          <duration>0.017</duration>
          <className>org.orcid.api.memberV2.server.delegator.MemberV2ApiServiceDelegatorTest</className>
          <testName>testDeleteResearcherUrl</testName>
          <skipped>false</skipped>
          <failedSince>0</failedSince>
        </case>
        <case>
          <duration>0.006</duration>
          <className>org.orcid.api.memberV2.server.delegator.MemberV2ApiServiceDelegatorTest</className>
          <testName>testViewEmails</testName>
          <skipped>false</skipped>
          <failedSince>0</failedSince>
        </case>
      </cases>
    </suite>
    <suite>
      <file>/var/lib/jenkins/jobs/ORCID-push_checker/workspace/orcid-api-web/target/surefire-reports/TEST-org.orcid.api.t2.server.delegator.NotificationsApiServiceDelegatorTest.xml</file>
      <name>org.orcid.api.t2.server.delegator.NotificationsApiServiceDelegatorTest</name>
      <duration>0.012</duration>
      <cases>
        <case>
          <duration>0.012</duration>
          <className>org.orcid.api.t2.server.delegator.NotificationsApiServiceDelegatorTest</className>
          <testName>testNotFoundError</testName>
          <skipped>false</skipped>
          <failedSince>0</failedSince>
        </case>
      </cases>
    </suite>
    <suite>
      <file>/var/lib/jenkins/jobs/ORCID-push_checker/workspace/orcid-api-web/target/surefire-reports/TEST-org.orcid.api.t2.server.delegator.T2OrcidApiServiceDelegatorTest.xml</file>
      <name>org.orcid.api.t2.server.delegator.T2OrcidApiServiceDelegatorTest</name>
      <duration>8.408001</duration>
      <cases>
        <case>
          <duration>1.746</duration>
          <className>org.orcid.api.t2.server.delegator.T2OrcidApiServiceDelegatorTest</className>
          <testName>testUpdateExistingNonPrivateWork</testName>
          <skipped>false</skipped>
          <failedSince>0</failedSince>
        </case>
        <case>
          <duration>0.369</duration>
          <className>org.orcid.api.t2.server.delegator.T2OrcidApiServiceDelegatorTest</className>
          <testName>testUpdateWorkWhenNotSource</testName>
          <skipped>false</skipped>
          <failedSince>0</failedSince>
        </case>
        <case>
          <duration>0.374</duration>
          <className>org.orcid.api.t2.server.delegator.T2OrcidApiServiceDelegatorTest</className>
          <testName>testAddAffilliations</testName>
          <skipped>false</skipped>
          <failedSince>0</failedSince>
        </case>
        <case>
          <duration>0.882</duration>
          <className>org.orcid.api.t2.server.delegator.T2OrcidApiServiceDelegatorTest</className>
          <testName>testUpdateWithNewAffiliation</testName>
          <skipped>false</skipped>
          <failedSince>0</failedSince>
        </case>
        <case>
          <duration>0.761</duration>
          <className>org.orcid.api.t2.server.delegator.T2OrcidApiServiceDelegatorTest</className>
          <testName>testUpdateExistingNonPrivateAffiliation</testName>
          <skipped>false</skipped>
          <failedSince>0</failedSince>
        </case>
        <case>
          <duration>0.308</duration>
          <className>org.orcid.api.t2.server.delegator.T2OrcidApiServiceDelegatorTest</className>
          <testName>testUpdateAffiliationWhenNotSource</testName>
          <skipped>false</skipped>
          <failedSince>0</failedSince>
        </case>
        <case>
          <duration>0.817</duration>
          <className>org.orcid.api.t2.server.delegator.T2OrcidApiServiceDelegatorTest</className>
          <testName>testUpdateWithNewWork</testName>
          <skipped>false</skipped>
          <failedSince>0</failedSince>
        </case>
        <case>
          <duration>0.03</duration>
          <className>org.orcid.api.t2.server.delegator.T2OrcidApiServiceDelegatorTest</className>
          <testName>testRegisterAndUnregisterWebhook</testName>
          <skipped>false</skipped>
          <failedSince>0</failedSince>
        </case>
        <case>
          <duration>0.309</duration>
          <className>org.orcid.api.t2.server.delegator.T2OrcidApiServiceDelegatorTest</className>
          <testName>testReadClaimedAsClientOnly</testName>
          <skipped>false</skipped>
          <failedSince>0</failedSince>
        </case>
        <case>
          <duration>1.427</duration>
          <className>org.orcid.api.t2.server.delegator.T2OrcidApiServiceDelegatorTest</className>
          <testName>testCreateAndReadOwnCreation</testName>
          <skipped>false</skipped>
          <failedSince>0</failedSince>
        </case>
        <case>
          <duration>0.741</duration>
          <className>org.orcid.api.t2.server.delegator.T2OrcidApiServiceDelegatorTest</className>
          <testName>testReadUnclaimedWhenNotOwnCreation</testName>
          <skipped>false</skipped>
          <failedSince>0</failedSince>
        </case>
        <case>
          <duration>0.297</duration>
          <className>org.orcid.api.t2.server.delegator.T2OrcidApiServiceDelegatorTest</className>
          <testName>testFindWorksDetails</testName>
          <skipped>false</skipped>
          <failedSince>0</failedSince>
        </case>
        <case>
          <duration>0.347</duration>
          <className>org.orcid.api.t2.server.delegator.T2OrcidApiServiceDelegatorTest</className>
          <testName>testAddWorks</testName>
          <skipped>false</skipped>
          <failedSince>0</failedSince>
        </case>
      </cases>
    </suite>
    <suite>
      <file>/var/lib/jenkins/jobs/ORCID-push_checker/workspace/orcid-api-web/target/surefire-reports/TEST-org.orcid.api.t2.server.delegator.T2OrcidApiServiceVersionedDelegatorTest.xml</file>
      <name>org.orcid.api.t2.server.delegator.T2OrcidApiServiceVersionedDelegatorTest</name>
      <duration>7.637</duration>
      <cases>
        <case>
          <duration>0.308</duration>
          <className>org.orcid.api.t2.server.delegator.T2OrcidApiServiceVersionedDelegatorTest</className>
          <testName>testRegisterAndUnregisterWebhook</testName>
          <skipped>false</skipped>
          <failedSince>0</failedSince>
        </case>
        <case>
          <duration>0.208</duration>
          <className>org.orcid.api.t2.server.delegator.T2OrcidApiServiceVersionedDelegatorTest</className>
          <testName>testCreateProfileWithInvalidHistoryElements</testName>
          <skipped>false</skipped>
          <failedSince>0</failedSince>
        </case>
        <case>
          <duration>0.502</duration>
          <className>org.orcid.api.t2.server.delegator.T2OrcidApiServiceVersionedDelegatorTest</className>
          <testName>addAffiliationTest</testName>
          <skipped>false</skipped>
          <failedSince>0</failedSince>
        </case>
        <case>
          <duration>0.744</duration>
          <className>org.orcid.api.t2.server.delegator.T2OrcidApiServiceVersionedDelegatorTest</className>
          <testName>preventDuplicatedAffiliationsTest</testName>
          <skipped>false</skipped>
          <failedSince>0</failedSince>
        </case>
        <case>
          <duration>0.803</duration>
          <className>org.orcid.api.t2.server.delegator.T2OrcidApiServiceVersionedDelegatorTest</className>
          <testName>preventDuplicatedAffiliations2Test</testName>
          <skipped>false</skipped>
          <failedSince>0</failedSince>
        </case>
        <case>
          <duration>0.419</duration>
          <className>org.orcid.api.t2.server.delegator.T2OrcidApiServiceVersionedDelegatorTest</className>
          <testName>testReadClaimedAsClientOnly</testName>
          <skipped>false</skipped>
          <failedSince>0</failedSince>
        </case>
        <case>
          <duration>0.846</duration>
          <className>org.orcid.api.t2.server.delegator.T2OrcidApiServiceVersionedDelegatorTest</className>
          <testName>testCreateAndReadOwnCreation</testName>
          <skipped>false</skipped>
          <failedSince>0</failedSince>
        </case>
        <case>
          <duration>0.407</duration>
          <className>org.orcid.api.t2.server.delegator.T2OrcidApiServiceVersionedDelegatorTest</className>
          <testName>testAttemptCreateWithLaterButOtherwiseValidVersion</testName>
          <skipped>false</skipped>
          <failedSince>0</failedSince>
        </case>
        <case>
          <duration>0.403</duration>
          <className>org.orcid.api.t2.server.delegator.T2OrcidApiServiceVersionedDelegatorTest</className>
          <testName>testAttemptCreateWithTotallyIncorrectVersion</testName>
          <skipped>false</skipped>
          <failedSince>0</failedSince>
        </case>
        <case>
          <duration>0.816</duration>
          <className>org.orcid.api.t2.server.delegator.T2OrcidApiServiceVersionedDelegatorTest</className>
          <testName>testReadUnclaimedWhenNotOwnCreation</testName>
          <skipped>false</skipped>
          <failedSince>0</failedSince>
        </case>
        <case>
          <duration>0.94</duration>
          <className>org.orcid.api.t2.server.delegator.T2OrcidApiServiceVersionedDelegatorTest</className>
          <testName>testCreateWithAffiliations</testName>
          <skipped>false</skipped>
          <failedSince>0</failedSince>
        </case>
        <case>
          <duration>0.419</duration>
          <className>org.orcid.api.t2.server.delegator.T2OrcidApiServiceVersionedDelegatorTest</className>
          <testName>testFindWorksDetails</testName>
          <skipped>false</skipped>
          <failedSince>0</failedSince>
        </case>
        <case>
          <duration>0.42</duration>
          <className>org.orcid.api.t2.server.delegator.T2OrcidApiServiceVersionedDelegatorTest</className>
          <testName>testAddWorks</testName>
          <skipped>false</skipped>
          <failedSince>0</failedSince>
        </case>
        <case>
          <duration>0.402</duration>
          <className>org.orcid.api.t2.server.delegator.T2OrcidApiServiceVersionedDelegatorTest</className>
          <testName>testCreateBioWithMultiplePrimaryEmails</testName>
          <skipped>false</skipped>
          <failedSince>0</failedSince>
        </case>
      </cases>
    </suite>
  </suites>
  <duration>27.647003</duration>
  <keepLongStdio>false</keepLongStdio>
</result>