<?xml version='1.0' encoding='UTF-8'?>
<result plugin="junit@1.11">
  <suites>
    <suite>
      <file>/var/lib/jenkins/jobs/ORCID-push_checker/workspace/orcid-core/target/surefire-reports/TEST-org.orcid.core.SourceInActivitiesTest.xml</file>
      <name>org.orcid.core.SourceInActivitiesTest</name>
      <duration>8.115999</duration>
      <cases>
        <case>
          <duration>5.376</duration>
          <className>org.orcid.core.SourceInActivitiesTest</className>
          <testName>sourceDoesntChange_Work_Test</testName>
          <skipped>false</skipped>
          <failedSince>0</failedSince>
        </case>
        <case>
          <duration>0.004</duration>
          <className>org.orcid.core.SourceInActivitiesTest</className>
          <testName>addWorkWithoutTitle</testName>
          <skipped>false</skipped>
          <failedSince>0</failedSince>
        </case>
        <case>
          <duration>0.001</duration>
          <className>org.orcid.core.SourceInActivitiesTest</className>
          <testName>addWorkWithoutExternalIdentifiers</testName>
          <skipped>false</skipped>
          <failedSince>0</failedSince>
        </case>
        <case>
          <duration>0.001</duration>
          <className>org.orcid.core.SourceInActivitiesTest</className>
          <testName>addWorkWithPutCode</testName>
          <skipped>false</skipped>
          <failedSince>0</failedSince>
        </case>
        <case>
          <duration>1.02</duration>
          <className>org.orcid.core.SourceInActivitiesTest</className>
          <testName>sourceDoesntChange_Funding_Test</testName>
          <skipped>false</skipped>
          <failedSince>0</failedSince>
        </case>
        <case>
          <duration>0.001</duration>
          <className>org.orcid.core.SourceInActivitiesTest</className>
          <testName>addFundingWithoutTitle</testName>
          <skipped>false</skipped>
          <failedSince>0</failedSince>
        </case>
        <case>
          <duration>0.001</duration>
          <className>org.orcid.core.SourceInActivitiesTest</className>
          <testName>addFundingWithoutExternalIdentifiers</testName>
          <skipped>false</skipped>
          <failedSince>0</failedSince>
        </case>
        <case>
          <duration>0.001</duration>
          <className>org.orcid.core.SourceInActivitiesTest</className>
          <testName>addFundingWithPutCode</testName>
          <skipped>false</skipped>
          <failedSince>0</failedSince>
        </case>
        <case>
          <duration>1.081</duration>
          <className>org.orcid.core.SourceInActivitiesTest</className>
          <testName>sourceDoesntChange_PeerReview_Test</testName>
          <skipped>false</skipped>
          <failedSince>0</failedSince>
        </case>
        <case>
          <duration>0.63</duration>
          <className>org.orcid.core.SourceInActivitiesTest</className>
          <testName>sourceDoesntChange_Affiliation_Test</testName>
          <skipped>false</skipped>
          <failedSince>0</failedSince>
        </case>
        <case>
          <duration>0.0</duration>
          <className>org.orcid.core.SourceInActivitiesTest</className>
          <testName>addAffiliationWithPutCode</testName>
          <skipped>false</skipped>
          <failedSince>0</failedSince>
        </case>
      </cases>
    </suite>
    <suite>
      <file>/var/lib/jenkins/jobs/ORCID-push_checker/workspace/orcid-core/target/surefire-reports/TEST-org.orcid.core.TestXmlValidity.xml</file>
      <name>org.orcid.core.TestXmlValidity</name>
      <duration>2.336</duration>
      <cases>
        <case>
          <duration>2.336</duration>
          <className>org.orcid.core.TestXmlValidity</className>
          <testName>testAllOrcidMessages</testName>
          <skipped>false</skipped>
          <failedSince>0</failedSince>
        </case>
      </cases>
    </suite>
    <suite>
      <file>/var/lib/jenkins/jobs/ORCID-push_checker/workspace/orcid-core/target/surefire-reports/TEST-org.orcid.core.adapter.FundingExternalIdentifiersConversionsTest.xml</file>
      <name>org.orcid.core.adapter.FundingExternalIdentifiersConversionsTest</name>
      <duration>0.0</duration>
      <cases>
        <case>
          <duration>0.0</duration>
          <className>org.orcid.core.adapter.FundingExternalIdentifiersConversionsTest</className>
          <testName>messageToCoreObjectTest</testName>
          <skipped>false</skipped>
          <failedSince>0</failedSince>
        </case>
        <case>
          <duration>0.0</duration>
          <className>org.orcid.core.adapter.FundingExternalIdentifiersConversionsTest</className>
          <testName>recordToCoreObjectTest</testName>
          <skipped>false</skipped>
          <failedSince>0</failedSince>
        </case>
        <case>
          <duration>0.0</duration>
          <className>org.orcid.core.adapter.FundingExternalIdentifiersConversionsTest</className>
          <testName>coreObjectToMessageTest</testName>
          <skipped>false</skipped>
          <failedSince>0</failedSince>
        </case>
        <case>
          <duration>0.0</duration>
          <className>org.orcid.core.adapter.FundingExternalIdentifiersConversionsTest</className>
          <testName>coreObjectToRecordTest</testName>
          <skipped>false</skipped>
          <failedSince>0</failedSince>
        </case>
      </cases>
    </suite>
    <suite>
      <file>/var/lib/jenkins/jobs/ORCID-push_checker/workspace/orcid-core/target/surefire-reports/TEST-org.orcid.core.adapter.JpaJaxbEducationAdapterTest.xml</file>
      <name>org.orcid.core.adapter.JpaJaxbEducationAdapterTest</name>
      <duration>0.111</duration>
      <cases>
        <case>
          <duration>0.105</duration>
          <className>org.orcid.core.adapter.JpaJaxbEducationAdapterTest</className>
          <testName>testToOrgAffiliationRelationEntity</testName>
          <skipped>false</skipped>
          <failedSince>0</failedSince>
        </case>
        <case>
          <duration>0.005</duration>
          <className>org.orcid.core.adapter.JpaJaxbEducationAdapterTest</className>
          <testName>fromOrgAffiliationRelationEntityToEducation</testName>
          <skipped>false</skipped>
          <failedSince>0</failedSince>
        </case>
        <case>
          <duration>0.001</duration>
          <className>org.orcid.core.adapter.JpaJaxbEducationAdapterTest</className>
          <testName>fromOrgAffiliationRelationEntityToEducationSummary</testName>
          <skipped>false</skipped>
          <failedSince>0</failedSince>
        </case>
      </cases>
    </suite>
    <suite>
      <file>/var/lib/jenkins/jobs/ORCID-push_checker/workspace/orcid-core/target/surefire-reports/TEST-org.orcid.core.adapter.JpaJaxbEmploymentAdapterTest.xml</file>
      <name>org.orcid.core.adapter.JpaJaxbEmploymentAdapterTest</name>
      <duration>0.041</duration>
      <cases>
        <case>
          <duration>0.032</duration>
          <className>org.orcid.core.adapter.JpaJaxbEmploymentAdapterTest</className>
          <testName>testToOrgAffiliationRelationEntity</testName>
          <skipped>false</skipped>
          <failedSince>0</failedSince>
        </case>
        <case>
          <duration>0.008</duration>
          <className>org.orcid.core.adapter.JpaJaxbEmploymentAdapterTest</className>
          <testName>fromOrgAffiliationRelationEntityToEmployment</testName>
          <skipped>false</skipped>
          <failedSince>0</failedSince>
        </case>
        <case>
          <duration>0.001</duration>
          <className>org.orcid.core.adapter.JpaJaxbEmploymentAdapterTest</className>
          <testName>fromOrgAffiliationRelationEntityToEmploymentSummary</testName>
          <skipped>false</skipped>
          <failedSince>0</failedSince>
        </case>
      </cases>
    </suite>
    <suite>
      <file>/var/lib/jenkins/jobs/ORCID-push_checker/workspace/orcid-core/target/surefire-reports/TEST-org.orcid.core.adapter.JpaJaxbEntityAdapterToOrcidClientGroupTest.xml</file>
      <name>org.orcid.core.adapter.JpaJaxbEntityAdapterToOrcidClientGroupTest</name>
      <duration>0.043</duration>
      <cases>
        <case>
          <duration>0.043</duration>
          <className>org.orcid.core.adapter.JpaJaxbEntityAdapterToOrcidClientGroupTest</className>
          <testName>testToOrcidProfile</testName>
          <skipped>false</skipped>
          <failedSince>0</failedSince>
        </case>
      </cases>
    </suite>
    <suite>
      <file>/var/lib/jenkins/jobs/ORCID-push_checker/workspace/orcid-core/target/surefire-reports/TEST-org.orcid.core.adapter.JpaJaxbEntityAdapterToOrcidProfileTest.xml</file>
      <name>org.orcid.core.adapter.JpaJaxbEntityAdapterToOrcidProfileTest</name>
      <duration>0.717</duration>
      <cases>
        <case>
          <duration>0.312</duration>
          <className>org.orcid.core.adapter.JpaJaxbEntityAdapterToOrcidProfileTest</className>
          <testName>testToOrcidProfileWithNewWayOfDoingEmails</testName>
          <skipped>false</skipped>
          <failedSince>0</failedSince>
        </case>
        <case>
          <duration>0.021</duration>
          <className>org.orcid.core.adapter.JpaJaxbEntityAdapterToOrcidProfileTest</className>
          <testName>testToOrcidProfileWithNewWayOfDoingWorkContributors</testName>
          <skipped>false</skipped>
          <failedSince>0</failedSince>
        </case>
        <case>
          <duration>0.384</duration>
          <className>org.orcid.core.adapter.JpaJaxbEntityAdapterToOrcidProfileTest</className>
          <testName>testToOrcidProfile</testName>
          <skipped>false</skipped>
          <failedSince>0</failedSince>
        </case>
      </cases>
    </suite>
    <suite>
      <file>/var/lib/jenkins/jobs/ORCID-push_checker/workspace/orcid-core/target/surefire-reports/TEST-org.orcid.core.adapter.JpaJaxbEntityAdapterToProfileEntityTest.xml</file>
      <name>org.orcid.core.adapter.JpaJaxbEntityAdapterToProfileEntityTest</name>
      <duration>1.3370001</duration>
      <cases>
        <case>
          <duration>0.488</duration>
          <className>org.orcid.core.adapter.JpaJaxbEntityAdapterToProfileEntityTest</className>
          <testName>testMarshalling</testName>
          <skipped>false</skipped>
          <failedSince>0</failedSince>
        </case>
        <case>
          <duration>0.339</duration>
          <className>org.orcid.core.adapter.JpaJaxbEntityAdapterToProfileEntityTest</className>
          <testName>testToProfileEntity</testName>
          <skipped>false</skipped>
          <failedSince>0</failedSince>
        </case>
        <case>
          <duration>0.277</duration>
          <className>org.orcid.core.adapter.JpaJaxbEntityAdapterToProfileEntityTest</className>
          <testName>testInternalMessageToProfileEntity</testName>
          <skipped>false</skipped>
          <failedSince>0</failedSince>
        </case>
        <case>
          <duration>0.233</duration>
          <className>org.orcid.core.adapter.JpaJaxbEntityAdapterToProfileEntityTest</className>
          <testName>testReligiousTextConvertedFromBible</testName>
          <skipped>false</skipped>
          <failedSince>0</failedSince>
        </case>
      </cases>
    </suite>
    <suite>
      <file>/var/lib/jenkins/jobs/ORCID-push_checker/workspace/orcid-core/target/surefire-reports/TEST-org.orcid.core.adapter.JpaJaxbExternalIdentifierAdapterTest.xml</file>
      <name>org.orcid.core.adapter.JpaJaxbExternalIdentifierAdapterTest</name>
      <duration>0.024999999</duration>
      <cases>
        <case>
          <duration>0.02</duration>
          <className>org.orcid.core.adapter.JpaJaxbExternalIdentifierAdapterTest</className>
          <testName>testToExternalIdentifierEntity</testName>
          <skipped>false</skipped>
          <failedSince>0</failedSince>
        </case>
        <case>
          <duration>0.005</duration>
          <className>org.orcid.core.adapter.JpaJaxbExternalIdentifierAdapterTest</className>
          <testName>fromExternalIdentifierEntityToExternalIdentifier</testName>
          <skipped>false</skipped>
          <failedSince>0</failedSince>
        </case>
      </cases>
    </suite>
    <suite>
      <file>/var/lib/jenkins/jobs/ORCID-push_checker/workspace/orcid-core/target/surefire-reports/TEST-org.orcid.core.adapter.JpaJaxbFundingAdapterTest.xml</file>
      <name>org.orcid.core.adapter.JpaJaxbFundingAdapterTest</name>
      <duration>0.194</duration>
      <cases>
        <case>
          <duration>0.178</duration>
          <className>org.orcid.core.adapter.JpaJaxbFundingAdapterTest</className>
          <testName>toFundingEntityTest</testName>
          <skipped>false</skipped>
          <failedSince>0</failedSince>
        </case>
        <case>
          <duration>0.013</duration>
          <className>org.orcid.core.adapter.JpaJaxbFundingAdapterTest</className>
          <testName>fromFundingEntityTest</testName>
          <skipped>false</skipped>
          <failedSince>0</failedSince>
        </case>
        <case>
          <duration>0.003</duration>
          <className>org.orcid.core.adapter.JpaJaxbFundingAdapterTest</className>
          <testName>fromFundingEntityToSummaryTest</testName>
          <skipped>false</skipped>
          <failedSince>0</failedSince>
        </case>
      </cases>
    </suite>
    <suite>
      <file>/var/lib/jenkins/jobs/ORCID-push_checker/workspace/orcid-core/target/surefire-reports/TEST-org.orcid.core.adapter.JpaJaxbGivenPermissionByAdapterTest.xml</file>
      <name>org.orcid.core.adapter.JpaJaxbGivenPermissionByAdapterTest</name>
      <duration>0.069</duration>
      <cases>
        <case>
          <duration>0.066</duration>
          <className>org.orcid.core.adapter.JpaJaxbGivenPermissionByAdapterTest</className>
          <testName>fromDelegationDetailsToGivenPermissionToEntityTest</testName>
          <skipped>false</skipped>
          <failedSince>0</failedSince>
        </case>
        <case>
          <duration>0.003</duration>
          <className>org.orcid.core.adapter.JpaJaxbGivenPermissionByAdapterTest</className>
          <testName>fromGivenPermissionToEntityToDelegationDetailsTest</testName>
          <skipped>false</skipped>
          <failedSince>0</failedSince>
        </case>
      </cases>
    </suite>
    <suite>
      <file>/var/lib/jenkins/jobs/ORCID-push_checker/workspace/orcid-core/target/surefire-reports/TEST-org.orcid.core.adapter.JpaJaxbGivenPermissionToAdapterTest.xml</file>
      <name>org.orcid.core.adapter.JpaJaxbGivenPermissionToAdapterTest</name>
      <duration>0.020000001</duration>
      <cases>
        <case>
          <duration>0.017</duration>
          <className>org.orcid.core.adapter.JpaJaxbGivenPermissionToAdapterTest</className>
          <testName>fromDelegationDetailsToGivenPermissionToEntityTest</testName>
          <skipped>false</skipped>
          <failedSince>0</failedSince>
        </case>
        <case>
          <duration>0.003</duration>
          <className>org.orcid.core.adapter.JpaJaxbGivenPermissionToAdapterTest</className>
          <testName>fromGivenPermissionToEntityToDelegationDetailsTest</testName>
          <skipped>false</skipped>
          <failedSince>0</failedSince>
        </case>
      </cases>
    </suite>
    <suite>
      <file>/var/lib/jenkins/jobs/ORCID-push_checker/workspace/orcid-core/target/surefire-reports/TEST-org.orcid.core.adapter.JpaJaxbKeywordAdapterTest.xml</file>
      <name>org.orcid.core.adapter.JpaJaxbKeywordAdapterTest</name>
      <duration>0.046</duration>
      <cases>
        <case>
          <duration>0.044</duration>
          <className>org.orcid.core.adapter.JpaJaxbKeywordAdapterTest</className>
          <testName>fromKeywordToProfileKeywordEntityTest</testName>
          <skipped>false</skipped>
          <failedSince>0</failedSince>
        </case>
        <case>
          <duration>0.002</duration>
          <className>org.orcid.core.adapter.JpaJaxbKeywordAdapterTest</className>
          <testName>fromProfileKeywordEntityToKeywordTest</testName>
          <skipped>false</skipped>
          <failedSince>0</failedSince>
        </case>
      </cases>
    </suite>
    <suite>
      <file>/var/lib/jenkins/jobs/ORCID-push_checker/workspace/orcid-core/target/surefire-reports/TEST-org.orcid.core.adapter.JpaJaxbNotificationAdapterTest.xml</file>
      <name>org.orcid.core.adapter.JpaJaxbNotificationAdapterTest</name>
      <duration>0.0050000004</duration>
      <cases>
        <case>
          <duration>0.0</duration>
          <className>org.orcid.core.adapter.JpaJaxbNotificationAdapterTest</className>
          <testName>testToNotificationCustomEntity</testName>
          <skipped>false</skipped>
          <failedSince>0</failedSince>
        </case>
        <case>
          <duration>0.001</duration>
          <className>org.orcid.core.adapter.JpaJaxbNotificationAdapterTest</className>
          <testName>testCustomEntityToNotification</testName>
          <skipped>false</skipped>
          <failedSince>0</failedSince>
        </case>
        <case>
          <duration>0.004</duration>
          <className>org.orcid.core.adapter.JpaJaxbNotificationAdapterTest</className>
          <testName>testToNotificationPermissionEntity</testName>
          <skipped>false</skipped>
          <failedSince>0</failedSince>
        </case>
        <case>
          <duration>0.0</duration>
          <className>org.orcid.core.adapter.JpaJaxbNotificationAdapterTest</className>
          <testName>testToNotificationAmendedEntity</testName>
          <skipped>false</skipped>
          <failedSince>0</failedSince>
        </case>
      </cases>
    </suite>
    <suite>
      <file>/var/lib/jenkins/jobs/ORCID-push_checker/workspace/orcid-core/target/surefire-reports/TEST-org.orcid.core.adapter.JpaJaxbOtherNameAdapterTest.xml</file>
      <name>org.orcid.core.adapter.JpaJaxbOtherNameAdapterTest</name>
      <duration>0.039</duration>
      <cases>
        <case>
          <duration>0.037</duration>
          <className>org.orcid.core.adapter.JpaJaxbOtherNameAdapterTest</className>
          <testName>fromOtherNameToOtherNameEntityTest</testName>
          <skipped>false</skipped>
          <failedSince>0</failedSince>
        </case>
        <case>
          <duration>0.002</duration>
          <className>org.orcid.core.adapter.JpaJaxbOtherNameAdapterTest</className>
          <testName>fromOtherNameEntityToOtherNameTest</testName>
          <skipped>false</skipped>
          <failedSince>0</failedSince>
        </case>
      </cases>
    </suite>
    <suite>
      <file>/var/lib/jenkins/jobs/ORCID-push_checker/workspace/orcid-core/target/surefire-reports/TEST-org.orcid.core.adapter.JpaJaxbPeerReviewAdapterTest.xml</file>
      <name>org.orcid.core.adapter.JpaJaxbPeerReviewAdapterTest</name>
      <duration>0.118999995</duration>
      <cases>
        <case>
          <duration>0.102</duration>
          <className>org.orcid.core.adapter.JpaJaxbPeerReviewAdapterTest</className>
          <testName>testToOrgAffiliationRelationEntity</testName>
          <skipped>false</skipped>
          <failedSince>0</failedSince>
        </case>
        <case>
          <duration>0.015</duration>
          <className>org.orcid.core.adapter.JpaJaxbPeerReviewAdapterTest</className>
          <testName>fromOrgAffiliationRelationEntityToEducation</testName>
          <skipped>false</skipped>
          <failedSince>0</failedSince>
        </case>
        <case>
          <duration>0.002</duration>
          <className>org.orcid.core.adapter.JpaJaxbPeerReviewAdapterTest</className>
          <testName>fromPeerReviewEntityToPeerReviewSummary</testName>
          <skipped>false</skipped>
          <failedSince>0</failedSince>
        </case>
      </cases>
    </suite>
    <suite>
      <file>/var/lib/jenkins/jobs/ORCID-push_checker/workspace/orcid-core/target/surefire-reports/TEST-org.orcid.core.adapter.JpaJaxbResearcherUrlAdapterTest.xml</file>
      <name>org.orcid.core.adapter.JpaJaxbResearcherUrlAdapterTest</name>
      <duration>0.064</duration>
      <cases>
        <case>
          <duration>0.063</duration>
          <className>org.orcid.core.adapter.JpaJaxbResearcherUrlAdapterTest</className>
          <testName>testToResearcherUrlEntity</testName>
          <skipped>false</skipped>
          <failedSince>0</failedSince>
        </case>
        <case>
          <duration>0.001</duration>
          <className>org.orcid.core.adapter.JpaJaxbResearcherUrlAdapterTest</className>
          <testName>fromResearcherUrlEntityToResearcherUrl</testName>
          <skipped>false</skipped>
          <failedSince>0</failedSince>
        </case>
      </cases>
    </suite>
    <suite>
      <file>/var/lib/jenkins/jobs/ORCID-push_checker/workspace/orcid-core/target/surefire-reports/TEST-org.orcid.core.adapter.JpaJaxbWorkAdapterTest.xml</file>
      <name>org.orcid.core.adapter.JpaJaxbWorkAdapterTest</name>
      <duration>0.14500001</duration>
      <cases>
        <case>
          <duration>0.136</duration>
          <className>org.orcid.core.adapter.JpaJaxbWorkAdapterTest</className>
          <testName>testToWorkEntity</testName>
          <skipped>false</skipped>
          <failedSince>0</failedSince>
        </case>
        <case>
          <duration>0.008</duration>
          <className>org.orcid.core.adapter.JpaJaxbWorkAdapterTest</className>
          <testName>fromProfileWorkEntityToWorkTest</testName>
          <skipped>false</skipped>
          <failedSince>0</failedSince>
        </case>
        <case>
          <duration>0.001</duration>
          <className>org.orcid.core.adapter.JpaJaxbWorkAdapterTest</className>
          <testName>fromProfileWorkEntityToWorkSummaryTest</testName>
          <skipped>false</skipped>
          <failedSince>0</failedSince>
        </case>
      </cases>
    </suite>
    <suite>
      <file>/var/lib/jenkins/jobs/ORCID-push_checker/workspace/orcid-core/target/surefire-reports/TEST-org.orcid.core.adapter.WorkFormTest.xml</file>
      <name>org.orcid.core.adapter.WorkFormTest</name>
      <duration>0.025</duration>
      <cases>
        <case>
          <duration>0.008</duration>
          <className>org.orcid.core.adapter.WorkFormTest</className>
          <testName>equalsTest</testName>
          <skipped>false</skipped>
          <failedSince>0</failedSince>
        </case>
        <case>
          <duration>0.015</duration>
          <className>org.orcid.core.adapter.WorkFormTest</className>
          <testName>toWorkTest</testName>
          <skipped>false</skipped>
          <failedSince>0</failedSince>
        </case>
        <case>
          <duration>0.002</duration>
          <className>org.orcid.core.adapter.WorkFormTest</className>
          <testName>toWorkFormTest</testName>
          <skipped>false</skipped>
          <failedSince>0</failedSince>
        </case>
      </cases>
    </suite>
    <suite>
      <file>/var/lib/jenkins/jobs/ORCID-push_checker/workspace/orcid-core/target/surefire-reports/TEST-org.orcid.core.crossref.CrossRefContextTest.xml</file>
      <name>org.orcid.core.crossref.CrossRefContextTest</name>
      <duration>0.040999997</duration>
      <cases>
        <case>
          <duration>0.04</duration>
          <className>org.orcid.core.crossref.CrossRefContextTest</className>
          <testName>testParseJournalArticle</testName>
          <skipped>false</skipped>
          <failedSince>0</failedSince>
        </case>
        <case>
          <duration>0.001</duration>
          <className>org.orcid.core.crossref.CrossRefContextTest</className>
          <testName>testParseBookPrefaceWithRomanNumerals</testName>
          <skipped>false</skipped>
          <failedSince>0</failedSince>
        </case>
      </cases>
    </suite>
    <suite>
      <file>/var/lib/jenkins/jobs/ORCID-push_checker/workspace/orcid-core/target/surefire-reports/TEST-org.orcid.core.crossref.CrossRefMetadataTest.xml</file>
      <name>org.orcid.core.crossref.CrossRefMetadataTest</name>
      <duration>0.065000005</duration>
      <cases>
        <case>
          <duration>0.064</duration>
          <className>org.orcid.core.crossref.CrossRefMetadataTest</className>
          <testName>testDeserialize</testName>
          <skipped>false</skipped>
          <failedSince>0</failedSince>
        </case>
        <case>
          <duration>0.001</duration>
          <className>org.orcid.core.crossref.CrossRefMetadataTest</className>
          <testName>testDeserializeList</testName>
          <skipped>false</skipped>
          <failedSince>0</failedSince>
        </case>
      </cases>
    </suite>
    <suite>
      <file>/var/lib/jenkins/jobs/ORCID-push_checker/workspace/orcid-core/target/surefire-reports/TEST-org.orcid.core.crypto.DesEncrypterTest.xml</file>
      <name>org.orcid.core.crypto.DesEncrypterTest</name>
      <duration>0.036</duration>
      <cases>
        <case>
          <duration>0.035</duration>
          <className>org.orcid.core.crypto.DesEncrypterTest</className>
          <testName>testEncrypt</testName>
          <skipped>false</skipped>
          <failedSince>0</failedSince>
        </case>
        <case>
          <duration>0.001</duration>
          <className>org.orcid.core.crypto.DesEncrypterTest</className>
          <testName>testDescrypt</testName>
          <skipped>false</skipped>
          <failedSince>0</failedSince>
        </case>
      </cases>
    </suite>
    <suite>
      <file>/var/lib/jenkins/jobs/ORCID-push_checker/workspace/orcid-core/target/surefire-reports/TEST-org.orcid.core.manager.AppIdGenerationManagerTest.xml</file>
      <name>org.orcid.core.manager.AppIdGenerationManagerTest</name>
      <duration>0.001</duration>
      <cases>
        <case>
          <duration>0.001</duration>
          <className>org.orcid.core.manager.AppIdGenerationManagerTest</className>
          <testName>testGenerateAppId</testName>
          <skipped>false</skipped>
          <failedSince>0</failedSince>
        </case>
      </cases>
    </suite>
    <suite>
      <file>/var/lib/jenkins/jobs/ORCID-push_checker/workspace/orcid-core/target/surefire-reports/TEST-org.orcid.core.manager.CustomEmailManagerTest.xml</file>
      <name>org.orcid.core.manager.CustomEmailManagerTest</name>
      <duration>0.011</duration>
      <cases>
        <case>
          <duration>0.004</duration>
          <className>org.orcid.core.manager.CustomEmailManagerTest</className>
          <testName>testGetCustomEmails</testName>
          <skipped>false</skipped>
          <failedSince>0</failedSince>
        </case>
        <case>
          <duration>0.003</duration>
          <className>org.orcid.core.manager.CustomEmailManagerTest</className>
          <testName>testAddAmendCustomEmail</testName>
          <skipped>false</skipped>
          <failedSince>0</failedSince>
        </case>
        <case>
          <duration>0.004</duration>
          <className>org.orcid.core.manager.CustomEmailManagerTest</className>
          <testName>testDeleteCustomEmail</testName>
          <skipped>false</skipped>
          <failedSince>0</failedSince>
        </case>
      </cases>
    </suite>
    <suite>
      <file>/var/lib/jenkins/jobs/ORCID-push_checker/workspace/orcid-core/target/surefire-reports/TEST-org.orcid.core.manager.EmailMessageSenderTest.xml</file>
      <name>org.orcid.core.manager.EmailMessageSenderTest</name>
      <duration>0.83</duration>
      <cases>
        <case>
          <duration>0.83</duration>
          <className>org.orcid.core.manager.EmailMessageSenderTest</className>
          <testName>testCreateDigest</testName>
          <skipped>false</skipped>
          <failedSince>0</failedSince>
        </case>
      </cases>
    </suite>
    <suite>
      <file>/var/lib/jenkins/jobs/ORCID-push_checker/workspace/orcid-core/target/surefire-reports/TEST-org.orcid.core.manager.EncryptionManagerTest.xml</file>
      <name>org.orcid.core.manager.EncryptionManagerTest</name>
      <duration>0.81299996</duration>
      <cases>
        <case>
          <duration>0.001</duration>
          <className>org.orcid.core.manager.EncryptionManagerTest</className>
          <testName>testLegacyEncyrptForInternalUse</testName>
          <skipped>false</skipped>
          <failedSince>0</failedSince>
        </case>
        <case>
          <duration>0.0</duration>
          <className>org.orcid.core.manager.EncryptionManagerTest</className>
          <testName>testLegacyDecryptForInternalUse</testName>
          <skipped>false</skipped>
          <failedSince>0</failedSince>
        </case>
        <case>
          <duration>0.003</duration>
          <className>org.orcid.core.manager.EncryptionManagerTest</className>
          <testName>testEncryptAndDecryptForInternalUse</testName>
          <skipped>false</skipped>
          <failedSince>0</failedSince>
        </case>
        <case>
          <duration>0.006</duration>
          <className>org.orcid.core.manager.EncryptionManagerTest</className>
          <testName>testEncryptAndDecryptForExternalUse</testName>
          <skipped>false</skipped>
          <failedSince>0</failedSince>
        </case>
        <case>
          <duration>0.001</duration>
          <className>org.orcid.core.manager.EncryptionManagerTest</className>
          <testName>testLegacyEncryptAndDecryptForExternalUse</testName>
          <skipped>false</skipped>
          <failedSince>0</failedSince>
        </case>
        <case>
          <duration>0.802</duration>
          <className>org.orcid.core.manager.EncryptionManagerTest</className>
          <testName>testHashForInternalUse</testName>
          <skipped>false</skipped>
          <failedSince>0</failedSince>
        </case>
      </cases>
    </suite>
    <suite>
      <file>/var/lib/jenkins/jobs/ORCID-push_checker/workspace/orcid-core/target/surefire-reports/TEST-org.orcid.core.manager.NotificationManagerTest.xml</file>
      <name>org.orcid.core.manager.NotificationManagerTest</name>
      <duration>16.289</duration>
      <cases>
        <case>
          <duration>1.328</duration>
          <className>org.orcid.core.manager.NotificationManagerTest</className>
          <testName>testSendWelcomeEmail</testName>
          <skipped>false</skipped>
          <failedSince>0</failedSince>
        </case>
        <case>
          <duration>0.483</duration>
          <className>org.orcid.core.manager.NotificationManagerTest</className>
          <testName>testSendVerificationEmail</testName>
          <skipped>false</skipped>
          <failedSince>0</failedSince>
        </case>
        <case>
          <duration>1.99</duration>
          <className>org.orcid.core.manager.NotificationManagerTest</className>
          <testName>testResetEmail</testName>
          <skipped>false</skipped>
          <failedSince>0</failedSince>
        </case>
        <case>
          <duration>0.495</duration>
          <className>org.orcid.core.manager.NotificationManagerTest</className>
          <testName>testAmendEmail</testName>
          <skipped>false</skipped>
          <failedSince>0</failedSince>
        </case>
        <case>
          <duration>0.222</duration>
          <className>org.orcid.core.manager.NotificationManagerTest</className>
          <testName>testAddedDelegatesSentCorrectEmail</testName>
          <skipped>false</skipped>
          <failedSince>0</failedSince>
        </case>
        <case>
          <duration>1.777</duration>
          <className>org.orcid.core.manager.NotificationManagerTest</className>
          <testName>testSendDeactivateEmail</testName>
          <skipped>false</skipped>
          <failedSince>0</failedSince>
        </case>
        <case>
          <duration>1.782</duration>
          <className>org.orcid.core.manager.NotificationManagerTest</className>
          <testName>testApiCreatedRecordEmail</testName>
          <skipped>false</skipped>
          <failedSince>0</failedSince>
        </case>
        <case>
          <duration>1.758</duration>
          <className>org.orcid.core.manager.NotificationManagerTest</className>
          <testName>testSendServiceAnnouncement_1_For_2015</testName>
          <skipped>false</skipped>
          <failedSince>0</failedSince>
        </case>
        <case>
          <duration>1.543</duration>
          <className>org.orcid.core.manager.NotificationManagerTest</className>
          <testName>testSendVerificationReminderEmail</testName>
          <skipped>false</skipped>
          <failedSince>0</failedSince>
        </case>
        <case>
          <duration>1.528</duration>
          <className>org.orcid.core.manager.NotificationManagerTest</className>
          <testName>testClaimReminderEmail</testName>
          <skipped>false</skipped>
          <failedSince>0</failedSince>
        </case>
        <case>
          <duration>1.502</duration>
          <className>org.orcid.core.manager.NotificationManagerTest</className>
          <testName>testChangeEmailAddress</testName>
          <skipped>false</skipped>
          <failedSince>0</failedSince>
        </case>
        <case>
          <duration>1.673</duration>
          <className>org.orcid.core.manager.NotificationManagerTest</className>
          <testName>testAdminDelegateRequest</testName>
          <skipped>false</skipped>
          <failedSince>0</failedSince>
        </case>
        <case>
          <duration>0.208</duration>
          <className>org.orcid.core.manager.NotificationManagerTest</className>
          <testName>testCreateCustomNotification</testName>
          <skipped>false</skipped>
          <failedSince>0</failedSince>
        </case>
      </cases>
    </suite>
    <suite>
      <file>/var/lib/jenkins/jobs/ORCID-push_checker/workspace/orcid-core/target/surefire-reports/TEST-org.orcid.core.manager.OrcidClientGroupManagerTest.xml</file>
      <name>org.orcid.core.manager.OrcidClientGroupManagerTest</name>
      <duration>20.970001</duration>
      <cases>
        <case>
          <duration>2.009</duration>
          <className>org.orcid.core.manager.OrcidClientGroupManagerTest</className>
          <testName>testCreateOrcidCreatorClientGroup</testName>
          <skipped>false</skipped>
          <failedSince>0</failedSince>
        </case>
        <case>
          <duration>2.066</duration>
          <className>org.orcid.core.manager.OrcidClientGroupManagerTest</className>
          <testName>testGetOrcidClientList</testName>
          <skipped>false</skipped>
          <failedSince>0</failedSince>
        </case>
        <case>
          <duration>1.942</duration>
          <className>org.orcid.core.manager.OrcidClientGroupManagerTest</className>
          <testName>testAddMoreThanOneClientToBasicGroup</testName>
          <skipped>false</skipped>
          <failedSince>0</failedSince>
        </case>
        <case>
          <duration>1.767</duration>
          <className>org.orcid.core.manager.OrcidClientGroupManagerTest</className>
          <testName>testAddCreatorToBasicGroup</testName>
          <skipped>false</skipped>
          <failedSince>0</failedSince>
        </case>
        <case>
          <duration>1.864</duration>
          <className>org.orcid.core.manager.OrcidClientGroupManagerTest</className>
          <testName>testAddMoreThanOneClientToBasicInstitutionGroup</testName>
          <skipped>false</skipped>
          <failedSince>0</failedSince>
        </case>
        <case>
          <duration>1.84</duration>
          <className>org.orcid.core.manager.OrcidClientGroupManagerTest</className>
          <testName>testAddUpdaterToBasicInstitutionGroup</testName>
          <skipped>false</skipped>
          <failedSince>0</failedSince>
        </case>
        <case>
          <duration>1.838</duration>
          <className>org.orcid.core.manager.OrcidClientGroupManagerTest</className>
          <testName>testAddCreatorToPremiumGroup</testName>
          <skipped>false</skipped>
          <failedSince>0</failedSince>
        </case>
        <case>
          <duration>1.964</duration>
          <className>org.orcid.core.manager.OrcidClientGroupManagerTest</className>
          <testName>testAddUpdaterToPremiumInstitutionGroup</testName>
          <skipped>false</skipped>
          <failedSince>0</failedSince>
        </case>
        <case>
          <duration>1.896</duration>
          <className>org.orcid.core.manager.OrcidClientGroupManagerTest</className>
          <testName>testUpdateGroup</testName>
          <skipped>false</skipped>
          <failedSince>0</failedSince>
        </case>
        <case>
          <duration>1.931</duration>
          <className>org.orcid.core.manager.OrcidClientGroupManagerTest</className>
          <testName>testUpdateOrcidClientGroup</testName>
          <skipped>false</skipped>
          <failedSince>0</failedSince>
        </case>
        <case>
          <duration>1.853</duration>
          <className>org.orcid.core.manager.OrcidClientGroupManagerTest</className>
          <testName>testCreateOrcidClientGroup</testName>
          <skipped>false</skipped>
          <failedSince>0</failedSince>
        </case>
      </cases>
    </suite>
    <suite>
      <file>/var/lib/jenkins/jobs/ORCID-push_checker/workspace/orcid-core/target/surefire-reports/TEST-org.orcid.core.manager.OrcidGenerationManagerTest.xml</file>
      <name>org.orcid.core.manager.OrcidGenerationManagerTest</name>
      <duration>15.353</duration>
      <cases>
        <case>
          <duration>15.353</duration>
          <className>org.orcid.core.manager.OrcidGenerationManagerTest</className>
          <testName>testCreateNewOrcid</testName>
          <skipped>false</skipped>
          <failedSince>0</failedSince>
        </case>
      </cases>
    </suite>
    <suite>
      <file>/var/lib/jenkins/jobs/ORCID-push_checker/workspace/orcid-core/target/surefire-reports/TEST-org.orcid.core.manager.OrcidIndexManagerImplTest.xml</file>
      <name>org.orcid.core.manager.OrcidIndexManagerImplTest</name>
      <duration>4.89</duration>
      <cases>
        <case>
          <duration>0.505</duration>
          <className>org.orcid.core.manager.OrcidIndexManagerImplTest</className>
          <testName>fullyPopulatedOrcidPersistsAllSolrDocumentFields</testName>
          <skipped>false</skipped>
          <failedSince>0</failedSince>
        </case>
        <case>
          <duration>0.649</duration>
          <className>org.orcid.core.manager.OrcidIndexManagerImplTest</className>
          <testName>checkSubtitlesPersisted</testName>
          <skipped>false</skipped>
          <failedSince>0</failedSince>
        </case>
        <case>
          <duration>0.577</duration>
          <className>org.orcid.core.manager.OrcidIndexManagerImplTest</className>
          <testName>checkGrantsPersisted</testName>
          <skipped>false</skipped>
          <failedSince>0</failedSince>
        </case>
        <case>
          <duration>0.972</duration>
          <className>org.orcid.core.manager.OrcidIndexManagerImplTest</className>
          <testName>onlyDoiPersistedFromOrcidWorks</testName>
          <skipped>false</skipped>
          <failedSince>0</failedSince>
        </case>
        <case>
          <duration>0.409</duration>
          <className>org.orcid.core.manager.OrcidIndexManagerImplTest</className>
          <testName>mandatoryOnlyFieldsPersistCorrectly</testName>
          <skipped>false</skipped>
          <failedSince>0</failedSince>
        </case>
        <case>
          <duration>1.778</duration>
          <className>org.orcid.core.manager.OrcidIndexManagerImplTest</className>
          <testName>visibilityConstraintsAppliedToSolr</testName>
          <skipped>false</skipped>
          <failedSince>0</failedSince>
        </case>
      </cases>
    </suite>
    <suite>
      <file>/var/lib/jenkins/jobs/ORCID-push_checker/workspace/orcid-core/target/surefire-reports/TEST-org.orcid.core.manager.OrcidJaxbCopyManagerTest.xml</file>
      <name>org.orcid.core.manager.OrcidJaxbCopyManagerTest</name>
      <duration>0.153</duration>
      <cases>
        <case>
          <duration>0.012</duration>
          <className>org.orcid.core.manager.OrcidJaxbCopyManagerTest</className>
          <testName>testUpdateOtherNamePreservingVisibility</testName>
          <skipped>false</skipped>
          <failedSince>0</failedSince>
        </case>
        <case>
          <duration>0.003</duration>
          <className>org.orcid.core.manager.OrcidJaxbCopyManagerTest</className>
          <testName>testUpdateCreditNamePreservingVisibility</testName>
          <skipped>false</skipped>
          <failedSince>0</failedSince>
        </case>
        <case>
          <duration>0.004</duration>
          <className>org.orcid.core.manager.OrcidJaxbCopyManagerTest</className>
          <testName>testUpdatedBiographyToExistingPreservingVisibility</testName>
          <skipped>false</skipped>
          <failedSince>0</failedSince>
        </case>
        <case>
          <duration>0.003</duration>
          <className>org.orcid.core.manager.OrcidJaxbCopyManagerTest</className>
          <testName>testUpdatedResearcherUrlToExistingPreservingVisibility</testName>
          <skipped>false</skipped>
          <failedSince>0</failedSince>
        </case>
        <case>
          <duration>0.059</duration>
          <className>org.orcid.core.manager.OrcidJaxbCopyManagerTest</className>
          <testName>testUpdatedAffilationsToExistingPreservingVisibility</testName>
          <skipped>false</skipped>
          <failedSince>0</failedSince>
        </case>
        <case>
          <duration>0.004</duration>
          <className>org.orcid.core.manager.OrcidJaxbCopyManagerTest</className>
          <testName>testUpdatedContactDetailsToExistingPreservingVisibility</testName>
          <skipped>false</skipped>
          <failedSince>0</failedSince>
        </case>
        <case>
          <duration>0.002</duration>
          <className>org.orcid.core.manager.OrcidJaxbCopyManagerTest</className>
          <testName>testUpdatedKeywordsPreservingVisibility</testName>
          <skipped>false</skipped>
          <failedSince>0</failedSince>
        </case>
        <case>
          <duration>0.004</duration>
          <className>org.orcid.core.manager.OrcidJaxbCopyManagerTest</className>
          <testName>testCopyUpdatedExternalIdentifiersToExistingPreservingVisibility</testName>
          <skipped>false</skipped>
          <failedSince>0</failedSince>
        </case>
        <case>
          <duration>0.004</duration>
          <className>org.orcid.core.manager.OrcidJaxbCopyManagerTest</className>
          <testName>testCopyUpdatedWorksToExistingWithVisibility</testName>
          <skipped>false</skipped>
          <failedSince>0</failedSince>
        </case>
        <case>
          <duration>0.058</duration>
          <className>org.orcid.core.manager.OrcidJaxbCopyManagerTest</className>
          <testName>testCopyToAPrivateBio</testName>
          <skipped>false</skipped>
          <failedSince>0</failedSince>
        </case>
      </cases>
    </suite>
    <suite>
      <file>/var/lib/jenkins/jobs/ORCID-push_checker/workspace/orcid-core/target/surefire-reports/TEST-org.orcid.core.manager.OrcidMultiThreadedIndexingTest.xml</file>
      <name>org.orcid.core.manager.OrcidMultiThreadedIndexingTest</name>
      <duration>2.536</duration>
      <cases>
        <case>
          <duration>2.536</duration>
          <className>org.orcid.core.manager.OrcidMultiThreadedIndexingTest</className>
          <testName>testProcessProfilesPendingIndexing</testName>
          <skipped>false</skipped>
          <failedSince>0</failedSince>
        </case>
      </cases>
    </suite>
    <suite>
      <file>/var/lib/jenkins/jobs/ORCID-push_checker/workspace/orcid-core/target/surefire-reports/TEST-org.orcid.core.manager.OrcidProfileCleanerTest.xml</file>
      <name>org.orcid.core.manager.OrcidProfileCleanerTest</name>
      <duration>0.002</duration>
      <cases>
        <case>
          <duration>0.002</duration>
          <className>org.orcid.core.manager.OrcidProfileCleanerTest</className>
          <testName>testSimpleClean</testName>
          <skipped>false</skipped>
          <failedSince>0</failedSince>
        </case>
      </cases>
    </suite>
    <suite>
      <file>/var/lib/jenkins/jobs/ORCID-push_checker/workspace/orcid-core/target/surefire-reports/TEST-org.orcid.core.manager.OrcidProfileManagerContributorVisibilityTest.xml</file>
      <name>org.orcid.core.manager.OrcidProfileManagerContributorVisibilityTest</name>
      <duration>1.953</duration>
      <cases>
        <case>
          <duration>0.377</duration>
          <className>org.orcid.core.manager.OrcidProfileManagerContributorVisibilityTest</className>
          <testName>emailProvidedAndDoesExistInDbAndCreditNameAndEmailArePublic</testName>
          <skipped>false</skipped>
          <failedSince>0</failedSince>
        </case>
        <case>
          <duration>0.243</duration>
          <className>org.orcid.core.manager.OrcidProfileManagerContributorVisibilityTest</className>
          <testName>emailProvidedButDoesNotExistInDb</testName>
          <skipped>false</skipped>
          <failedSince>0</failedSince>
        </case>
        <case>
          <duration>0.286</duration>
          <className>org.orcid.core.manager.OrcidProfileManagerContributorVisibilityTest</className>
          <testName>emailProvidedAndDoesExistInDbButCreditNameAndEmailArePrivate</testName>
          <skipped>false</skipped>
          <failedSince>0</failedSince>
        </case>
        <case>
          <duration>0.292</duration>
          <className>org.orcid.core.manager.OrcidProfileManagerContributorVisibilityTest</className>
          <testName>orcidProvidedButDoesNotExistInDb</testName>
          <skipped>false</skipped>
          <failedSince>0</failedSince>
        </case>
        <case>
          <duration>0.245</duration>
          <className>org.orcid.core.manager.OrcidProfileManagerContributorVisibilityTest</className>
          <testName>orcidProvidedAndDoesExistInDbAndCreditNameAndEmailArePublic</testName>
          <skipped>false</skipped>
          <failedSince>0</failedSince>
        </case>
        <case>
          <duration>0.276</duration>
          <className>org.orcid.core.manager.OrcidProfileManagerContributorVisibilityTest</className>
          <testName>orcidProvidedAndDoesExistInDbButCreditNameAndEmailArePrivate</testName>
          <skipped>false</skipped>
          <failedSince>0</failedSince>
        </case>
        <case>
          <duration>0.234</duration>
          <className>org.orcid.core.manager.OrcidProfileManagerContributorVisibilityTest</className>
          <testName>onlyNameProvided</testName>
          <skipped>false</skipped>
          <failedSince>0</failedSince>
        </case>
      </cases>
    </suite>
    <suite>
      <file>/var/lib/jenkins/jobs/ORCID-push_checker/workspace/orcid-core/target/surefire-reports/TEST-org.orcid.core.manager.OrcidProfileManagerImplTest.xml</file>
      <name>org.orcid.core.manager.OrcidProfileManagerImplTest</name>
      <duration>13.453999</duration>
      <cases>
        <case>
          <duration>0.602</duration>
          <className>org.orcid.core.manager.OrcidProfileManagerImplTest</className>
          <testName>testUpdateProfile</testName>
          <skipped>false</skipped>
          <failedSince>0</failedSince>
        </case>
        <case>
          <duration>0.466</duration>
          <className>org.orcid.core.manager.OrcidProfileManagerImplTest</className>
          <testName>testUpdateProfileButRemoveActivities</testName>
          <skipped>false</skipped>
          <failedSince>0</failedSince>
        </case>
        <case>
          <duration>0.539</duration>
          <className>org.orcid.core.manager.OrcidProfileManagerImplTest</className>
          <testName>testUpdateProfileButRemoveWorkExternalIdentifier</testName>
          <skipped>false</skipped>
          <failedSince>0</failedSince>
        </case>
        <case>
          <duration>0.51</duration>
          <className>org.orcid.core.manager.OrcidProfileManagerImplTest</className>
          <testName>testUpdateProfileButRemoveWorkContributor</testName>
          <skipped>false</skipped>
          <failedSince>0</failedSince>
        </case>
        <case>
          <duration>0.109</duration>
          <className>org.orcid.core.manager.OrcidProfileManagerImplTest</className>
          <testName>testUpdateProfileWhenTokenPresent</testName>
          <skipped>false</skipped>
          <failedSince>0</failedSince>
        </case>
        <case>
          <duration>0.501</duration>
          <className>org.orcid.core.manager.OrcidProfileManagerImplTest</className>
          <testName>testUpdateProfileWithEmailVerified</testName>
          <skipped>false</skipped>
          <failedSince>0</failedSince>
        </case>
        <case>
          <duration>0.837</duration>
          <className>org.orcid.core.manager.OrcidProfileManagerImplTest</className>
          <testName>testPreventDuplicatedWorks</testName>
          <skipped>false</skipped>
          <failedSince>0</failedSince>
        </case>
        <case>
          <duration>0.075</duration>
          <className>org.orcid.core.manager.OrcidProfileManagerImplTest</className>
          <testName>testOrcidWorksHashCodeAndEquals</testName>
          <skipped>false</skipped>
          <failedSince>0</failedSince>
        </case>
        <case>
          <duration>0.031</duration>
          <className>org.orcid.core.manager.OrcidProfileManagerImplTest</className>
          <testName>testDedupeWorks</testName>
          <skipped>false</skipped>
          <failedSince>0</failedSince>
        </case>
        <case>
          <duration>0.444</duration>
          <className>org.orcid.core.manager.OrcidProfileManagerImplTest</className>
          <testName>testUpdateProfileWithDupeWork</testName>
          <skipped>false</skipped>
          <failedSince>0</failedSince>
        </case>
        <case>
          <duration>0.513</duration>
          <className>org.orcid.core.manager.OrcidProfileManagerImplTest</className>
          <testName>testUpdatePersonalInformationRemovesOrcidIndexFields</testName>
          <skipped>false</skipped>
          <failedSince>0</failedSince>
        </case>
        <case>
          <duration>0.649</duration>
          <className>org.orcid.core.manager.OrcidProfileManagerImplTest</className>
          <testName>testAddOrcidWorks</testName>
          <skipped>false</skipped>
          <failedSince>0</failedSince>
        </case>
        <case>
          <duration>0.661</duration>
          <className>org.orcid.core.manager.OrcidProfileManagerImplTest</className>
          <testName>testAddOrcidWorksWhenDefaultVisibilityIsPublic</testName>
          <skipped>false</skipped>
          <failedSince>0</failedSince>
        </case>
        <case>
          <duration>0.536</duration>
          <className>org.orcid.core.manager.OrcidProfileManagerImplTest</className>
          <testName>testAddOrcidWorkToUnclaimedProfile</testName>
          <skipped>false</skipped>
          <failedSince>0</failedSince>
        </case>
        <case>
          <duration>0.091</duration>
          <className>org.orcid.core.manager.OrcidProfileManagerImplTest</className>
          <testName>testRevokeApplication</testName>
          <skipped>false</skipped>
          <failedSince>0</failedSince>
        </case>
        <case>
          <duration>0.121</duration>
          <className>org.orcid.core.manager.OrcidProfileManagerImplTest</className>
          <testName>testRevokeApplicationWithWrongScope</testName>
          <skipped>false</skipped>
          <failedSince>0</failedSince>
        </case>
        <case>
          <duration>1.217</duration>
          <className>org.orcid.core.manager.OrcidProfileManagerImplTest</className>
          <testName>testUpdatePasswordResultsInEncypytedProfile</testName>
          <skipped>false</skipped>
          <failedSince>0</failedSince>
        </case>
        <case>
          <duration>0.488</duration>
          <className>org.orcid.core.manager.OrcidProfileManagerImplTest</className>
          <testName>testUpdatePreferences</testName>
          <skipped>false</skipped>
          <failedSince>0</failedSince>
        </case>
        <case>
          <duration>0.536</duration>
          <className>org.orcid.core.manager.OrcidProfileManagerImplTest</className>
          <testName>testAffiliations</testName>
          <skipped>false</skipped>
          <failedSince>0</failedSince>
        </case>
        <case>
          <duration>0.823</duration>
          <className>org.orcid.core.manager.OrcidProfileManagerImplTest</className>
          <testName>testOrgReuse</testName>
          <skipped>false</skipped>
          <failedSince>0</failedSince>
        </case>
        <case>
          <duration>0.449</duration>
          <className>org.orcid.core.manager.OrcidProfileManagerImplTest</className>
          <testName>testRevokeDelegate</testName>
          <skipped>false</skipped>
          <failedSince>0</failedSince>
        </case>
        <case>
          <duration>1.046</duration>
          <className>org.orcid.core.manager.OrcidProfileManagerImplTest</className>
          <testName>testUpdatePasswordInformationLeavesSecurityQuestionsUnchanged</testName>
          <skipped>false</skipped>
          <failedSince>0</failedSince>
        </case>
        <case>
          <duration>0.503</duration>
          <className>org.orcid.core.manager.OrcidProfileManagerImplTest</className>
          <testName>testSecurityQuestionsUpdateLeavePasswordInformationUnchanged</testName>
          <skipped>false</skipped>
          <failedSince>0</failedSince>
        </case>
        <case>
          <duration>0.686</duration>
          <className>org.orcid.core.manager.OrcidProfileManagerImplTest</className>
          <testName>testUpdateLastModifiedDate</testName>
          <skipped>false</skipped>
          <failedSince>0</failedSince>
        </case>
        <case>
          <duration>0.427</duration>
          <className>org.orcid.core.manager.OrcidProfileManagerImplTest</className>
          <testName>testDeactivateProfile</testName>
          <skipped>false</skipped>
          <failedSince>0</failedSince>
        </case>
        <case>
          <duration>0.068</duration>
          <className>org.orcid.core.manager.OrcidProfileManagerImplTest</className>
          <testName>testRetrieveProfileWhenNonExistant</testName>
          <skipped>false</skipped>
          <failedSince>0</failedSince>
        </case>
        <case>
          <duration>0.433</duration>
          <className>org.orcid.core.manager.OrcidProfileManagerImplTest</className>
          <testName>testDuplicatedExternalIdentifiersThrowsException</testName>
          <skipped>false</skipped>
          <failedSince>0</failedSince>
        </case>
        <case>
          <duration>0.014</duration>
          <className>org.orcid.core.manager.OrcidProfileManagerImplTest</className>
          <testName>testCheckWorkExternalIdentifiersAreNotDuplicated1</testName>
          <skipped>false</skipped>
          <failedSince>0</failedSince>
        </case>
        <case>
          <duration>0.065</duration>
          <className>org.orcid.core.manager.OrcidProfileManagerImplTest</className>
          <testName>testCheckWorkExternalIdentifiersAreNotDuplicated2</testName>
          <skipped>false</skipped>
          <failedSince>0</failedSince>
        </case>
        <case>
          <duration>0.014</duration>
          <className>org.orcid.core.manager.OrcidProfileManagerImplTest</className>
          <testName>testCheckWorkExternalIdentifiersAreNotDuplicated3</testName>
          <skipped>false</skipped>
          <failedSince>0</failedSince>
        </case>
      </cases>
    </suite>
    <suite>
      <file>/var/lib/jenkins/jobs/ORCID-push_checker/workspace/orcid-core/target/surefire-reports/TEST-org.orcid.core.manager.OrcidSearchManagerImplTest.xml</file>
      <name>org.orcid.core.manager.OrcidSearchManagerImplTest</name>
      <duration>0.010000001</duration>
      <cases>
        <case>
          <duration>0.006</duration>
          <className>org.orcid.core.manager.OrcidSearchManagerImplTest</className>
          <testName>orcidRetrievalAllDataPresentInDb</testName>
          <skipped>false</skipped>
          <failedSince>0</failedSince>
        </case>
        <case>
          <duration>0.001</duration>
          <className>org.orcid.core.manager.OrcidSearchManagerImplTest</className>
          <testName>orcidRetrievalMandatoryFieldsOnly</testName>
          <skipped>false</skipped>
          <failedSince>0</failedSince>
        </case>
        <case>
          <duration>0.0</duration>
          <className>org.orcid.core.manager.OrcidSearchManagerImplTest</className>
          <testName>orcidInIndexButNotinDb</testName>
          <skipped>false</skipped>
          <failedSince>0</failedSince>
        </case>
        <case>
          <duration>0.002</duration>
          <className>org.orcid.core.manager.OrcidSearchManagerImplTest</className>
          <testName>oneOrcidInDbOtherMissing</testName>
          <skipped>false</skipped>
          <failedSince>0</failedSince>
        </case>
        <case>
          <duration>0.001</duration>
          <className>org.orcid.core.manager.OrcidSearchManagerImplTest</className>
          <testName>orcidMultipleOrcidsIndexed</testName>
          <skipped>false</skipped>
          <failedSince>0</failedSince>
        </case>
      </cases>
    </suite>
    <suite>
      <file>/var/lib/jenkins/jobs/ORCID-push_checker/workspace/orcid-core/target/surefire-reports/TEST-org.orcid.core.manager.OrcidSecurityManagerTest.xml</file>
      <name>org.orcid.core.manager.OrcidSecurityManagerTest</name>
      <duration>0.406</duration>
      <cases>
        <case>
          <duration>0.059</duration>
          <className>org.orcid.core.manager.OrcidSecurityManagerTest</className>
          <testName>testCheckVisibilityOfActivityWhenUsingReadPublicScopeAndActivityIsPublicAndIsSource</testName>
          <skipped>false</skipped>
          <failedSince>0</failedSince>
        </case>
        <case>
          <duration>0.01</duration>
          <className>org.orcid.core.manager.OrcidSecurityManagerTest</className>
          <testName>testCheckVisibilityOfActivityWhenUsingReadPublicScopeAndActivityIsLimitedAndIsSource</testName>
          <skipped>false</skipped>
          <failedSince>0</failedSince>
        </case>
        <case>
          <duration>0.001</duration>
          <className>org.orcid.core.manager.OrcidSecurityManagerTest</className>
          <testName>testCheckVisibilityOfActivityWhenUsingReadPublicScopeAndActivityIsPrivateAndIsSource</testName>
          <skipped>false</skipped>
          <failedSince>0</failedSince>
        </case>
        <case>
          <duration>0.001</duration>
          <className>org.orcid.core.manager.OrcidSecurityManagerTest</className>
          <testName>testCheckVisibilityOfActivityWhenUsingReadPublicScopeAndActivityIsPrivateAndIsNotSource</testName>
          <skipped>false</skipped>
          <failedSince>0</failedSince>
        </case>
        <case>
          <duration>0.001</duration>
          <className>org.orcid.core.manager.OrcidSecurityManagerTest</className>
          <testName>testCheckVisibilityOfActivityWhenUsingReadLimitedScopeAndActivityIsPublicAndIsSource</testName>
          <skipped>false</skipped>
          <failedSince>0</failedSince>
        </case>
        <case>
          <duration>0.001</duration>
          <className>org.orcid.core.manager.OrcidSecurityManagerTest</className>
          <testName>testCheckVisibilityOfActivityWhenUsingReadLimitedScopeAndActivityIsLimitedAndIsSource</testName>
          <skipped>false</skipped>
          <failedSince>0</failedSince>
        </case>
        <case>
          <duration>0.001</duration>
          <className>org.orcid.core.manager.OrcidSecurityManagerTest</className>
          <testName>testCheckVisibilityOfActivityWhenUsingReadLimitedScopeAndActivityIsPrivateAndIsSource</testName>
          <skipped>false</skipped>
          <failedSince>0</failedSince>
        </case>
        <case>
          <duration>0.001</duration>
          <className>org.orcid.core.manager.OrcidSecurityManagerTest</className>
          <testName>testCheckVisibilityOfActivityWhenUsingReadLimitedScopeAndActivityIsPrivateAndIsNotSource</testName>
          <skipped>false</skipped>
          <failedSince>0</failedSince>
        </case>
        <case>
          <duration>0.003</duration>
          <className>org.orcid.core.manager.OrcidSecurityManagerTest</className>
          <testName>testCheckVisibilityOfNameUsingReadLimited</testName>
          <skipped>false</skipped>
          <failedSince>0</failedSince>
        </case>
        <case>
          <duration>0.001</duration>
          <className>org.orcid.core.manager.OrcidSecurityManagerTest</className>
          <testName>testCheckVisibilityOfBiography</testName>
          <skipped>false</skipped>
          <failedSince>0</failedSince>
        </case>
        <case>
          <duration>0.002</duration>
          <className>org.orcid.core.manager.OrcidSecurityManagerTest</className>
          <testName>testOtherName</testName>
          <skipped>false</skipped>
          <failedSince>0</failedSince>
        </case>
        <case>
          <duration>0.325</duration>
          <className>org.orcid.core.manager.OrcidSecurityManagerTest</className>
          <testName>testCheckPermissionsOnEveryScope</testName>
          <skipped>false</skipped>
          <failedSince>0</failedSince>
        </case>
      </cases>
    </suite>
    <suite>
      <file>/var/lib/jenkins/jobs/ORCID-push_checker/workspace/orcid-core/target/surefire-reports/TEST-org.orcid.core.manager.OrgManagerTest.xml</file>
      <name>org.orcid.core.manager.OrgManagerTest</name>
      <duration>0.075</duration>
      <cases>
        <case>
          <duration>0.008</duration>
          <className>org.orcid.core.manager.OrgManagerTest</className>
          <testName>getAmbiguousOrgs</testName>
          <skipped>false</skipped>
          <failedSince>0</failedSince>
        </case>
        <case>
          <duration>0.055</duration>
          <className>org.orcid.core.manager.OrgManagerTest</className>
          <testName>testWriteAmbiguousOrgs</testName>
          <skipped>false</skipped>
          <failedSince>0</failedSince>
        </case>
        <case>
          <duration>0.002</duration>
          <className>org.orcid.core.manager.OrgManagerTest</className>
          <testName>testGetOrgs</testName>
          <skipped>false</skipped>
          <failedSince>0</failedSince>
        </case>
        <case>
          <duration>0.005</duration>
          <className>org.orcid.core.manager.OrgManagerTest</className>
          <testName>testCreateUpdateWhenAlreadyExists</testName>
          <skipped>false</skipped>
          <failedSince>0</failedSince>
        </case>
        <case>
          <duration>0.005</duration>
          <className>org.orcid.core.manager.OrgManagerTest</className>
          <testName>testCreateUpdateWhenDoesNotAlreadyExists</testName>
          <skipped>false</skipped>
          <failedSince>0</failedSince>
        </case>
      </cases>
    </suite>
    <suite>
      <file>/var/lib/jenkins/jobs/ORCID-push_checker/workspace/orcid-core/target/surefire-reports/TEST-org.orcid.core.manager.PersonalDetailsManagerTest.xml</file>
      <name>org.orcid.core.manager.PersonalDetailsManagerTest</name>
      <duration>0.025</duration>
      <cases>
        <case>
          <duration>0.023</duration>
          <className>org.orcid.core.manager.PersonalDetailsManagerTest</className>
          <testName>getPersonalDetailsTest</testName>
          <skipped>false</skipped>
          <failedSince>0</failedSince>
        </case>
        <case>
          <duration>0.002</duration>
          <className>org.orcid.core.manager.PersonalDetailsManagerTest</className>
          <testName>getPublicPersonalDetailsTest</testName>
          <skipped>false</skipped>
          <failedSince>0</failedSince>
        </case>
      </cases>
    </suite>
    <suite>
      <file>/var/lib/jenkins/jobs/ORCID-push_checker/workspace/orcid-core/target/surefire-reports/TEST-org.orcid.core.manager.TemplateManagerTest.xml</file>
      <name>org.orcid.core.manager.TemplateManagerTest</name>
      <duration>0.001</duration>
      <cases>
        <case>
          <duration>0.001</duration>
          <className>org.orcid.core.manager.TemplateManagerTest</className>
          <testName>testProcessTemplate</testName>
          <skipped>false</skipped>
          <failedSince>0</failedSince>
        </case>
      </cases>
    </suite>
    <suite>
      <file>/var/lib/jenkins/jobs/ORCID-push_checker/workspace/orcid-core/target/surefire-reports/TEST-org.orcid.core.manager.ValidationManagerTest.xml</file>
      <name>org.orcid.core.manager.ValidationManagerTest</name>
      <duration>0.20300001</duration>
      <cases>
        <case>
          <duration>0.001</duration>
          <className>org.orcid.core.manager.ValidationManagerTest</className>
          <testName>testEmptyMessage</testName>
          <skipped>false</skipped>
          <failedSince>0</failedSince>
        </case>
        <case>
          <duration>0.202</duration>
          <className>org.orcid.core.manager.ValidationManagerTest</className>
          <testName>testEmptyMessageWhenLoggingOnly</testName>
          <skipped>false</skipped>
          <failedSince>0</failedSince>
        </case>
      </cases>
    </suite>
    <suite>
      <file>/var/lib/jenkins/jobs/ORCID-push_checker/workspace/orcid-core/target/surefire-reports/TEST-org.orcid.core.manager.impl.OrcidSSOManagerImplTest.xml</file>
      <name>org.orcid.core.manager.impl.OrcidSSOManagerImplTest</name>
      <duration>0.103</duration>
      <cases>
        <case>
          <duration>0.035</duration>
          <className>org.orcid.core.manager.impl.OrcidSSOManagerImplTest</className>
          <testName>testGrantSSOAccessToUser</testName>
          <skipped>false</skipped>
          <failedSince>0</failedSince>
        </case>
        <case>
          <duration>0.068</duration>
          <className>org.orcid.core.manager.impl.OrcidSSOManagerImplTest</className>
          <testName>testRevokeSSOAccessToUser</testName>
          <skipped>false</skipped>
          <failedSince>0</failedSince>
        </case>
      </cases>
    </suite>
    <suite>
      <file>/var/lib/jenkins/jobs/ORCID-push_checker/workspace/orcid-core/target/surefire-reports/TEST-org.orcid.core.manager.impl.PasswordGenerationManagerImplTest.xml</file>
      <name>org.orcid.core.manager.impl.PasswordGenerationManagerImplTest</name>
      <duration>0.006</duration>
      <cases>
        <case>
          <duration>0.006</duration>
          <className>org.orcid.core.manager.impl.PasswordGenerationManagerImplTest</className>
          <testName>testCreateNewPassword</testName>
          <skipped>false</skipped>
          <failedSince>0</failedSince>
        </case>
      </cases>
    </suite>
    <suite>
      <file>/var/lib/jenkins/jobs/ORCID-push_checker/workspace/orcid-core/target/surefire-reports/TEST-org.orcid.core.manager.impl.ProfileEntityManagerImplTest.xml</file>
      <name>org.orcid.core.manager.impl.ProfileEntityManagerImplTest</name>
      <duration>0.011</duration>
      <cases>
        <case>
          <duration>0.003</duration>
          <className>org.orcid.core.manager.impl.ProfileEntityManagerImplTest</className>
          <testName>testFindByOrcid</testName>
          <skipped>false</skipped>
          <failedSince>0</failedSince>
        </case>
        <case>
          <duration>0.006</duration>
          <className>org.orcid.core.manager.impl.ProfileEntityManagerImplTest</className>
          <testName>testDeprecateProfile</testName>
          <skipped>false</skipped>
          <failedSince>0</failedSince>
        </case>
        <case>
          <duration>0.002</duration>
          <className>org.orcid.core.manager.impl.ProfileEntityManagerImplTest</className>
          <testName>testReviewProfile</testName>
          <skipped>false</skipped>
          <failedSince>0</failedSince>
        </case>
      </cases>
    </suite>
    <suite>
      <file>/var/lib/jenkins/jobs/ORCID-push_checker/workspace/orcid-core/target/surefire-reports/TEST-org.orcid.core.manager.impl.RegistrationManagerImplTest.xml</file>
      <name>org.orcid.core.manager.impl.RegistrationManagerImplTest</name>
      <duration>1.703</duration>
      <cases>
        <case>
          <duration>1.703</duration>
          <className>org.orcid.core.manager.impl.RegistrationManagerImplTest</className>
          <testName>org.orcid.core.manager.impl.RegistrationManagerImplTest</testName>
          <skipped>true</skipped>
          <failedSince>55</failedSince>
        </case>
      </cases>
    </suite>
    <suite>
      <file>/var/lib/jenkins/jobs/ORCID-push_checker/workspace/orcid-core/target/surefire-reports/TEST-org.orcid.core.manager.impl.WebhookManagerImplTest.xml</file>
      <name>org.orcid.core.manager.impl.WebhookManagerImplTest</name>
      <duration>0.07</duration>
      <cases>
        <case>
          <duration>0.063</duration>
          <className>org.orcid.core.manager.impl.WebhookManagerImplTest</className>
          <testName>testValidUriOnWebhook</testName>
          <skipped>false</skipped>
          <failedSince>0</failedSince>
        </case>
        <case>
          <duration>0.004</duration>
          <className>org.orcid.core.manager.impl.WebhookManagerImplTest</className>
          <testName>testUnexsistingUriOnWebhook</testName>
          <skipped>false</skipped>
          <failedSince>0</failedSince>
        </case>
        <case>
          <duration>0.002</duration>
          <className>org.orcid.core.manager.impl.WebhookManagerImplTest</className>
          <testName>testInvalidUriOnWebhook</testName>
          <skipped>false</skipped>
          <failedSince>0</failedSince>
        </case>
        <case>
          <duration>0.001</duration>
          <className>org.orcid.core.manager.impl.WebhookManagerImplTest</className>
          <testName>testFailAttemptCounterReset</testName>
          <skipped>false</skipped>
          <failedSince>0</failedSince>
        </case>
      </cases>
    </suite>
    <suite>
      <file>/var/lib/jenkins/jobs/ORCID-push_checker/workspace/orcid-core/target/surefire-reports/TEST-org.orcid.core.manager.impl.WebhookManagerMultiThreadedTest.xml</file>
      <name>org.orcid.core.manager.impl.WebhookManagerMultiThreadedTest</name>
      <duration>0.229</duration>
      <cases>
        <case>
          <duration>0.229</duration>
          <className>org.orcid.core.manager.impl.WebhookManagerMultiThreadedTest</className>
          <testName>testProcessWebhooks</testName>
          <skipped>false</skipped>
          <failedSince>0</failedSince>
        </case>
      </cases>
    </suite>
    <suite>
      <file>/var/lib/jenkins/jobs/ORCID-push_checker/workspace/orcid-core/target/surefire-reports/TEST-org.orcid.core.oauth.OrcidClientCredentialsCheckerTest.xml</file>
      <name>org.orcid.core.oauth.OrcidClientCredentialsCheckerTest</name>
      <duration>0.018000001</duration>
      <cases>
        <case>
          <duration>0.014</duration>
          <className>org.orcid.core.oauth.OrcidClientCredentialsCheckerTest</className>
          <testName>testInvalidCredentialsScopes</testName>
          <skipped>false</skipped>
          <failedSince>0</failedSince>
        </case>
        <case>
          <duration>0.004</duration>
          <className>org.orcid.core.oauth.OrcidClientCredentialsCheckerTest</className>
          <testName>testValidCredentialsScopes</testName>
          <skipped>false</skipped>
          <failedSince>0</failedSince>
        </case>
        <case>
          <duration>0.0</duration>
          <className>org.orcid.core.oauth.OrcidClientCredentialsCheckerTest</className>
          <testName>testValidCredentialsScopesForClientOnly</testName>
          <skipped>false</skipped>
          <failedSince>0</failedSince>
        </case>
      </cases>
    </suite>
    <suite>
      <file>/var/lib/jenkins/jobs/ORCID-push_checker/workspace/orcid-core/target/surefire-reports/TEST-org.orcid.core.oauth.service.ClientDetailsManagerTest.xml</file>
      <name>org.orcid.core.oauth.service.ClientDetailsManagerTest</name>
      <duration>0.212</duration>
      <cases>
        <case>
          <duration>0.102</duration>
          <className>org.orcid.core.oauth.service.ClientDetailsManagerTest</className>
          <testName>testLoadClientByClientId</testName>
          <skipped>false</skipped>
          <failedSince>0</failedSince>
        </case>
        <case>
          <duration>0.012</duration>
          <className>org.orcid.core.oauth.service.ClientDetailsManagerTest</className>
          <testName>testCreateClientDetailsFromStrings</testName>
          <skipped>false</skipped>
          <failedSince>0</failedSince>
        </case>
        <case>
          <duration>0.011</duration>
          <className>org.orcid.core.oauth.service.ClientDetailsManagerTest</className>
          <testName>testCreateClientDetailsWithRandomSecret</testName>
          <skipped>false</skipped>
          <failedSince>0</failedSince>
        </case>
        <case>
          <duration>0.0</duration>
          <className>org.orcid.core.oauth.service.ClientDetailsManagerTest</className>
          <testName>testCreateClientDetailsWithNonExistentOrcid</testName>
          <skipped>false</skipped>
          <failedSince>0</failedSince>
        </case>
        <case>
          <duration>0.087</duration>
          <className>org.orcid.core.oauth.service.ClientDetailsManagerTest</className>
          <testName>testDeleteClientDetail</testName>
          <skipped>false</skipped>
          <failedSince>0</failedSince>
        </case>
      </cases>
    </suite>
    <suite>
      <file>/var/lib/jenkins/jobs/ORCID-push_checker/workspace/orcid-core/target/surefire-reports/TEST-org.orcid.core.oauth.service.OrcidAuthorizationCodeServiceTest.xml</file>
      <name>org.orcid.core.oauth.service.OrcidAuthorizationCodeServiceTest</name>
      <duration>0.013</duration>
      <cases>
        <case>
          <duration>0.011</duration>
          <className>org.orcid.core.oauth.service.OrcidAuthorizationCodeServiceTest</className>
          <testName>testCreateAuthorizationCodeWithValidClient</testName>
          <skipped>false</skipped>
          <failedSince>0</failedSince>
        </case>
        <case>
          <duration>0.001</duration>
          <className>org.orcid.core.oauth.service.OrcidAuthorizationCodeServiceTest</className>
          <testName>testConsumeNonExistentCode</testName>
          <skipped>false</skipped>
          <failedSince>0</failedSince>
        </case>
        <case>
          <duration>0.001</duration>
          <className>org.orcid.core.oauth.service.OrcidAuthorizationCodeServiceTest</className>
          <testName>testCreateAuthorizationCodeWithInvalidClient</testName>
          <skipped>false</skipped>
          <failedSince>0</failedSince>
        </case>
      </cases>
    </suite>
    <suite>
      <file>/var/lib/jenkins/jobs/ORCID-push_checker/workspace/orcid-core/target/surefire-reports/TEST-org.orcid.core.oauth.service.OrcidRandomValueTokenServicesTest.xml</file>
      <name>org.orcid.core.oauth.service.OrcidRandomValueTokenServicesTest</name>
      <duration>5.051</duration>
      <cases>
        <case>
          <duration>0.009</duration>
          <className>org.orcid.core.oauth.service.OrcidRandomValueTokenServicesTest</className>
          <testName>testCreateReadLimitedAccessToken</testName>
          <skipped>false</skipped>
          <failedSince>0</failedSince>
        </case>
        <case>
          <duration>0.003</duration>
          <className>org.orcid.core.oauth.service.OrcidRandomValueTokenServicesTest</className>
          <testName>testCreateAddWorkAccessToken</testName>
          <skipped>false</skipped>
          <failedSince>0</failedSince>
        </case>
        <case>
          <duration>2.004</duration>
          <className>org.orcid.core.oauth.service.OrcidRandomValueTokenServicesTest</className>
          <testName>tokenExpireIn20YearsTest</testName>
          <skipped>false</skipped>
          <failedSince>0</failedSince>
        </case>
        <case>
          <duration>0.01</duration>
          <className>org.orcid.core.oauth.service.OrcidRandomValueTokenServicesTest</className>
          <testName>loadAuthenticationWithPersistentTokenTest</testName>
          <skipped>false</skipped>
          <failedSince>0</failedSince>
        </case>
        <case>
          <duration>2.013</duration>
          <className>org.orcid.core.oauth.service.OrcidRandomValueTokenServicesTest</className>
          <testName>tokenExpireInAnHourTest</testName>
          <skipped>false</skipped>
          <failedSince>0</failedSince>
        </case>
        <case>
          <duration>1.012</duration>
          <className>org.orcid.core.oauth.service.OrcidRandomValueTokenServicesTest</className>
          <testName>testReissuedAccessTokenHasUpdatedExpiration</testName>
          <skipped>false</skipped>
          <failedSince>0</failedSince>
        </case>
      </cases>
    </suite>
    <suite>
      <file>/var/lib/jenkins/jobs/ORCID-push_checker/workspace/orcid-core/target/surefire-reports/TEST-org.orcid.core.oauth.service.OrcidTokenStoreServiceTest.xml</file>
      <name>org.orcid.core.oauth.service.OrcidTokenStoreServiceTest</name>
      <duration>0.09200001</duration>
      <cases>
        <case>
          <duration>0.005</duration>
          <className>org.orcid.core.oauth.service.OrcidTokenStoreServiceTest</className>
          <testName>testReadAuthenticationForRefreshToken</testName>
          <skipped>false</skipped>
          <failedSince>0</failedSince>
        </case>
        <case>
          <duration>0.004</duration>
          <className>org.orcid.core.oauth.service.OrcidTokenStoreServiceTest</className>
          <testName>testRemoveRefreshToken</testName>
          <skipped>false</skipped>
          <failedSince>0</failedSince>
        </case>
        <case>
          <duration>0.005</duration>
          <className>org.orcid.core.oauth.service.OrcidTokenStoreServiceTest</className>
          <testName>testRemoveAccessTokenUsingRefreshToken</testName>
          <skipped>false</skipped>
          <failedSince>0</failedSince>
        </case>
        <case>
          <duration>0.014</duration>
          <className>org.orcid.core.oauth.service.OrcidTokenStoreServiceTest</className>
          <testName>testGetAccessToken</testName>
          <skipped>false</skipped>
          <failedSince>0</failedSince>
        </case>
        <case>
          <duration>0.005</duration>
          <className>org.orcid.core.oauth.service.OrcidTokenStoreServiceTest</className>
          <testName>testFindTokensByUserName</testName>
          <skipped>false</skipped>
          <failedSince>0</failedSince>
        </case>
        <case>
          <duration>0.048</duration>
          <className>org.orcid.core.oauth.service.OrcidTokenStoreServiceTest</className>
          <testName>testFindTokensByClientId</testName>
          <skipped>false</skipped>
          <failedSince>0</failedSince>
        </case>
        <case>
          <duration>0.005</duration>
          <className>org.orcid.core.oauth.service.OrcidTokenStoreServiceTest</className>
          <testName>testReadAuthentication</testName>
          <skipped>false</skipped>
          <failedSince>0</failedSince>
        </case>
        <case>
          <duration>0.005</duration>
          <className>org.orcid.core.oauth.service.OrcidTokenStoreServiceTest</className>
          <testName>testStoreAccessToken</testName>
          <skipped>false</skipped>
          <failedSince>0</failedSince>
        </case>
        <case>
          <duration>0.001</duration>
          <className>org.orcid.core.oauth.service.OrcidTokenStoreServiceTest</className>
          <testName>testReadAccessToken</testName>
          <skipped>false</skipped>
          <failedSince>0</failedSince>
        </case>
        <case>
          <duration>0.0</duration>
          <className>org.orcid.core.oauth.service.OrcidTokenStoreServiceTest</className>
          <testName>testRemoveAccessToken</testName>
          <skipped>false</skipped>
          <failedSince>0</failedSince>
        </case>
      </cases>
    </suite>
    <suite>
      <file>/var/lib/jenkins/jobs/ORCID-push_checker/workspace/orcid-core/target/surefire-reports/TEST-org.orcid.core.security.DefaultOAuthClientVisibilityTest.xml</file>
      <name>org.orcid.core.security.DefaultOAuthClientVisibilityTest</name>
      <duration>0.199</duration>
      <cases>
        <case>
          <duration>0.199</duration>
          <className>org.orcid.core.security.DefaultOAuthClientVisibilityTest</className>
          <testName>testCheckClientPermissionsAllowOnlyPublicAndLimitedVisibility</testName>
          <skipped>false</skipped>
          <failedSince>0</failedSince>
        </case>
      </cases>
    </suite>
    <suite>
      <file>/var/lib/jenkins/jobs/ORCID-push_checker/workspace/orcid-core/target/surefire-reports/TEST-org.orcid.core.security.DefaultPermissionCheckerTest.xml</file>
      <name>org.orcid.core.security.DefaultPermissionCheckerTest</name>
      <duration>0.927</duration>
      <cases>
        <case>
          <duration>0.147</duration>
          <className>org.orcid.core.security.DefaultPermissionCheckerTest</className>
          <testName>testCheckUserPermissionsAuthenticationScopesOrcidAndOrcidMessage</testName>
          <skipped>false</skipped>
          <failedSince>0</failedSince>
        </case>
        <case>
          <duration>0.2</duration>
          <className>org.orcid.core.security.DefaultPermissionCheckerTest</className>
          <testName>testCheckUserPermissionsAuthenticationScopesOrcidAndOrcidMessageWhenWrongUser</testName>
          <skipped>false</skipped>
          <failedSince>0</failedSince>
        </case>
        <case>
          <duration>0.207</duration>
          <className>org.orcid.core.security.DefaultPermissionCheckerTest</className>
          <testName>testCheckClientPermissionsAuthenticationScopesOrcidAndOrcidMessage</testName>
          <skipped>false</skipped>
          <failedSince>0</failedSince>
        </case>
        <case>
          <duration>0.306</duration>
          <className>org.orcid.core.security.DefaultPermissionCheckerTest</className>
          <testName>testCheckPermissionsAuthenticationScopesAndOrcidMessage</testName>
          <skipped>false</skipped>
          <failedSince>0</failedSince>
        </case>
        <case>
          <duration>0.001</duration>
          <className>org.orcid.core.security.DefaultPermissionCheckerTest</className>
          <testName>testCheckPermissionsAuthenticationScopePathTypesAndOrcid</testName>
          <skipped>false</skipped>
          <failedSince>0</failedSince>
        </case>
        <case>
          <duration>0.065</duration>
          <className>org.orcid.core.security.DefaultPermissionCheckerTest</className>
          <testName>checkRemoveUserGrantWriteScopePastValitityForNonPersistentTokens</testName>
          <skipped>false</skipped>
          <failedSince>0</failedSince>
        </case>
        <case>
          <duration>0.001</duration>
          <className>org.orcid.core.security.DefaultPermissionCheckerTest</className>
          <testName>checkRemoveUserGrantWriteScopePastValitityForPersistentTokens</testName>
          <skipped>false</skipped>
          <failedSince>0</failedSince>
        </case>
      </cases>
    </suite>
    <suite>
      <file>/var/lib/jenkins/jobs/ORCID-push_checker/workspace/orcid-core/target/surefire-reports/TEST-org.orcid.core.utils.JsonUtilsTest.xml</file>
      <name>org.orcid.core.utils.JsonUtilsTest</name>
      <duration>0.011000001</duration>
      <cases>
        <case>
          <duration>0.002</duration>
          <className>org.orcid.core.utils.JsonUtilsTest</className>
          <testName>testWorkContributorsToJsonString</testName>
          <skipped>false</skipped>
          <failedSince>0</failedSince>
        </case>
        <case>
          <duration>0.001</duration>
          <className>org.orcid.core.utils.JsonUtilsTest</className>
          <testName>testJsonStringToWorkContributors</testName>
          <skipped>false</skipped>
          <failedSince>0</failedSince>
        </case>
        <case>
          <duration>0.001</duration>
          <className>org.orcid.core.utils.JsonUtilsTest</className>
          <testName>testJsonStringToWorkExternalIdentifiersV1_2</testName>
          <skipped>false</skipped>
          <failedSince>0</failedSince>
        </case>
        <case>
          <duration>0.004</duration>
          <className>org.orcid.core.utils.JsonUtilsTest</className>
          <testName>testJsonStringToWorkExternalIdentifiersV2_0</testName>
          <skipped>false</skipped>
          <failedSince>0</failedSince>
        </case>
        <case>
          <duration>0.002</duration>
          <className>org.orcid.core.utils.JsonUtilsTest</className>
          <testName>testJsonStringToFundingExternalIdentifiersV1_2</testName>
          <skipped>false</skipped>
          <failedSince>0</failedSince>
        </case>
        <case>
          <duration>0.001</duration>
          <className>org.orcid.core.utils.JsonUtilsTest</className>
          <testName>testJsonStringToFundingExternalIdentifiersV2_0</testName>
          <skipped>false</skipped>
          <failedSince>0</failedSince>
        </case>
      </cases>
    </suite>
    <suite>
      <file>/var/lib/jenkins/jobs/ORCID-push_checker/workspace/orcid-core/target/surefire-reports/TEST-org.orcid.core.utils.SolrQueryBuilderTest.xml</file>
      <name>org.orcid.core.utils.SolrQueryBuilderTest</name>
      <duration>0.004</duration>
      <cases>
        <case>
          <duration>0.001</duration>
          <className>org.orcid.core.utils.SolrQueryBuilderTest</className>
          <testName>testQueryStringPopulation</testName>
          <skipped>false</skipped>
          <failedSince>0</failedSince>
        </case>
        <case>
          <duration>0.0</duration>
          <className>org.orcid.core.utils.SolrQueryBuilderTest</className>
          <testName>testNotQuery</testName>
          <skipped>false</skipped>
          <failedSince>0</failedSince>
        </case>
        <case>
          <duration>0.003</duration>
          <className>org.orcid.core.utils.SolrQueryBuilderTest</className>
          <testName>testEDisMaxNameQuery</testName>
          <skipped>false</skipped>
          <failedSince>0</failedSince>
        </case>
      </cases>
    </suite>
    <suite>
      <file>/var/lib/jenkins/jobs/ORCID-push_checker/workspace/orcid-core/target/surefire-reports/TEST-org.orcid.core.utils.activities.ActivitiesGroupGenerator_GroupingFundingsTest.xml</file>
      <name>org.orcid.core.utils.activities.ActivitiesGroupGenerator_GroupingFundingsTest</name>
      <duration>0.002</duration>
      <cases>
        <case>
          <duration>0.001</duration>
          <className>org.orcid.core.utils.activities.ActivitiesGroupGenerator_GroupingFundingsTest</className>
          <testName>groupFundings_4GroupsOf1Funding_Test</testName>
          <skipped>false</skipped>
          <failedSince>0</failedSince>
        </case>
        <case>
          <duration>0.0</duration>
          <className>org.orcid.core.utils.activities.ActivitiesGroupGenerator_GroupingFundingsTest</className>
          <testName>groupFundings_1GroupsOf2Fundings_Test</testName>
          <skipped>false</skipped>
          <failedSince>0</failedSince>
        </case>
        <case>
          <duration>0.001</duration>
          <className>org.orcid.core.utils.activities.ActivitiesGroupGenerator_GroupingFundingsTest</className>
          <testName>groupFundings_2GroupsOf2Fundings_Test</testName>
          <skipped>false</skipped>
          <failedSince>0</failedSince>
        </case>
        <case>
          <duration>0.0</duration>
          <className>org.orcid.core.utils.activities.ActivitiesGroupGenerator_GroupingFundingsTest</className>
          <testName>groupFundings_DontGroupFundingsWithoutExtIds_Test</testName>
          <skipped>false</skipped>
          <failedSince>0</failedSince>
        </case>
        <case>
          <duration>0.0</duration>
          <className>org.orcid.core.utils.activities.ActivitiesGroupGenerator_GroupingFundingsTest</className>
          <testName>groupFundings_MergeTwoGroups_Test</testName>
          <skipped>false</skipped>
          <failedSince>0</failedSince>
        </case>
        <case>
          <duration>0.0</duration>
          <className>org.orcid.core.utils.activities.ActivitiesGroupGenerator_GroupingFundingsTest</className>
          <testName>groupFundings_MergeGroupsDontAffectNotMergedGroups_Test</testName>
          <skipped>false</skipped>
          <failedSince>0</failedSince>
        </case>
      </cases>
    </suite>
    <suite>
      <file>/var/lib/jenkins/jobs/ORCID-push_checker/workspace/orcid-core/target/surefire-reports/TEST-org.orcid.core.utils.activities.ActivitiesGroupGenerator_GroupingWorksTest.xml</file>
      <name>org.orcid.core.utils.activities.ActivitiesGroupGenerator_GroupingWorksTest</name>
      <duration>0.0</duration>
      <cases>
        <case>
          <duration>0.0</duration>
          <className>org.orcid.core.utils.activities.ActivitiesGroupGenerator_GroupingWorksTest</className>
          <testName>groupWorks_4GroupsOf1Work_Test</testName>
          <skipped>false</skipped>
          <failedSince>0</failedSince>
        </case>
        <case>
          <duration>0.0</duration>
          <className>org.orcid.core.utils.activities.ActivitiesGroupGenerator_GroupingWorksTest</className>
          <testName>groupWorks_1GroupsOf2Works_Test</testName>
          <skipped>false</skipped>
          <failedSince>0</failedSince>
        </case>
        <case>
          <duration>0.0</duration>
          <className>org.orcid.core.utils.activities.ActivitiesGroupGenerator_GroupingWorksTest</className>
          <testName>groupWorks_2GroupsOf2Works_Test</testName>
          <skipped>false</skipped>
          <failedSince>0</failedSince>
        </case>
        <case>
          <duration>0.0</duration>
          <className>org.orcid.core.utils.activities.ActivitiesGroupGenerator_GroupingWorksTest</className>
          <testName>groupWorks_DontGroupWorksWithoutExtIds_Test</testName>
          <skipped>false</skipped>
          <failedSince>0</failedSince>
        </case>
        <case>
          <duration>0.0</duration>
          <className>org.orcid.core.utils.activities.ActivitiesGroupGenerator_GroupingWorksTest</className>
          <testName>groupWorks_MergeTwoGroups_Test</testName>
          <skipped>false</skipped>
          <failedSince>0</failedSince>
        </case>
        <case>
          <duration>0.0</duration>
          <className>org.orcid.core.utils.activities.ActivitiesGroupGenerator_GroupingWorksTest</className>
          <testName>groupWorks_MergeGroupsDontAffectNotMergedGroups_Test</testName>
          <skipped>false</skipped>
          <failedSince>0</failedSince>
        </case>
        <case>
          <duration>0.0</duration>
          <className>org.orcid.core.utils.activities.ActivitiesGroupGenerator_GroupingWorksTest</className>
          <testName>groupWorks_DontGroupByISSN_Test</testName>
          <skipped>false</skipped>
          <failedSince>0</failedSince>
        </case>
        <case>
          <duration>0.0</duration>
          <className>org.orcid.core.utils.activities.ActivitiesGroupGenerator_GroupingWorksTest</className>
          <testName>groupWorks_DontGroupByISSN_2_Test</testName>
          <skipped>false</skipped>
          <failedSince>0</failedSince>
        </case>
      </cases>
    </suite>
    <suite>
      <file>/var/lib/jenkins/jobs/ORCID-push_checker/workspace/orcid-core/target/surefire-reports/TEST-org.orcid.core.version.OrcidMessageVersionConverterChainTest.xml</file>
      <name>org.orcid.core.version.OrcidMessageVersionConverterChainTest</name>
      <duration>0.326</duration>
      <cases>
        <case>
          <duration>0.126</duration>
          <className>org.orcid.core.version.OrcidMessageVersionConverterChainTest</className>
          <testName>testUpdgrade</testName>
          <skipped>false</skipped>
          <failedSince>0</failedSince>
        </case>
        <case>
          <duration>0.2</duration>
          <className>org.orcid.core.version.OrcidMessageVersionConverterChainTest</className>
          <testName>testDowngrade</testName>
          <skipped>false</skipped>
          <failedSince>0</failedSince>
        </case>
      </cases>
    </suite>
    <suite>
      <file>/var/lib/jenkins/jobs/ORCID-push_checker/workspace/orcid-core/target/surefire-reports/TEST-org.orcid.core.version.V2VersionConverterChainTest.xml</file>
      <name>org.orcid.core.version.V2VersionConverterChainTest</name>
      <duration>0.004</duration>
      <cases>
        <case>
          <duration>0.004</duration>
          <className>org.orcid.core.version.V2VersionConverterChainTest</className>
          <testName>testSimpleChain</testName>
          <skipped>false</skipped>
          <failedSince>0</failedSince>
        </case>
      </cases>
    </suite>
    <suite>
      <file>/var/lib/jenkins/jobs/ORCID-push_checker/workspace/orcid-core/target/surefire-reports/TEST-org.orcid.core.version.V2VersionObjectFactoryTest.xml</file>
      <name>org.orcid.core.version.V2VersionObjectFactoryTest</name>
      <duration>0.002</duration>
      <cases>
        <case>
          <duration>0.001</duration>
          <className>org.orcid.core.version.V2VersionObjectFactoryTest</className>
          <testName>testWorkMapping</testName>
          <skipped>false</skipped>
          <failedSince>0</failedSince>
        </case>
        <case>
          <duration>0.001</duration>
          <className>org.orcid.core.version.V2VersionObjectFactoryTest</className>
          <testName>testFundingSummaryMapping</testName>
          <skipped>false</skipped>
          <failedSince>0</failedSince>
        </case>
      </cases>
    </suite>
    <suite>
      <file>/var/lib/jenkins/jobs/ORCID-push_checker/workspace/orcid-core/target/surefire-reports/TEST-org.orcid.core.web.filters.CrossDomainWebMangerTest.xml</file>
      <name>org.orcid.core.web.filters.CrossDomainWebMangerTest</name>
      <duration>0.001</duration>
      <cases>
        <case>
          <duration>0.001</duration>
          <className>org.orcid.core.web.filters.CrossDomainWebMangerTest</className>
          <testName>testDomains</testName>
          <skipped>false</skipped>
          <failedSince>0</failedSince>
        </case>
        <case>
          <duration>0.0</duration>
          <className>org.orcid.core.web.filters.CrossDomainWebMangerTest</className>
          <testName>testPaths</testName>
          <skipped>false</skipped>
          <failedSince>0</failedSince>
        </case>
      </cases>
    </suite>
    <suite>
      <file>/var/lib/jenkins/jobs/ORCID-push_checker/workspace/orcid-core/target/surefire-reports/TEST-org.orcid.record_2_0_rc2.ConvertVrc1ToVrc2Test.xml</file>
      <name>org.orcid.record_2_0_rc2.ConvertVrc1ToVrc2Test</name>
      <duration>1.24</duration>
      <cases>
        <case>
          <duration>0.814</duration>
          <className>org.orcid.record_2_0_rc2.ConvertVrc1ToVrc2Test</className>
          <testName>upgradeToVrc2Test</testName>
          <skipped>false</skipped>
          <failedSince>0</failedSince>
        </case>
        <case>
          <duration>0.087</duration>
          <className>org.orcid.record_2_0_rc2.ConvertVrc1ToVrc2Test</className>
          <testName>upgradeEducationsToVrc2Test</testName>
          <skipped>false</skipped>
          <failedSince>0</failedSince>
        </case>
        <case>
          <duration>0.028</duration>
          <className>org.orcid.record_2_0_rc2.ConvertVrc1ToVrc2Test</className>
          <testName>upgradeEmploymentsToVrc2Test</testName>
          <skipped>false</skipped>
          <failedSince>0</failedSince>
        </case>
        <case>
          <duration>0.096</duration>
          <className>org.orcid.record_2_0_rc2.ConvertVrc1ToVrc2Test</className>
          <testName>upgradeFundingsToVrc2Test</testName>
          <skipped>false</skipped>
          <failedSince>0</failedSince>
        </case>
        <case>
          <duration>0.087</duration>
          <className>org.orcid.record_2_0_rc2.ConvertVrc1ToVrc2Test</className>
          <testName>upgradePeerReviewsToVrc2Test</testName>
          <skipped>false</skipped>
          <failedSince>0</failedSince>
        </case>
        <case>
          <duration>0.084</duration>
          <className>org.orcid.record_2_0_rc2.ConvertVrc1ToVrc2Test</className>
          <testName>upgradeWorksToVrc2Test</testName>
          <skipped>false</skipped>
          <failedSince>0</failedSince>
        </case>
        <case>
          <duration>0.044</duration>
          <className>org.orcid.record_2_0_rc2.ConvertVrc1ToVrc2Test</className>
          <testName>upgradeGroupIdToVrc2Test</testName>
          <skipped>false</skipped>
          <failedSince>0</failedSince>
        </case>
      </cases>
    </suite>
  </suites>
  <duration>101.792984</duration>
  <keepLongStdio>false</keepLongStdio>
</result>