<?xml version='1.0' encoding='UTF-8'?>
<result plugin="junit@1.11">
  <suites>
    <suite>
      <file>/var/lib/jenkins/jobs/ORCID-push_checker/workspace/orcid-utils/target/surefire-reports/TEST-org.orcid.utils.DateUtilsTest.xml</file>
      <name>org.orcid.utils.DateUtilsTest</name>
      <duration>0.028</duration>
      <cases>
        <case>
          <duration>0.023</duration>
          <className>org.orcid.utils.DateUtilsTest</className>
          <testName>testConvertStringToXMLGregorianCalendar</testName>
          <skipped>false</skipped>
          <failedSince>0</failedSince>
        </case>
        <case>
          <duration>0.005</duration>
          <className>org.orcid.utils.DateUtilsTest</className>
          <testName>testConvertImpossibleDateStringToXMLGregorianCalendar</testName>
          <skipped>false</skipped>
          <failedSince>0</failedSince>
        </case>
      </cases>
    </suite>
    <suite>
      <file>/var/lib/jenkins/jobs/ORCID-push_checker/workspace/orcid-utils/target/surefire-reports/TEST-org.orcid.utils.OrcidStringUtilsTest.xml</file>
      <name>org.orcid.utils.OrcidStringUtilsTest</name>
      <duration>0.308</duration>
      <cases>
        <case>
          <duration>0.304</duration>
          <className>org.orcid.utils.OrcidStringUtilsTest</className>
          <testName>testHasHtml</testName>
          <skipped>false</skipped>
          <failedSince>0</failedSince>
        </case>
        <case>
          <duration>0.0</duration>
          <className>org.orcid.utils.OrcidStringUtilsTest</className>
          <testName>testIsValidOrcid</testName>
          <skipped>false</skipped>
          <failedSince>0</failedSince>
        </case>
        <case>
          <duration>0.004</duration>
          <className>org.orcid.utils.OrcidStringUtilsTest</className>
          <testName>testStripHtml</testName>
          <skipped>false</skipped>
          <failedSince>0</failedSince>
        </case>
      </cases>
    </suite>
  </suites>
  <duration>0.336</duration>
  <keepLongStdio>false</keepLongStdio>
</result>