<?xml version='1.0' encoding='UTF-8'?>
<result plugin="junit@1.11">
  <suites>
    <suite>
      <file>/var/lib/jenkins/jobs/ORCID-push_checker/workspace/orcid-model/target/surefire-reports/TEST-org.orcid.entities.MarshallingTest.xml</file>
      <name>org.orcid.entities.MarshallingTest</name>
      <duration>1.052</duration>
      <cases>
        <case>
          <duration>1.052</duration>
          <className>org.orcid.entities.MarshallingTest</className>
          <testName>testMarshallingFullMessage</testName>
          <skipped>false</skipped>
          <failedSince>0</failedSince>
        </case>
      </cases>
    </suite>
    <suite>
      <file>/var/lib/jenkins/jobs/ORCID-push_checker/workspace/orcid-model/target/surefire-reports/TEST-org.orcid.jaxb.model.message.ScopePathTypeTest.xml</file>
      <name>org.orcid.jaxb.model.message.ScopePathTypeTest</name>
      <duration>0.0</duration>
      <cases>
        <case>
          <duration>0.0</duration>
          <className>org.orcid.jaxb.model.message.ScopePathTypeTest</className>
          <testName>testCombinedReadLimited</testName>
          <skipped>false</skipped>
          <failedSince>0</failedSince>
        </case>
        <case>
          <duration>0.0</duration>
          <className>org.orcid.jaxb.model.message.ScopePathTypeTest</className>
          <testName>testCombinedUpdate</testName>
          <skipped>false</skipped>
          <failedSince>0</failedSince>
        </case>
        <case>
          <duration>0.0</duration>
          <className>org.orcid.jaxb.model.message.ScopePathTypeTest</className>
          <testName>testCombinedCreate</testName>
          <skipped>false</skipped>
          <failedSince>0</failedSince>
        </case>
      </cases>
    </suite>
    <suite>
      <file>/var/lib/jenkins/jobs/ORCID-push_checker/workspace/orcid-model/target/surefire-reports/TEST-org.orcid.jaxb.model.message.VisibilityTest.xml</file>
      <name>org.orcid.jaxb.model.message.VisibilityTest</name>
      <duration>0.0</duration>
      <cases>
        <case>
          <duration>0.0</duration>
          <className>org.orcid.jaxb.model.message.VisibilityTest</className>
          <testName>testIsMoreRestrictiveThan</testName>
          <skipped>false</skipped>
          <failedSince>0</failedSince>
        </case>
      </cases>
    </suite>
    <suite>
      <file>/var/lib/jenkins/jobs/ORCID-push_checker/workspace/orcid-model/target/surefire-reports/TEST-org.orcid.jaxb.model.notification.custom.MarshallingTest.xml</file>
      <name>org.orcid.jaxb.model.notification.custom.MarshallingTest</name>
      <duration>0.081</duration>
      <cases>
        <case>
          <duration>0.081</duration>
          <className>org.orcid.jaxb.model.notification.custom.MarshallingTest</className>
          <testName>testUnMarshalling</testName>
          <skipped>false</skipped>
          <failedSince>0</failedSince>
        </case>
      </cases>
    </suite>
    <suite>
      <file>/var/lib/jenkins/jobs/ORCID-push_checker/workspace/orcid-model/target/surefire-reports/TEST-org.orcid.jaxb.model.notification.permission.MarshallingTest.xml</file>
      <name>org.orcid.jaxb.model.notification.permission.MarshallingTest</name>
      <duration>0.187</duration>
      <cases>
        <case>
          <duration>0.187</duration>
          <className>org.orcid.jaxb.model.notification.permission.MarshallingTest</className>
          <testName>testMarshalling</testName>
          <skipped>false</skipped>
          <failedSince>0</failedSince>
        </case>
      </cases>
    </suite>
    <suite>
      <file>/var/lib/jenkins/jobs/ORCID-push_checker/workspace/orcid-model/target/surefire-reports/TEST-org.orcid.record.ValidateV2RC1SamplesTest.xml</file>
      <name>org.orcid.record.ValidateV2RC1SamplesTest</name>
      <duration>0.843</duration>
      <cases>
        <case>
          <duration>0.843</duration>
          <className>org.orcid.record.ValidateV2RC1SamplesTest</className>
          <testName>Test</testName>
          <skipped>false</skipped>
          <failedSince>0</failedSince>
        </case>
      </cases>
    </suite>
    <suite>
      <file>/var/lib/jenkins/jobs/ORCID-push_checker/workspace/orcid-model/target/surefire-reports/TEST-org.orcid.record.ValidateV2RC2SamplesTest.xml</file>
      <name>org.orcid.record.ValidateV2RC2SamplesTest</name>
      <duration>0.78299993</duration>
      <cases>
        <case>
          <duration>0.078</duration>
          <className>org.orcid.record.ValidateV2RC2SamplesTest</className>
          <testName>testUnmarshallPersonalDetails</testName>
          <skipped>false</skipped>
          <failedSince>0</failedSince>
        </case>
        <case>
          <duration>0.085</duration>
          <className>org.orcid.record.ValidateV2RC2SamplesTest</className>
          <testName>testUnmarshallResearcherUrl</testName>
          <skipped>false</skipped>
          <failedSince>0</failedSince>
        </case>
        <case>
          <duration>0.102</duration>
          <className>org.orcid.record.ValidateV2RC2SamplesTest</className>
          <testName>testUnmarshallAddress</testName>
          <skipped>false</skipped>
          <failedSince>0</failedSince>
        </case>
        <case>
          <duration>0.003</duration>
          <className>org.orcid.record.ValidateV2RC2SamplesTest</className>
          <testName>testUnmarshallBiography</testName>
          <skipped>false</skipped>
          <failedSince>0</failedSince>
        </case>
        <case>
          <duration>0.003</duration>
          <className>org.orcid.record.ValidateV2RC2SamplesTest</className>
          <testName>testUnmarshallCreditName</testName>
          <skipped>false</skipped>
          <failedSince>0</failedSince>
        </case>
        <case>
          <duration>0.03</duration>
          <className>org.orcid.record.ValidateV2RC2SamplesTest</className>
          <testName>testUnmarshallExternalIdentifiers</testName>
          <skipped>false</skipped>
          <failedSince>0</failedSince>
        </case>
        <case>
          <duration>0.075</duration>
          <className>org.orcid.record.ValidateV2RC2SamplesTest</className>
          <testName>testUnmarshallKeyword</testName>
          <skipped>false</skipped>
          <failedSince>0</failedSince>
        </case>
        <case>
          <duration>0.005</duration>
          <className>org.orcid.record.ValidateV2RC2SamplesTest</className>
          <testName>testUnmarshallName</testName>
          <skipped>false</skipped>
          <failedSince>0</failedSince>
        </case>
        <case>
          <duration>0.029</duration>
          <className>org.orcid.record.ValidateV2RC2SamplesTest</className>
          <testName>testUnmarshallOtherNames</testName>
          <skipped>false</skipped>
          <failedSince>0</failedSince>
        </case>
        <case>
          <duration>0.077</duration>
          <className>org.orcid.record.ValidateV2RC2SamplesTest</className>
          <testName>testUnmarshallEmails</testName>
          <skipped>false</skipped>
          <failedSince>0</failedSince>
        </case>
        <case>
          <duration>0.018</duration>
          <className>org.orcid.record.ValidateV2RC2SamplesTest</className>
          <testName>testUnmarshallDelegation</testName>
          <skipped>false</skipped>
          <failedSince>0</failedSince>
        </case>
        <case>
          <duration>0.072</duration>
          <className>org.orcid.record.ValidateV2RC2SamplesTest</className>
          <testName>testUnmarshallApplications</testName>
          <skipped>false</skipped>
          <failedSince>0</failedSince>
        </case>
        <case>
          <duration>0.124</duration>
          <className>org.orcid.record.ValidateV2RC2SamplesTest</className>
          <testName>testUnmarshallPerson</testName>
          <skipped>false</skipped>
          <failedSince>0</failedSince>
        </case>
        <case>
          <duration>0.01</duration>
          <className>org.orcid.record.ValidateV2RC2SamplesTest</className>
          <testName>testUnmarshallDeprecated</testName>
          <skipped>false</skipped>
          <failedSince>0</failedSince>
        </case>
        <case>
          <duration>0.004</duration>
          <className>org.orcid.record.ValidateV2RC2SamplesTest</className>
          <testName>testUnmarshallPreferences</testName>
          <skipped>false</skipped>
          <failedSince>0</failedSince>
        </case>
        <case>
          <duration>0.068</duration>
          <className>org.orcid.record.ValidateV2RC2SamplesTest</className>
          <testName>testUnmarshallHistory</testName>
          <skipped>false</skipped>
          <failedSince>0</failedSince>
        </case>
      </cases>
    </suite>
  </suites>
  <duration>2.946</duration>
  <keepLongStdio>false</keepLongStdio>
</result>