<?xml version='1.0' encoding='UTF-8'?>
<result plugin="junit@1.11">
  <suites>
    <suite>
      <file>/var/lib/jenkins/jobs/ORCID-push_checker/workspace/orcid-web/target/surefire-reports/TEST-orcid.pojo.ajaxForm.WorkFormTest.xml</file>
      <name>orcid.pojo.ajaxForm.WorkFormTest</name>
      <duration>0.202</duration>
      <cases>
        <case>
          <duration>0.177</duration>
          <className>orcid.pojo.ajaxForm.WorkFormTest</className>
          <testName>testValueOfAndBack</testName>
          <skipped>false</skipped>
          <failedSince>0</failedSince>
        </case>
        <case>
          <duration>0.024</duration>
          <className>orcid.pojo.ajaxForm.WorkFormTest</className>
          <testName>testSerializeWork</testName>
          <skipped>false</skipped>
          <failedSince>0</failedSince>
        </case>
        <case>
          <duration>0.001</duration>
          <className>orcid.pojo.ajaxForm.WorkFormTest</className>
          <testName>testEmptyTranslatedTitleDontGetIntoTheWork</testName>
          <skipped>false</skipped>
          <failedSince>0</failedSince>
        </case>
      </cases>
    </suite>
    <suite>
      <file>/var/lib/jenkins/jobs/ORCID-push_checker/workspace/orcid-web/target/surefire-reports/TEST-org.orcid.frontend.web.controllers.AdminControllerTest.xml</file>
      <name>org.orcid.frontend.web.controllers.AdminControllerTest</name>
      <duration>3.72</duration>
      <cases>
        <case>
          <duration>0.637</duration>
          <className>org.orcid.frontend.web.controllers.AdminControllerTest</className>
          <testName>testCheckOrcid</testName>
          <skipped>false</skipped>
          <failedSince>0</failedSince>
        </case>
        <case>
          <duration>1.032</duration>
          <className>org.orcid.frontend.web.controllers.AdminControllerTest</className>
          <testName>testDeprecateProfile</testName>
          <skipped>false</skipped>
          <failedSince>0</failedSince>
        </case>
        <case>
          <duration>0.246</duration>
          <className>org.orcid.frontend.web.controllers.AdminControllerTest</className>
          <testName>tryToDeprecateDeprecatedProfile</testName>
          <skipped>false</skipped>
          <failedSince>0</failedSince>
        </case>
        <case>
          <duration>0.317</duration>
          <className>org.orcid.frontend.web.controllers.AdminControllerTest</className>
          <testName>deactivateAndReactivateProfileTest</testName>
          <skipped>false</skipped>
          <failedSince>0</failedSince>
        </case>
        <case>
          <duration>0.009</duration>
          <className>org.orcid.frontend.web.controllers.AdminControllerTest</className>
          <testName>findIdsTest</testName>
          <skipped>false</skipped>
          <failedSince>0</failedSince>
        </case>
        <case>
          <duration>0.122</duration>
          <className>org.orcid.frontend.web.controllers.AdminControllerTest</className>
          <testName>removeSecurityQuestionTest</testName>
          <skipped>false</skipped>
          <failedSince>0</failedSince>
        </case>
        <case>
          <duration>0.107</duration>
          <className>org.orcid.frontend.web.controllers.AdminControllerTest</className>
          <testName>removeSecurityQuestionUsingEmailTest</testName>
          <skipped>false</skipped>
          <failedSince>0</failedSince>
        </case>
        <case>
          <duration>0.529</duration>
          <className>org.orcid.frontend.web.controllers.AdminControllerTest</className>
          <testName>resetPasswordTest</testName>
          <skipped>false</skipped>
          <failedSince>0</failedSince>
        </case>
        <case>
          <duration>0.695</duration>
          <className>org.orcid.frontend.web.controllers.AdminControllerTest</className>
          <testName>resetPasswordUsingEmailTest</testName>
          <skipped>false</skipped>
          <failedSince>0</failedSince>
        </case>
        <case>
          <duration>0.026</duration>
          <className>org.orcid.frontend.web.controllers.AdminControllerTest</className>
          <testName>verifyEmailTest</testName>
          <skipped>false</skipped>
          <failedSince>0</failedSince>
        </case>
      </cases>
    </suite>
    <suite>
      <file>/var/lib/jenkins/jobs/ORCID-push_checker/workspace/orcid-web/target/surefire-reports/TEST-org.orcid.frontend.web.controllers.CustomEmailControllerTest.xml</file>
      <name>org.orcid.frontend.web.controllers.CustomEmailControllerTest</name>
      <duration>0.29500002</duration>
      <cases>
        <case>
          <duration>0.277</duration>
          <className>org.orcid.frontend.web.controllers.CustomEmailControllerTest</className>
          <testName>validateContentTest</testName>
          <skipped>false</skipped>
          <failedSince>0</failedSince>
        </case>
        <case>
          <duration>0.009</duration>
          <className>org.orcid.frontend.web.controllers.CustomEmailControllerTest</className>
          <testName>validateSubjectTest</testName>
          <skipped>false</skipped>
          <failedSince>0</failedSince>
        </case>
        <case>
          <duration>0.005</duration>
          <className>org.orcid.frontend.web.controllers.CustomEmailControllerTest</className>
          <testName>validateOnlyOwnerCanAskForCustomEmailTest</testName>
          <skipped>false</skipped>
          <failedSince>0</failedSince>
        </case>
        <case>
          <duration>0.004</duration>
          <className>org.orcid.frontend.web.controllers.CustomEmailControllerTest</className>
          <testName>validateOnlyValidClientIdsCanAskForCustomEmailTest</testName>
          <skipped>false</skipped>
          <failedSince>0</failedSince>
        </case>
      </cases>
    </suite>
    <suite>
      <file>/var/lib/jenkins/jobs/ORCID-push_checker/workspace/orcid-web/target/surefire-reports/TEST-org.orcid.frontend.web.controllers.DeveloperToolsControllerTest.xml</file>
      <name>org.orcid.frontend.web.controllers.DeveloperToolsControllerTest</name>
      <duration>0.431</duration>
      <cases>
        <case>
          <duration>0.041</duration>
          <className>org.orcid.frontend.web.controllers.DeveloperToolsControllerTest</className>
          <testName>testCrossSiteScriptingOnClientName</testName>
          <skipped>false</skipped>
          <failedSince>0</failedSince>
        </case>
        <case>
          <duration>0.003</duration>
          <className>org.orcid.frontend.web.controllers.DeveloperToolsControllerTest</className>
          <testName>testCrossSiteScriptingOnClientDescription</testName>
          <skipped>false</skipped>
          <failedSince>0</failedSince>
        </case>
        <case>
          <duration>0.004</duration>
          <className>org.orcid.frontend.web.controllers.DeveloperToolsControllerTest</className>
          <testName>testSSOCredentialsValidation</testName>
          <skipped>false</skipped>
          <failedSince>0</failedSince>
        </case>
        <case>
          <duration>0.095</duration>
          <className>org.orcid.frontend.web.controllers.DeveloperToolsControllerTest</className>
          <testName>testGenerateSSOCredentials</testName>
          <skipped>false</skipped>
          <failedSince>0</failedSince>
        </case>
        <case>
          <duration>0.159</duration>
          <className>org.orcid.frontend.web.controllers.DeveloperToolsControllerTest</className>
          <testName>testUpdateSSOCredentials</testName>
          <skipped>false</skipped>
          <failedSince>0</failedSince>
        </case>
        <case>
          <duration>0.129</duration>
          <className>org.orcid.frontend.web.controllers.DeveloperToolsControllerTest</className>
          <testName>testResetClientSecret</testName>
          <skipped>false</skipped>
          <failedSince>0</failedSince>
        </case>
      </cases>
    </suite>
    <suite>
      <file>/var/lib/jenkins/jobs/ORCID-push_checker/workspace/orcid-web/target/surefire-reports/TEST-org.orcid.frontend.web.controllers.FundingsControllerTest.xml</file>
      <name>org.orcid.frontend.web.controllers.FundingsControllerTest</name>
      <duration>1.631</duration>
      <cases>
        <case>
          <duration>0.701</duration>
          <className>org.orcid.frontend.web.controllers.FundingsControllerTest</className>
          <testName>testValidateAmountLocaleEN_US</testName>
          <skipped>false</skipped>
          <failedSince>0</failedSince>
        </case>
        <case>
          <duration>0.031</duration>
          <className>org.orcid.frontend.web.controllers.FundingsControllerTest</className>
          <testName>testVAlidateAmountLocaleDE_CH</testName>
          <skipped>false</skipped>
          <failedSince>0</failedSince>
        </case>
        <case>
          <duration>0.016</duration>
          <className>org.orcid.frontend.web.controllers.FundingsControllerTest</className>
          <testName>testValidateAmountLocaleRU</testName>
          <skipped>false</skipped>
          <failedSince>0</failedSince>
        </case>
        <case>
          <duration>0.047</duration>
          <className>org.orcid.frontend.web.controllers.FundingsControllerTest</className>
          <testName>validateBigDecimalConversionLocaleUS_EN</testName>
          <skipped>false</skipped>
          <failedSince>0</failedSince>
        </case>
        <case>
          <duration>0.008</duration>
          <className>org.orcid.frontend.web.controllers.FundingsControllerTest</className>
          <testName>validateBigDecimalConversionLocaleDE_CH</testName>
          <skipped>false</skipped>
          <failedSince>0</failedSince>
        </case>
        <case>
          <duration>0.007</duration>
          <className>org.orcid.frontend.web.controllers.FundingsControllerTest</className>
          <testName>validateBigDecimalConversionLocaleRU</testName>
          <skipped>false</skipped>
          <failedSince>0</failedSince>
        </case>
        <case>
          <duration>0.143</duration>
          <className>org.orcid.frontend.web.controllers.FundingsControllerTest</className>
          <testName>testEditOtherSourceThrowsError</testName>
          <skipped>false</skipped>
          <failedSince>0</failedSince>
        </case>
        <case>
          <duration>0.054</duration>
          <className>org.orcid.frontend.web.controllers.FundingsControllerTest</className>
          <testName>testGetFundings</testName>
          <skipped>false</skipped>
          <failedSince>0</failedSince>
        </case>
        <case>
          <duration>0.117</duration>
          <className>org.orcid.frontend.web.controllers.FundingsControllerTest</className>
          <testName>testAddFundingWithoutAmount</testName>
          <skipped>false</skipped>
          <failedSince>0</failedSince>
        </case>
        <case>
          <duration>0.087</duration>
          <className>org.orcid.frontend.web.controllers.FundingsControllerTest</className>
          <testName>testAddFunding</testName>
          <skipped>false</skipped>
          <failedSince>0</failedSince>
        </case>
        <case>
          <duration>0.008</duration>
          <className>org.orcid.frontend.web.controllers.FundingsControllerTest</className>
          <testName>testAddAmountWithoutCurrencyCode</testName>
          <skipped>false</skipped>
          <failedSince>0</failedSince>
        </case>
        <case>
          <duration>0.02</duration>
          <className>org.orcid.frontend.web.controllers.FundingsControllerTest</className>
          <testName>getFunding</testName>
          <skipped>false</skipped>
          <failedSince>0</failedSince>
        </case>
        <case>
          <duration>0.182</duration>
          <className>org.orcid.frontend.web.controllers.FundingsControllerTest</className>
          <testName>testEditFunding</testName>
          <skipped>false</skipped>
          <failedSince>0</failedSince>
        </case>
        <case>
          <duration>0.202</duration>
          <className>org.orcid.frontend.web.controllers.FundingsControllerTest</className>
          <testName>testEditOrgOnExistingFunding</testName>
          <skipped>false</skipped>
          <failedSince>0</failedSince>
        </case>
        <case>
          <duration>0.008</duration>
          <className>org.orcid.frontend.web.controllers.FundingsControllerTest</className>
          <testName>testAddFundingWithInvalidDates</testName>
          <skipped>false</skipped>
          <failedSince>0</failedSince>
        </case>
      </cases>
    </suite>
    <suite>
      <file>/var/lib/jenkins/jobs/ORCID-push_checker/workspace/orcid-web/target/surefire-reports/TEST-org.orcid.frontend.web.controllers.GroupAdministratorControllerTest.xml</file>
      <name>org.orcid.frontend.web.controllers.GroupAdministratorControllerTest</name>
      <duration>1.899</duration>
      <cases>
        <case>
          <duration>0.612</duration>
          <className>org.orcid.frontend.web.controllers.GroupAdministratorControllerTest</className>
          <testName>emptyClientTest</testName>
          <skipped>false</skipped>
          <failedSince>0</failedSince>
        </case>
        <case>
          <duration>0.459</duration>
          <className>org.orcid.frontend.web.controllers.GroupAdministratorControllerTest</className>
          <testName>testInvalidName</testName>
          <skipped>false</skipped>
          <failedSince>0</failedSince>
        </case>
        <case>
          <duration>0.191</duration>
          <className>org.orcid.frontend.web.controllers.GroupAdministratorControllerTest</className>
          <testName>testInvalidDescription</testName>
          <skipped>false</skipped>
          <failedSince>0</failedSince>
        </case>
        <case>
          <duration>0.231</duration>
          <className>org.orcid.frontend.web.controllers.GroupAdministratorControllerTest</className>
          <testName>testInvalidWebsite</testName>
          <skipped>false</skipped>
          <failedSince>0</failedSince>
        </case>
        <case>
          <duration>0.406</duration>
          <className>org.orcid.frontend.web.controllers.GroupAdministratorControllerTest</className>
          <testName>invalidClientTest</testName>
          <skipped>false</skipped>
          <failedSince>0</failedSince>
        </case>
      </cases>
    </suite>
    <suite>
      <file>/var/lib/jenkins/jobs/ORCID-push_checker/workspace/orcid-web/target/surefire-reports/TEST-org.orcid.frontend.web.controllers.ManageMembersControllerTest.xml</file>
      <name>org.orcid.frontend.web.controllers.ManageMembersControllerTest</name>
      <duration>0.567</duration>
      <cases>
        <case>
          <duration>0.077</duration>
          <className>org.orcid.frontend.web.controllers.ManageMembersControllerTest</className>
          <testName>createMemberProfileWithInvalidEmailsTest</testName>
          <skipped>false</skipped>
          <failedSince>0</failedSince>
        </case>
        <case>
          <duration>0.002</duration>
          <className>org.orcid.frontend.web.controllers.ManageMembersControllerTest</className>
          <testName>createMemberProfileWithInvalidGroupNameTest</testName>
          <skipped>false</skipped>
          <failedSince>0</failedSince>
        </case>
        <case>
          <duration>0.002</duration>
          <className>org.orcid.frontend.web.controllers.ManageMembersControllerTest</className>
          <testName>createMemberProfileWithInvalidTypeTest</testName>
          <skipped>false</skipped>
          <failedSince>0</failedSince>
        </case>
        <case>
          <duration>0.001</duration>
          <className>org.orcid.frontend.web.controllers.ManageMembersControllerTest</className>
          <testName>createMemberProfileWithInvalidSalesforceIdTest</testName>
          <skipped>false</skipped>
          <failedSince>0</failedSince>
        </case>
        <case>
          <duration>0.011</duration>
          <className>org.orcid.frontend.web.controllers.ManageMembersControllerTest</className>
          <testName>createMemberProfileTest</testName>
          <skipped>false</skipped>
          <failedSince>0</failedSince>
        </case>
        <case>
          <duration>0.016</duration>
          <className>org.orcid.frontend.web.controllers.ManageMembersControllerTest</className>
          <testName>findMemberByOrcidTest</testName>
          <skipped>false</skipped>
          <failedSince>0</failedSince>
        </case>
        <case>
          <duration>0.084</duration>
          <className>org.orcid.frontend.web.controllers.ManageMembersControllerTest</className>
          <testName>editMemberTest</testName>
          <skipped>false</skipped>
          <failedSince>0</failedSince>
        </case>
        <case>
          <duration>0.008</duration>
          <className>org.orcid.frontend.web.controllers.ManageMembersControllerTest</className>
          <testName>editMemberWithInvalidEmailTest</testName>
          <skipped>false</skipped>
          <failedSince>0</failedSince>
        </case>
        <case>
          <duration>0.007</duration>
          <className>org.orcid.frontend.web.controllers.ManageMembersControllerTest</className>
          <testName>editMemberWithInvalidSalesforceIdTest</testName>
          <skipped>false</skipped>
          <failedSince>0</failedSince>
        </case>
        <case>
          <duration>0.066</duration>
          <className>org.orcid.frontend.web.controllers.ManageMembersControllerTest</className>
          <testName>findClientTest</testName>
          <skipped>false</skipped>
          <failedSince>0</failedSince>
        </case>
        <case>
          <duration>0.038</duration>
          <className>org.orcid.frontend.web.controllers.ManageMembersControllerTest</className>
          <testName>editClientWithInvalidRedirectUriTest</testName>
          <skipped>false</skipped>
          <failedSince>0</failedSince>
        </case>
        <case>
          <duration>0.023</duration>
          <className>org.orcid.frontend.web.controllers.ManageMembersControllerTest</className>
          <testName>editMemberDoesntChangePersistentTokenEnabledValueTest</testName>
          <skipped>false</skipped>
          <failedSince>0</failedSince>
        </case>
        <case>
          <duration>0.232</duration>
          <className>org.orcid.frontend.web.controllers.ManageMembersControllerTest</className>
          <testName>editGroupTypeTest</testName>
          <skipped>false</skipped>
          <failedSince>0</failedSince>
        </case>
      </cases>
    </suite>
    <suite>
      <file>/var/lib/jenkins/jobs/ORCID-push_checker/workspace/orcid-web/target/surefire-reports/TEST-org.orcid.frontend.web.controllers.ManageProfileControllerTest.xml</file>
      <name>org.orcid.frontend.web.controllers.ManageProfileControllerTest</name>
      <duration>2.412</duration>
      <cases>
        <case>
          <duration>0.466</duration>
          <className>org.orcid.frontend.web.controllers.ManageProfileControllerTest</className>
          <testName>testManageProfile</testName>
          <skipped>false</skipped>
          <failedSince>0</failedSince>
        </case>
        <case>
          <duration>0.528</duration>
          <className>org.orcid.frontend.web.controllers.ManageProfileControllerTest</className>
          <testName>testUnchangedEmailDoesNotInvokeNotificationManager</testName>
          <skipped>false</skipped>
          <failedSince>0</failedSince>
        </case>
        <case>
          <duration>0.211</duration>
          <className>org.orcid.frontend.web.controllers.ManageProfileControllerTest</className>
          <testName>testUpdatePastAffiliations</testName>
          <skipped>false</skipped>
          <failedSince>0</failedSince>
        </case>
        <case>
          <duration>0.204</duration>
          <className>org.orcid.frontend.web.controllers.ManageProfileControllerTest</className>
          <testName>testDeletePastAffiliations</testName>
          <skipped>false</skipped>
          <failedSince>0</failedSince>
        </case>
        <case>
          <duration>0.304</duration>
          <className>org.orcid.frontend.web.controllers.ManageProfileControllerTest</className>
          <testName>testChangeSecurityDetailsSuccess</testName>
          <skipped>false</skipped>
          <failedSince>0</failedSince>
        </case>
        <case>
          <duration>0.211</duration>
          <className>org.orcid.frontend.web.controllers.ManageProfileControllerTest</className>
          <testName>testChangeSecurityDetailsFailedValidation</testName>
          <skipped>false</skipped>
          <failedSince>0</failedSince>
        </case>
        <case>
          <duration>0.227</duration>
          <className>org.orcid.frontend.web.controllers.ManageProfileControllerTest</className>
          <testName>testAddDelegateSendsEmailToOnlyNewDelegates</testName>
          <skipped>false</skipped>
          <failedSince>0</failedSince>
        </case>
        <case>
          <duration>0.261</duration>
          <className>org.orcid.frontend.web.controllers.ManageProfileControllerTest</className>
          <testName>testValidateBiography</testName>
          <skipped>false</skipped>
          <failedSince>0</failedSince>
        </case>
      </cases>
    </suite>
    <suite>
      <file>/var/lib/jenkins/jobs/ORCID-push_checker/workspace/orcid-web/target/surefire-reports/TEST-org.orcid.frontend.web.controllers.PeerReviewsControllerTest.xml</file>
      <name>org.orcid.frontend.web.controllers.PeerReviewsControllerTest</name>
      <duration>0.92</duration>
      <cases>
        <case>
          <duration>0.306</duration>
          <className>org.orcid.frontend.web.controllers.PeerReviewsControllerTest</className>
          <testName>testGetPeerReview</testName>
          <skipped>false</skipped>
          <failedSince>0</failedSince>
        </case>
        <case>
          <duration>0.305</duration>
          <className>org.orcid.frontend.web.controllers.PeerReviewsControllerTest</className>
          <testName>testAddPeerReview</testName>
          <skipped>false</skipped>
          <failedSince>0</failedSince>
        </case>
        <case>
          <duration>0.082</duration>
          <className>org.orcid.frontend.web.controllers.PeerReviewsControllerTest</className>
          <testName>testValidatePeerReviewFields</testName>
          <skipped>false</skipped>
          <failedSince>0</failedSince>
        </case>
        <case>
          <duration>0.025</duration>
          <className>org.orcid.frontend.web.controllers.PeerReviewsControllerTest</className>
          <testName>testAddWithInvalidGroupId</testName>
          <skipped>false</skipped>
          <failedSince>0</failedSince>
        </case>
        <case>
          <duration>0.202</duration>
          <className>org.orcid.frontend.web.controllers.PeerReviewsControllerTest</className>
          <testName>testDeletePeerReview</testName>
          <skipped>false</skipped>
          <failedSince>0</failedSince>
        </case>
      </cases>
    </suite>
    <suite>
      <file>/var/lib/jenkins/jobs/ORCID-push_checker/workspace/orcid-web/target/surefire-reports/TEST-org.orcid.frontend.web.controllers.RegistrationControllerTest.xml</file>
      <name>org.orcid.frontend.web.controllers.RegistrationControllerTest</name>
      <duration>7.641</duration>
      <cases>
        <case>
          <duration>0.082</duration>
          <className>org.orcid.frontend.web.controllers.RegistrationControllerTest</className>
          <testName>testPasswordResetInvalidEmailDataProvidedToForm</testName>
          <skipped>false</skipped>
          <failedSince>0</failedSince>
        </case>
        <case>
          <duration>0.002</duration>
          <className>org.orcid.frontend.web.controllers.RegistrationControllerTest</className>
          <testName>testPasswordResetUserNotFound</testName>
          <skipped>false</skipped>
          <failedSince>0</failedSince>
        </case>
        <case>
          <duration>0.009</duration>
          <className>org.orcid.frontend.web.controllers.RegistrationControllerTest</className>
          <testName>testPasswordResetLinkExpired</testName>
          <skipped>false</skipped>
          <failedSince>0</failedSince>
        </case>
        <case>
          <duration>0.003</duration>
          <className>org.orcid.frontend.web.controllers.RegistrationControllerTest</className>
          <testName>testPasswordResetLinkValidLinkDirectsToConsolidatedScreenDirectlyWhenNoSecurityQuestion</testName>
          <skipped>false</skipped>
          <failedSince>0</failedSince>
        </case>
        <case>
          <duration>0.002</duration>
          <className>org.orcid.frontend.web.controllers.RegistrationControllerTest</className>
          <testName>testPasswordResetLinkValidLinkDirectsToSecurityQuestionScreenWhenSecurityQuestionPresent</testName>
          <skipped>false</skipped>
          <failedSince>0</failedSince>
        </case>
        <case>
          <duration>0.008</duration>
          <className>org.orcid.frontend.web.controllers.RegistrationControllerTest</className>
          <testName>testStandAloneSecurityQuestionsView</testName>
          <skipped>false</skipped>
          <failedSince>0</failedSince>
        </case>
        <case>
          <duration>0.004</duration>
          <className>org.orcid.frontend.web.controllers.RegistrationControllerTest</className>
          <testName>testStandaloneSecurityQuestionsRedirectsToStandalonePasswordUponSuccess</testName>
          <skipped>false</skipped>
          <failedSince>0</failedSince>
        </case>
        <case>
          <duration>0.005</duration>
          <className>org.orcid.frontend.web.controllers.RegistrationControllerTest</className>
          <testName>testSubmitStandalonePasswordResetSuccess</testName>
          <skipped>false</skipped>
          <failedSince>0</failedSince>
        </case>
        <case>
          <duration>0.004</duration>
          <className>org.orcid.frontend.web.controllers.RegistrationControllerTest</className>
          <testName>testSubmitConsolidatedPasswordReset</testName>
          <skipped>false</skipped>
          <failedSince>0</failedSince>
        </case>
        <case>
          <duration>0.001</duration>
          <className>org.orcid.frontend.web.controllers.RegistrationControllerTest</className>
          <testName>testResendEmailFailIfTheProfileIsAlreadyClaimed</testName>
          <skipped>false</skipped>
          <failedSince>0</failedSince>
        </case>
        <case>
          <duration>7.518</duration>
          <className>org.orcid.frontend.web.controllers.RegistrationControllerTest</className>
          <testName>testResendClaimEmail</testName>
          <skipped>false</skipped>
          <failedSince>0</failedSince>
        </case>
        <case>
          <duration>0.003</duration>
          <className>org.orcid.frontend.web.controllers.RegistrationControllerTest</className>
          <testName>testResetPasswordDontFailIfAnyFieldIsEmtpy</testName>
          <skipped>false</skipped>
          <failedSince>0</failedSince>
        </case>
      </cases>
    </suite>
    <suite>
      <file>/var/lib/jenkins/jobs/ORCID-push_checker/workspace/orcid-web/target/surefire-reports/TEST-org.orcid.frontend.web.controllers.WorksControllerTest.xml</file>
      <name>org.orcid.frontend.web.controllers.WorksControllerTest</name>
      <duration>2.243</duration>
      <cases>
        <case>
          <duration>0.616</duration>
          <className>org.orcid.frontend.web.controllers.WorksControllerTest</className>
          <testName>testGetWorksJson</testName>
          <skipped>false</skipped>
          <failedSince>0</failedSince>
        </case>
        <case>
          <duration>0.341</duration>
          <className>org.orcid.frontend.web.controllers.WorksControllerTest</className>
          <testName>testGetWorkInfo</testName>
          <skipped>false</skipped>
          <failedSince>0</failedSince>
        </case>
        <case>
          <duration>0.336</duration>
          <className>org.orcid.frontend.web.controllers.WorksControllerTest</className>
          <testName>testFieldValidators</testName>
          <skipped>false</skipped>
          <failedSince>0</failedSince>
        </case>
        <case>
          <duration>0.389</duration>
          <className>org.orcid.frontend.web.controllers.WorksControllerTest</className>
          <testName>testAddWork</testName>
          <skipped>false</skipped>
          <failedSince>0</failedSince>
        </case>
        <case>
          <duration>0.225</duration>
          <className>org.orcid.frontend.web.controllers.WorksControllerTest</className>
          <testName>testEditOtherSourceThrowsError</testName>
          <skipped>false</skipped>
          <failedSince>0</failedSince>
        </case>
        <case>
          <duration>0.336</duration>
          <className>org.orcid.frontend.web.controllers.WorksControllerTest</className>
          <testName>testUpdateWork</testName>
          <skipped>false</skipped>
          <failedSince>0</failedSince>
        </case>
      </cases>
    </suite>
    <suite>
      <file>/var/lib/jenkins/jobs/ORCID-push_checker/workspace/orcid-web/target/surefire-reports/TEST-org.orcid.frontend.web.controllers.WorkspaceControllerTest.xml</file>
      <name>org.orcid.frontend.web.controllers.WorkspaceControllerTest</name>
      <duration>0.009</duration>
      <cases>
        <case>
          <duration>0.009</duration>
          <className>org.orcid.frontend.web.controllers.WorkspaceControllerTest</className>
          <testName>validateSmallerThanTest</testName>
          <skipped>false</skipped>
          <failedSince>0</failedSince>
        </case>
      </cases>
    </suite>
    <suite>
      <file>/var/lib/jenkins/jobs/ORCID-push_checker/workspace/orcid-web/target/surefire-reports/TEST-org.orcid.frontend.web.forms.ChangePersonalInfoFormTest.xml</file>
      <name>org.orcid.frontend.web.forms.ChangePersonalInfoFormTest</name>
      <duration>1.069</duration>
      <cases>
        <case>
          <duration>0.695</duration>
          <className>org.orcid.frontend.web.forms.ChangePersonalInfoFormTest</className>
          <testName>testConvertFormToOrcidProfile</testName>
          <skipped>false</skipped>
          <failedSince>0</failedSince>
        </case>
        <case>
          <duration>0.164</duration>
          <className>org.orcid.frontend.web.forms.ChangePersonalInfoFormTest</className>
          <testName>testRemoveDuplicatedOtherNames</testName>
          <skipped>false</skipped>
          <failedSince>0</failedSince>
        </case>
        <case>
          <duration>0.21</duration>
          <className>org.orcid.frontend.web.forms.ChangePersonalInfoFormTest</className>
          <testName>testRemoveDuplicatedKeywords</testName>
          <skipped>false</skipped>
          <failedSince>0</failedSince>
        </case>
      </cases>
    </suite>
    <suite>
      <file>/var/lib/jenkins/jobs/ORCID-push_checker/workspace/orcid-web/target/surefire-reports/TEST-org.orcid.frontend.web.forms.PersonalInfoFormTest.xml</file>
      <name>org.orcid.frontend.web.forms.PersonalInfoFormTest</name>
      <duration>0.339</duration>
      <cases>
        <case>
          <duration>0.339</duration>
          <className>org.orcid.frontend.web.forms.PersonalInfoFormTest</className>
          <testName>testGetOrcidProfile</testName>
          <skipped>false</skipped>
          <failedSince>0</failedSince>
        </case>
      </cases>
    </suite>
    <suite>
      <file>/var/lib/jenkins/jobs/ORCID-push_checker/workspace/orcid-web/target/surefire-reports/TEST-org.orcid.frontend.web.forms.PublicationTest.xml</file>
      <name>org.orcid.frontend.web.forms.PublicationTest</name>
      <duration>0.0</duration>
      <cases>
        <case>
          <duration>0.0</duration>
          <className>org.orcid.frontend.web.forms.PublicationTest</className>
          <testName>testGetOrcidWork</testName>
          <skipped>false</skipped>
          <failedSince>0</failedSince>
        </case>
      </cases>
    </suite>
    <suite>
      <file>/var/lib/jenkins/jobs/ORCID-push_checker/workspace/orcid-web/target/surefire-reports/TEST-org.orcid.frontend.web.forms.validate.ChangePasswordFormValidatorTest.xml</file>
      <name>org.orcid.frontend.web.forms.validate.ChangePasswordFormValidatorTest</name>
      <duration>0.252</duration>
      <cases>
        <case>
          <duration>0.169</duration>
          <className>org.orcid.frontend.web.forms.validate.ChangePasswordFormValidatorTest</className>
          <testName>testPasswordNumbersOnlyInvalid</testName>
          <skipped>false</skipped>
          <failedSince>0</failedSince>
        </case>
        <case>
          <duration>0.005</duration>
          <className>org.orcid.frontend.web.forms.validate.ChangePasswordFormValidatorTest</className>
          <testName>testPasswordLengthMin8</testName>
          <skipped>false</skipped>
          <failedSince>0</failedSince>
        </case>
        <case>
          <duration>0.0</duration>
          <className>org.orcid.frontend.web.forms.validate.ChangePasswordFormValidatorTest</className>
          <testName>testPasswordMissingNumberInvalid</testName>
          <skipped>false</skipped>
          <failedSince>0</failedSince>
        </case>
        <case>
          <duration>0.002</duration>
          <className>org.orcid.frontend.web.forms.validate.ChangePasswordFormValidatorTest</className>
          <testName>testPasswordWithSymbolButNotCharacterValid</testName>
          <skipped>false</skipped>
          <failedSince>0</failedSince>
        </case>
        <case>
          <duration>0.004</duration>
          <className>org.orcid.frontend.web.forms.validate.ChangePasswordFormValidatorTest</className>
          <testName>testNonUsAsciiCharsPermitted</testName>
          <skipped>false</skipped>
          <failedSince>0</failedSince>
        </case>
        <case>
          <duration>0.003</duration>
          <className>org.orcid.frontend.web.forms.validate.ChangePasswordFormValidatorTest</className>
          <testName>testSpacesPermittted</testName>
          <skipped>false</skipped>
          <failedSince>0</failedSince>
        </case>
        <case>
          <duration>0.004</duration>
          <className>org.orcid.frontend.web.forms.validate.ChangePasswordFormValidatorTest</className>
          <testName>testSymbolsPermitttedButNotRequired</testName>
          <skipped>false</skipped>
          <failedSince>0</failedSince>
        </case>
        <case>
          <duration>0.002</duration>
          <className>org.orcid.frontend.web.forms.validate.ChangePasswordFormValidatorTest</className>
          <testName>testPasswordFormMissingData</testName>
          <skipped>false</skipped>
          <failedSince>0</failedSince>
        </case>
        <case>
          <duration>0.007</duration>
          <className>org.orcid.frontend.web.forms.validate.ChangePasswordFormValidatorTest</className>
          <testName>testPasswordFormatValidation</testName>
          <skipped>false</skipped>
          <failedSince>0</failedSince>
        </case>
        <case>
          <duration>0.053</duration>
          <className>org.orcid.frontend.web.forms.validate.ChangePasswordFormValidatorTest</className>
          <testName>testPasswordsMatchValidation</testName>
          <skipped>false</skipped>
          <failedSince>0</failedSince>
        </case>
        <case>
          <duration>0.003</duration>
          <className>org.orcid.frontend.web.forms.validate.ChangePasswordFormValidatorTest</className>
          <testName>allValuesPopulatedHappyPath</testName>
          <skipped>false</skipped>
          <failedSince>0</failedSince>
        </case>
      </cases>
    </suite>
    <suite>
      <file>/var/lib/jenkins/jobs/ORCID-push_checker/workspace/orcid-web/target/surefire-reports/TEST-org.orcid.frontend.web.forms.validate.ChangePersonalInfoValidatorTest.xml</file>
      <name>org.orcid.frontend.web.forms.validate.ChangePersonalInfoValidatorTest</name>
      <duration>0.11</duration>
      <cases>
        <case>
          <duration>0.004</duration>
          <className>org.orcid.frontend.web.forms.validate.ChangePersonalInfoValidatorTest</className>
          <testName>allMandatoryValuesPopulated</testName>
          <skipped>false</skipped>
          <failedSince>0</failedSince>
        </case>
        <case>
          <duration>0.004</duration>
          <className>org.orcid.frontend.web.forms.validate.ChangePersonalInfoValidatorTest</className>
          <testName>noMandatoryValuesPopulated</testName>
          <skipped>false</skipped>
          <failedSince>0</failedSince>
        </case>
        <case>
          <duration>0.102</duration>
          <className>org.orcid.frontend.web.forms.validate.ChangePersonalInfoValidatorTest</className>
          <testName>lengthGreaterThan100NotAcceptedForBio</testName>
          <skipped>false</skipped>
          <failedSince>0</failedSince>
        </case>
      </cases>
    </suite>
    <suite>
      <file>/var/lib/jenkins/jobs/ORCID-push_checker/workspace/orcid-web/target/surefire-reports/TEST-org.orcid.frontend.web.forms.validate.ChangeSecurityDetailsValidatorTest.xml</file>
      <name>org.orcid.frontend.web.forms.validate.ChangeSecurityDetailsValidatorTest</name>
      <duration>0.06299999</duration>
      <cases>
        <case>
          <duration>0.058</duration>
          <className>org.orcid.frontend.web.forms.validate.ChangeSecurityDetailsValidatorTest</className>
          <testName>blankEntryNotPermittedWhenIndexNot0</testName>
          <skipped>false</skipped>
          <failedSince>0</failedSince>
        </case>
        <case>
          <duration>0.003</duration>
          <className>org.orcid.frontend.web.forms.validate.ChangeSecurityDetailsValidatorTest</className>
          <testName>allValuesPopulatedHappyPath</testName>
          <skipped>false</skipped>
          <failedSince>0</failedSince>
        </case>
        <case>
          <duration>0.002</duration>
          <className>org.orcid.frontend.web.forms.validate.ChangeSecurityDetailsValidatorTest</className>
          <testName>blankEntryPermittedWhenIndex0</testName>
          <skipped>false</skipped>
          <failedSince>0</failedSince>
        </case>
      </cases>
    </suite>
    <suite>
      <file>/var/lib/jenkins/jobs/ORCID-push_checker/workspace/orcid-web/target/surefire-reports/TEST-org.orcid.frontend.web.forms.validate.ManagePasswordOptionsValidationFormTest.xml</file>
      <name>org.orcid.frontend.web.forms.validate.ManagePasswordOptionsValidationFormTest</name>
      <duration>0.169</duration>
      <cases>
        <case>
          <duration>0.015</duration>
          <className>org.orcid.frontend.web.forms.validate.ManagePasswordOptionsValidationFormTest</className>
          <testName>testNonUsAsciiCharsPermitted</testName>
          <skipped>false</skipped>
          <failedSince>0</failedSince>
        </case>
        <case>
          <duration>0.091</duration>
          <className>org.orcid.frontend.web.forms.validate.ManagePasswordOptionsValidationFormTest</className>
          <testName>testSpacesPermittted</testName>
          <skipped>false</skipped>
          <failedSince>0</failedSince>
        </case>
        <case>
          <duration>0.009</duration>
          <className>org.orcid.frontend.web.forms.validate.ManagePasswordOptionsValidationFormTest</className>
          <testName>testSymbolsPermitttedButNotRequired</testName>
          <skipped>false</skipped>
          <failedSince>0</failedSince>
        </case>
        <case>
          <duration>0.006</duration>
          <className>org.orcid.frontend.web.forms.validate.ManagePasswordOptionsValidationFormTest</className>
          <testName>testPasswordFormMissingData</testName>
          <skipped>false</skipped>
          <failedSince>0</failedSince>
        </case>
        <case>
          <duration>0.017</duration>
          <className>org.orcid.frontend.web.forms.validate.ManagePasswordOptionsValidationFormTest</className>
          <testName>testPasswordFormatValidation</testName>
          <skipped>false</skipped>
          <failedSince>0</failedSince>
        </case>
        <case>
          <duration>0.007</duration>
          <className>org.orcid.frontend.web.forms.validate.ManagePasswordOptionsValidationFormTest</className>
          <testName>testPasswordsMatchValidation</testName>
          <skipped>false</skipped>
          <failedSince>0</failedSince>
        </case>
        <case>
          <duration>0.006</duration>
          <className>org.orcid.frontend.web.forms.validate.ManagePasswordOptionsValidationFormTest</className>
          <testName>testRegistrationFormInvalidData</testName>
          <skipped>false</skipped>
          <failedSince>0</failedSince>
        </case>
        <case>
          <duration>0.018</duration>
          <className>org.orcid.frontend.web.forms.validate.ManagePasswordOptionsValidationFormTest</className>
          <testName>allValuesPopulatedHappyPath</testName>
          <skipped>false</skipped>
          <failedSince>0</failedSince>
        </case>
      </cases>
    </suite>
    <suite>
      <file>/var/lib/jenkins/jobs/ORCID-push_checker/workspace/orcid-web/target/surefire-reports/TEST-org.orcid.frontend.web.forms.validate.ResetPasswordFormValidatorTest.xml</file>
      <name>org.orcid.frontend.web.forms.validate.ResetPasswordFormValidatorTest</name>
      <duration>0.019</duration>
      <cases>
        <case>
          <duration>0.019</duration>
          <className>org.orcid.frontend.web.forms.validate.ResetPasswordFormValidatorTest</className>
          <testName>testEmailEmpty</testName>
          <skipped>false</skipped>
          <failedSince>0</failedSince>
        </case>
        <case>
          <duration>0.0</duration>
          <className>org.orcid.frontend.web.forms.validate.ResetPasswordFormValidatorTest</className>
          <testName>testEmailInvalidFormat</testName>
          <skipped>false</skipped>
          <failedSince>0</failedSince>
        </case>
      </cases>
    </suite>
    <suite>
      <file>/var/lib/jenkins/jobs/ORCID-push_checker/workspace/orcid-web/target/surefire-reports/TEST-org.orcid.frontend.web.security.AuthenticationManagerTest.xml</file>
      <name>org.orcid.frontend.web.security.AuthenticationManagerTest</name>
      <duration>0.418</duration>
      <cases>
        <case>
          <duration>0.418</duration>
          <className>org.orcid.frontend.web.security.AuthenticationManagerTest</className>
          <testName>testSuccessfullAuthentication</testName>
          <skipped>false</skipped>
          <failedSince>0</failedSince>
        </case>
      </cases>
    </suite>
  </suites>
  <duration>24.409</duration>
  <keepLongStdio>false</keepLongStdio>
</result>