<?xml version='1.0' encoding='UTF-8'?>
<result plugin="junit@1.11">
  <suites>
    <suite>
      <file>/var/lib/jenkins/jobs/ORCID-push_checker/workspace/orcid-pub-web/target/surefire-reports/TEST-org.orcid.api.publicV2.server.PublicV2ApiServiceDelegatorTest.xml</file>
      <name>org.orcid.api.publicV2.server.PublicV2ApiServiceDelegatorTest</name>
      <duration>2.032</duration>
      <cases>
        <case>
          <duration>1.837</duration>
          <className>org.orcid.api.publicV2.server.PublicV2ApiServiceDelegatorTest</className>
          <testName>testFindWorksDetails</testName>
          <skipped>false</skipped>
          <failedSince>0</failedSince>
        </case>
        <case>
          <duration>0.08</duration>
          <className>org.orcid.api.publicV2.server.PublicV2ApiServiceDelegatorTest</className>
          <testName>testViewWork</testName>
          <skipped>false</skipped>
          <failedSince>0</failedSince>
        </case>
        <case>
          <duration>0.013</duration>
          <className>org.orcid.api.publicV2.server.PublicV2ApiServiceDelegatorTest</className>
          <testName>testViewFunding</testName>
          <skipped>false</skipped>
          <failedSince>0</failedSince>
        </case>
        <case>
          <duration>0.028</duration>
          <className>org.orcid.api.publicV2.server.PublicV2ApiServiceDelegatorTest</className>
          <testName>testViewEducation</testName>
          <skipped>false</skipped>
          <failedSince>0</failedSince>
        </case>
        <case>
          <duration>0.074</duration>
          <className>org.orcid.api.publicV2.server.PublicV2ApiServiceDelegatorTest</className>
          <testName>testViewEmployment</testName>
          <skipped>false</skipped>
          <failedSince>0</failedSince>
        </case>
      </cases>
    </suite>
    <suite>
      <file>/var/lib/jenkins/jobs/ORCID-push_checker/workspace/orcid-pub-web/target/surefire-reports/TEST-org.orcid.api.t1.server.T1OrcidApiServiceImplLatestMetricsTest.xml</file>
      <name>org.orcid.api.t1.server.T1OrcidApiServiceImplLatestMetricsTest</name>
      <duration>0.25799996</duration>
      <cases>
        <case>
          <duration>0.226</duration>
          <className>org.orcid.api.t1.server.T1OrcidApiServiceImplLatestMetricsTest</className>
          <testName>testCounterUnaffectedByViewStatus</testName>
          <skipped>false</skipped>
          <failedSince>0</failedSince>
        </case>
        <case>
          <duration>0.011</duration>
          <className>org.orcid.api.t1.server.T1OrcidApiServiceImplLatestMetricsTest</className>
          <testName>testViewBioDetailsHtml</testName>
          <skipped>false</skipped>
          <failedSince>0</failedSince>
        </case>
        <case>
          <duration>0.004</duration>
          <className>org.orcid.api.t1.server.T1OrcidApiServiceImplLatestMetricsTest</className>
          <testName>testViewBioDetailsXml</testName>
          <skipped>false</skipped>
          <failedSince>0</failedSince>
        </case>
        <case>
          <duration>0.0</duration>
          <className>org.orcid.api.t1.server.T1OrcidApiServiceImplLatestMetricsTest</className>
          <testName>testViewBioDetailsJson</testName>
          <skipped>false</skipped>
          <failedSince>0</failedSince>
        </case>
        <case>
          <duration>0.0</duration>
          <className>org.orcid.api.t1.server.T1OrcidApiServiceImplLatestMetricsTest</className>
          <testName>testViewExternalIdentifiersHtml</testName>
          <skipped>false</skipped>
          <failedSince>0</failedSince>
        </case>
        <case>
          <duration>0.0</duration>
          <className>org.orcid.api.t1.server.T1OrcidApiServiceImplLatestMetricsTest</className>
          <testName>testViewExternalIdentifiersXml</testName>
          <skipped>false</skipped>
          <failedSince>0</failedSince>
        </case>
        <case>
          <duration>0.0</duration>
          <className>org.orcid.api.t1.server.T1OrcidApiServiceImplLatestMetricsTest</className>
          <testName>testViewExternalIdentifiersJson</testName>
          <skipped>false</skipped>
          <failedSince>0</failedSince>
        </case>
        <case>
          <duration>0.001</duration>
          <className>org.orcid.api.t1.server.T1OrcidApiServiceImplLatestMetricsTest</className>
          <testName>testViewFullDetailsHtml</testName>
          <skipped>false</skipped>
          <failedSince>0</failedSince>
        </case>
        <case>
          <duration>0.001</duration>
          <className>org.orcid.api.t1.server.T1OrcidApiServiceImplLatestMetricsTest</className>
          <testName>testViewFullDetailsXml</testName>
          <skipped>false</skipped>
          <failedSince>0</failedSince>
        </case>
        <case>
          <duration>0.001</duration>
          <className>org.orcid.api.t1.server.T1OrcidApiServiceImplLatestMetricsTest</className>
          <testName>testViewFullDetailsJson</testName>
          <skipped>false</skipped>
          <failedSince>0</failedSince>
        </case>
        <case>
          <duration>0.001</duration>
          <className>org.orcid.api.t1.server.T1OrcidApiServiceImplLatestMetricsTest</className>
          <testName>testViewWorksDetailsHtml</testName>
          <skipped>false</skipped>
          <failedSince>0</failedSince>
        </case>
        <case>
          <duration>0.001</duration>
          <className>org.orcid.api.t1.server.T1OrcidApiServiceImplLatestMetricsTest</className>
          <testName>testViewWorksDetailsXml</testName>
          <skipped>false</skipped>
          <failedSince>0</failedSince>
        </case>
        <case>
          <duration>0.001</duration>
          <className>org.orcid.api.t1.server.T1OrcidApiServiceImplLatestMetricsTest</className>
          <testName>testViewWorksDetailsJson</testName>
          <skipped>false</skipped>
          <failedSince>0</failedSince>
        </case>
        <case>
          <duration>0.008</duration>
          <className>org.orcid.api.t1.server.T1OrcidApiServiceImplLatestMetricsTest</className>
          <testName>testSearchByQueryJSON</testName>
          <skipped>false</skipped>
          <failedSince>0</failedSince>
        </case>
        <case>
          <duration>0.001</duration>
          <className>org.orcid.api.t1.server.T1OrcidApiServiceImplLatestMetricsTest</className>
          <testName>testSearchByQueryXML</testName>
          <skipped>false</skipped>
          <failedSince>0</failedSince>
        </case>
        <case>
          <duration>0.001</duration>
          <className>org.orcid.api.t1.server.T1OrcidApiServiceImplLatestMetricsTest</className>
          <testName>testSearchByQueryXMLResultsReturned</testName>
          <skipped>false</skipped>
          <failedSince>0</failedSince>
        </case>
        <case>
          <duration>0.001</duration>
          <className>org.orcid.api.t1.server.T1OrcidApiServiceImplLatestMetricsTest</className>
          <testName>testSearchByQueryJSONResultsReturned</testName>
          <skipped>false</skipped>
          <failedSince>0</failedSince>
        </case>
      </cases>
    </suite>
    <suite>
      <file>/var/lib/jenkins/jobs/ORCID-push_checker/workspace/orcid-pub-web/target/surefire-reports/TEST-org.orcid.api.t1.stats.StatsApiServiceBaseImplTest.xml</file>
      <name>org.orcid.api.t1.stats.StatsApiServiceBaseImplTest</name>
      <duration>0.016</duration>
      <cases>
        <case>
          <duration>0.014</duration>
          <className>org.orcid.api.t1.stats.StatsApiServiceBaseImplTest</className>
          <testName>testViewStatsTimeline</testName>
          <skipped>false</skipped>
          <failedSince>0</failedSince>
        </case>
        <case>
          <duration>0.001</duration>
          <className>org.orcid.api.t1.stats.StatsApiServiceBaseImplTest</className>
          <testName>testEnumAndToStringListMatch</testName>
          <skipped>false</skipped>
          <failedSince>0</failedSince>
        </case>
        <case>
          <duration>0.001</duration>
          <className>org.orcid.api.t1.stats.StatsApiServiceBaseImplTest</className>
          <testName>testViewStatsSummary</testName>
          <skipped>false</skipped>
          <failedSince>0</failedSince>
        </case>
      </cases>
    </suite>
  </suites>
  <duration>2.306</duration>
  <keepLongStdio>false</keepLongStdio>
</result>